#-----------------------------------------------------------
# Vivado v2018.2 (64-bit)
# SW Build 2258646 on Thu Jun 14 20:03:12 MDT 2018
# IP Build 2256618 on Thu Jun 14 22:10:49 MDT 2018
# Start of session at: Thu Jan  3 08:43:48 2019
# Process ID: 10972
# Current directory: C:/MyFiles/PYNQ_Ball_and_Plate_Sysyem/vivado_proj/ZYNQ_ctrl
# Command line: vivado.exe -gui_launcher_event rodinguilauncherevent2884 C:\MyFiles\PYNQ_Ball_and_Plate_Sysyem\vivado_proj\ZYNQ_ctrl\ZYNQ_ctrl.xpr
# Log file: C:/MyFiles/PYNQ_Ball_and_Plate_Sysyem/vivado_proj/ZYNQ_ctrl/vivado.log
# Journal file: C:/MyFiles/PYNQ_Ball_and_Plate_Sysyem/vivado_proj/ZYNQ_ctrl\vivado.jou
#-----------------------------------------------------------
start_gui
open_project C:/MyFiles/PYNQ_Ball_and_Plate_Sysyem/vivado_proj/ZYNQ_ctrl/ZYNQ_ctrl.xpr
Scanning sources...
Finished scanning sources
INFO: [IP_Flow 19-234] Refreshing IP repositories
INFO: [IP_Flow 19-1700] Loaded user IP repository 'c:/MyFiles/PYNQ_Ball_and_Plate_Sysyem/repo'.
INFO: [IP_Flow 19-2313] Loaded Vivado IP repository 'C:/Xilinx/Vivado/2018.2/data/ip'.
open_project: Time (s): cpu = 00:00:23 ; elapsed = 00:00:16 . Memory (MB): peak = 880.938 ; gain = 155.992
update_compile_order -fileset sources_1
open_bd_design {C:/MyFiles/PYNQ_Ball_and_Plate_Sysyem/vivado_proj/ZYNQ_ctrl/ZYNQ_ctrl.srcs/sources_1/bd/design_1/design_1.bd}
Adding cell -- xilinx.com:ip:processing_system7:5.5 - processing_system7_0
Adding cell -- xilinx.com:ip:axi_uartlite:2.0 - axi_uartlite_0
Adding cell -- xilinx.com:ip:axi_iic:2.0 - axi_iic_0
Adding cell -- xilinx.com:ip:proc_sys_reset:5.0 - rst_ps7_0_100M
Adding cell -- xilinx.com:ip:xlconcat:2.1 - xlconcat_0
Adding cell -- starrynightzyq.com:user:servo:1.0 - servo_0
Adding cell -- xilinx.com:ip:axi_uartlite:2.0 - axi_uartlite_1
Adding cell -- xilinx.com:ip:axi_crossbar:2.1 - xbar
Adding cell -- xilinx.com:ip:axi_protocol_converter:2.1 - auto_pc
Successfully read diagram <design_1> from BD file <C:/MyFiles/PYNQ_Ball_and_Plate_Sysyem/vivado_proj/ZYNQ_ctrl/ZYNQ_ctrl.srcs/sources_1/bd/design_1/design_1.bd>
open_bd_design: Time (s): cpu = 00:00:13 ; elapsed = 00:00:11 . Memory (MB): peak = 979.258 ; gain = 91.746
launch_sdk -workspace C:/MyFiles/PYNQ_Ball_and_Plate_Sysyem/vivado_proj/ZYNQ_ctrl/ZYNQ_ctrl.sdk -hwspec C:/MyFiles/PYNQ_Ball_and_Plate_Sysyem/vivado_proj/ZYNQ_ctrl/ZYNQ_ctrl.sdk/design_1_wrapper.hdf
INFO: [Vivado 12-393] Launching SDK...
INFO: [Vivado 12-417] Running xsdk -workspace C:/MyFiles/PYNQ_Ball_and_Plate_Sysyem/vivado_proj/ZYNQ_ctrl/ZYNQ_ctrl.sdk -hwspec C:/MyFiles/PYNQ_Ball_and_Plate_Sysyem/vivado_proj/ZYNQ_ctrl/ZYNQ_ctrl.sdk/design_1_wrapper.hdf
INFO: [Vivado 12-3157] SDK launch initiated. Please check console for any further messages.
exit
INFO: [Common 17-206] Exiting Vivado at Thu Jan  3 08:49:38 2019...
