#-----------------------------------------------------------
# Webtalk v2018.2 (64-bit)
# SW Build 2258646 on Thu Jun 14 20:03:12 MDT 2018
# 
# Start of session at: Wed Jan  2 19:39:37 2019
# Process ID: 1320
# Current directory: F:/dachuang/ZYNQ_ctrl/ZYNQ_ctrl.sdk/webtalk
# Command line: wbtcv.exe -mode batch -source sdk_webtalk.tcl
# Log file: F:/dachuang/ZYNQ_ctrl/ZYNQ_ctrl.sdk/webtalk/webtalk.log
# Journal file: F:/dachuang/ZYNQ_ctrl/ZYNQ_ctrl.sdk/webtalk\webtalk.jou
#-----------------------------------------------------------
source sdk_webtalk.tcl
# webtalk_init -webtalk_dir F:\\dachuang\\ZYNQ_ctrl\\ZYNQ_ctrl.sdk\\webtalk
# webtalk_register_client -client project
# webtalk_add_data -client project -key date_generated -value "2019-01-02 19:39:35" -context "software_version_and_target_device"
# webtalk_add_data -client project -key product_version -value "SDK v2018.2" -context "software_version_and_target_device"
# webtalk_add_data -client project -key build_version -value "2018.2" -context "software_version_and_target_device"
# webtalk_add_data -client project -key os_platform -value "amd64" -context "software_version_and_target_device"
# webtalk_add_data -client project -key registration_id -value "" -context "software_version_and_target_device"
# webtalk_add_data -client project -key tool_flow -value "SDK" -context "software_version_and_target_device"
# webtalk_add_data -client project -key beta -value "false" -context "software_version_and_target_device"
# webtalk_add_data -client project -key route_design -value "NA" -context "software_version_and_target_device"
# webtalk_add_data -client project -key target_family -value "NA" -context "software_version_and_target_device"
# webtalk_add_data -client project -key target_device -value "NA" -context "software_version_and_target_device"
# webtalk_add_data -client project -key target_package -value "NA" -context "software_version_and_target_device"
# webtalk_add_data -client project -key target_speed -value "NA" -context "software_version_and_target_device"
# webtalk_add_data -client project -key random_id -value "3rbqo80gpultnt8er21efbhp6a" -context "software_version_and_target_device"
# webtalk_add_data -client project -key project_id -value "2018.2_17" -context "software_version_and_target_device"
# webtalk_add_data -client project -key project_iteration -value "17" -context "software_version_and_target_device"
# webtalk_add_data -client project -key os_name -value "Microsoft Windows 8 or later , 64-bit" -context "user_environment"
# webtalk_add_data -client project -key os_release -value "major release  (build 9200)" -context "user_environment"
# webtalk_add_data -client project -key cpu_name -value "Intel(R) Core(TM) i7-4720HQ CPU @ 2.60GHz" -context "user_environment"
# webtalk_add_data -client project -key cpu_speed -value "2594 MHz" -context "user_environment"
# webtalk_add_data -client project -key total_processors -value "1" -context "user_environment"
# webtalk_add_data -client project -key system_ram -value "8.473 GB" -context "user_environment"
# webtalk_register_client -client sdk
# webtalk_add_data -client sdk -key uid -value "1546424321160" -context "sdk\\\\bsp/1546424321160"
# webtalk_add_data -client sdk -key hwid -value "1546422484532" -context "sdk\\\\bsp/1546424321160"
# webtalk_add_data -client sdk -key os -value "standalone" -context "sdk\\\\bsp/1546424321160"
# webtalk_add_data -client sdk -key apptemplate -value "null" -context "sdk\\\\bsp/1546424321160"
# webtalk_add_data -client sdk -key RecordType -value "BSPCreation" -context "sdk\\\\bsp/1546424321160"
# webtalk_add_data -client sdk -key uid -value "NA" -context "sdk\\\\bsp/1546429175942"
# webtalk_add_data -client sdk -key RecordType -value "ToolUsage" -context "sdk\\\\bsp/1546429175942"
# webtalk_add_data -client sdk -key BootgenCount -value "0" -context "sdk\\\\bsp/1546429175942"
# webtalk_add_data -client sdk -key DebugCount -value "2" -context "sdk\\\\bsp/1546429175942"
# webtalk_add_data -client sdk -key PerfCount -value "0" -context "sdk\\\\bsp/1546429175942"
# webtalk_add_data -client sdk -key FlashCount -value "0" -context "sdk\\\\bsp/1546429175942"
# webtalk_add_data -client sdk -key CrossTriggCount -value "0" -context "sdk\\\\bsp/1546429175942"
# webtalk_add_data -client sdk -key QemuDebugCount -value "0" -context "sdk\\\\bsp/1546429175942"
# webtalk_transmit -clientid 3383977196 -regid "" -xml F:\\dachuang\\ZYNQ_ctrl\\ZYNQ_ctrl.sdk\\webtalk\\usage_statistics_ext_sdk.xml -html F:\\dachuang\\ZYNQ_ctrl\\ZYNQ_ctrl.sdk\\webtalk\\usage_statistics_ext_sdk.html -wdm F:\\dachuang\\ZYNQ_ctrl\\ZYNQ_ctrl.sdk\\webtalk\\sdk_webtalk.wdm -intro "<H3>SDK Usage Report</H3><BR>"
# webtalk_terminate
INFO: [Common 17-206] Exiting Webtalk at Wed Jan  2 19:39:44 2019...
