
*** Running vivado
    with args -log system_wrapper.vdi -applog -m64 -product Vivado -messageDb vivado.pb -mode batch -source system_wrapper.tcl -notrace


****** Vivado v2017.4 (64-bit)
  **** SW Build 2086221 on Fri Dec 15 20:55:39 MST 2017
  **** IP Build 2085800 on Fri Dec 15 22:25:07 MST 2017
    ** Copyright 1986-2017 Xilinx, Inc. All Rights Reserved.

source system_wrapper.tcl -notrace
INFO: [IP_Flow 19-234] Refreshing IP repositories
INFO: [IP_Flow 19-1700] Loaded user IP repository 'e:/ov5640_single/repo'.
INFO: [IP_Flow 19-2313] Loaded Vivado IP repository 'C:/Xilinx/Vivado/2017.4/data/ip'.
add_files: Time (s): cpu = 00:00:07 ; elapsed = 00:00:08 . Memory (MB): peak = 351.590 ; gain = 74.496
Command: link_design -top system_wrapper -part xc7z010clg400-2
Design is defaulting to srcset: sources_1
Design is defaulting to constrset: constrs_1
INFO: [Project 1-454] Reading design checkpoint 'e:/ov5640_single/ov5640_single.srcs/sources_1/bd/system/ip/system_alinx_ov5640_0_0/system_alinx_ov5640_0_0.dcp' for cell 'system_i/alinx_ov5640_0'
INFO: [Project 1-454] Reading design checkpoint 'e:/ov5640_single/ov5640_single.srcs/sources_1/bd/system/ip/system_axi_dynclk_0_0/system_axi_dynclk_0_0.dcp' for cell 'system_i/axi_dynclk_0'
INFO: [Project 1-454] Reading design checkpoint 'e:/ov5640_single/ov5640_single.srcs/sources_1/bd/system/ip/system_axi_vdma_0_0/system_axi_vdma_0_0.dcp' for cell 'system_i/axi_vdma_0'
INFO: [Project 1-454] Reading design checkpoint 'e:/ov5640_single/ov5640_single.srcs/sources_1/bd/system/ip/system_axi_vdma_1_0/system_axi_vdma_1_0.dcp' for cell 'system_i/axi_vdma_1'
INFO: [Project 1-454] Reading design checkpoint 'e:/ov5640_single/ov5640_single.srcs/sources_1/bd/system/ip/system_axis_subset_converter_0_1/system_axis_subset_converter_0_1.dcp' for cell 'system_i/axis_subset_converter_0'
INFO: [Project 1-454] Reading design checkpoint 'e:/ov5640_single/ov5640_single.srcs/sources_1/bd/system/ip/system_clk_wiz_0_0/system_clk_wiz_0_0.dcp' for cell 'system_i/clk_wiz_0'
INFO: [Project 1-454] Reading design checkpoint 'e:/ov5640_single/ov5640_single.srcs/sources_1/bd/system/ip/system_axi_gpio_0_0/system_axi_gpio_0_0.dcp' for cell 'system_i/cmos_rst'
INFO: [Project 1-454] Reading design checkpoint 'e:/ov5640_single/ov5640_single.srcs/sources_1/bd/system/ip/system_processing_system7_0_0/system_processing_system7_0_0.dcp' for cell 'system_i/processing_system7_0'
INFO: [Project 1-454] Reading design checkpoint 'e:/ov5640_single/ov5640_single.srcs/sources_1/bd/system/ip/system_rgb2dvi_0_0/system_rgb2dvi_0_0.dcp' for cell 'system_i/rgb2dvi_0'
INFO: [Project 1-454] Reading design checkpoint 'e:/ov5640_single/ov5640_single.srcs/sources_1/bd/system/ip/system_rst_processing_system7_0_100M_0/system_rst_processing_system7_0_100M_0.dcp' for cell 'system_i/rst_processing_system7_0_100M'
INFO: [Project 1-454] Reading design checkpoint 'e:/ov5640_single/ov5640_single.srcs/sources_1/bd/system/ip/system_rst_processing_system7_0_150M_0/system_rst_processing_system7_0_150M_0.dcp' for cell 'system_i/rst_processing_system7_0_150M'
INFO: [Project 1-454] Reading design checkpoint 'e:/ov5640_single/ov5640_single.srcs/sources_1/bd/system/ip/system_v_axi4s_vid_out_0_0/system_v_axi4s_vid_out_0_0.dcp' for cell 'system_i/v_axi4s_vid_out_0'
INFO: [Project 1-454] Reading design checkpoint 'e:/ov5640_single/ov5640_single.srcs/sources_1/bd/system/ip/system_v_tc_0_0/system_v_tc_0_0.dcp' for cell 'system_i/v_tc_0'
INFO: [Project 1-454] Reading design checkpoint 'e:/ov5640_single/ov5640_single.srcs/sources_1/bd/system/ip/system_xlconcat_0_0/system_xlconcat_0_0.dcp' for cell 'system_i/xlconcat_0'
INFO: [Project 1-454] Reading design checkpoint 'e:/ov5640_single/ov5640_single.srcs/sources_1/bd/system/ip/system_xlconstant_1_0/system_xlconstant_1_0.dcp' for cell 'system_i/xlconstant_1'
INFO: [Project 1-454] Reading design checkpoint 'e:/ov5640_single/ov5640_single.srcs/sources_1/bd/system/ip/system_xlconstant_1_1/system_xlconstant_1_1.dcp' for cell 'system_i/xlconstant_2'
INFO: [Project 1-454] Reading design checkpoint 'e:/ov5640_single/ov5640_single.srcs/sources_1/bd/system/ip/system_xlconstant_2_0/system_xlconstant_2_0.dcp' for cell 'system_i/xlconstant_3'
INFO: [Project 1-454] Reading design checkpoint 'e:/ov5640_single/ov5640_single.srcs/sources_1/bd/system/ip/system_xbar_0/system_xbar_0.dcp' for cell 'system_i/axi_mem_intercon/xbar'
INFO: [Project 1-454] Reading design checkpoint 'e:/ov5640_single/ov5640_single.srcs/sources_1/bd/system/ip/system_auto_pc_0/system_auto_pc_0.dcp' for cell 'system_i/axi_mem_intercon/m00_couplers/auto_pc'
INFO: [Project 1-454] Reading design checkpoint 'e:/ov5640_single/ov5640_single.srcs/sources_1/bd/system/ip/system_xbar_1/system_xbar_1.dcp' for cell 'system_i/processing_system7_0_axi_periph/xbar'
INFO: [Project 1-454] Reading design checkpoint 'e:/ov5640_single/ov5640_single.srcs/sources_1/bd/system/ip/system_auto_pc_1/system_auto_pc_1.dcp' for cell 'system_i/processing_system7_0_axi_periph/s00_couplers/auto_pc'
INFO: [Netlist 29-17] Analyzing 618 Unisim elements for replacement
INFO: [Netlist 29-28] Unisim Transformation completed in 0 CPU seconds
INFO: [Project 1-479] Netlist was created with Vivado 2017.4
INFO: [Device 21-403] Loading part xc7z010clg400-2
INFO: [Project 1-570] Preparing netlist for logic optimization
WARNING: [Opt 31-32] Removing redundant IBUF since it is not being driven by a top-level port. system_i/clk_wiz_0/inst/clkin1_ibufg 
Resolution: The tool has removed redundant IBUF. To resolve this warning, check for redundant IBUF in the input design.
WARNING: [Constraints 18-550] Could not create 'IBUF_LOW_PWR' constraint because net 'system_i/clk_wiz_0/clk_in1' is not directly connected to top level port. 'IBUF_LOW_PWR' is ignored by Vivado but preserved for implementation tool. [E:/ov5640_single/ov5640_single.runs/impl_1/.Xil/Vivado-11880-LAOLUO-PC/dcp17/system_clk_wiz_0_0.edf:297]
INFO: [Chipscope 16-324] Core: system_i/alinx_ov5640_0/inst/ila.ila_0_m0 UUID: 7641b5ec-8d11-5ac8-b645-66eee4f25010 
Parsing XDC File [e:/ov5640_single/ov5640_single.srcs/sources_1/bd/system/ip/system_alinx_ov5640_0_0/src/ila_0/ila_v6_2/constraints/ila.xdc] for cell 'system_i/alinx_ov5640_0/inst/ila.ila_0_m0/inst'
Finished Parsing XDC File [e:/ov5640_single/ov5640_single.srcs/sources_1/bd/system/ip/system_alinx_ov5640_0_0/src/ila_0/ila_v6_2/constraints/ila.xdc] for cell 'system_i/alinx_ov5640_0/inst/ila.ila_0_m0/inst'
Parsing XDC File [e:/ov5640_single/ov5640_single.srcs/sources_1/bd/system/ip/system_axi_vdma_0_0/system_axi_vdma_0_0.xdc] for cell 'system_i/axi_vdma_0/U0'
Finished Parsing XDC File [e:/ov5640_single/ov5640_single.srcs/sources_1/bd/system/ip/system_axi_vdma_0_0/system_axi_vdma_0_0.xdc] for cell 'system_i/axi_vdma_0/U0'
Parsing XDC File [e:/ov5640_single/ov5640_single.srcs/sources_1/bd/system/ip/system_axi_vdma_1_0/system_axi_vdma_1_0.xdc] for cell 'system_i/axi_vdma_1/U0'
Finished Parsing XDC File [e:/ov5640_single/ov5640_single.srcs/sources_1/bd/system/ip/system_axi_vdma_1_0/system_axi_vdma_1_0.xdc] for cell 'system_i/axi_vdma_1/U0'
Parsing XDC File [e:/ov5640_single/ov5640_single.srcs/sources_1/bd/system/ip/system_processing_system7_0_0/system_processing_system7_0_0.xdc] for cell 'system_i/processing_system7_0/inst'
Finished Parsing XDC File [e:/ov5640_single/ov5640_single.srcs/sources_1/bd/system/ip/system_processing_system7_0_0/system_processing_system7_0_0.xdc] for cell 'system_i/processing_system7_0/inst'
Parsing XDC File [e:/ov5640_single/ov5640_single.srcs/sources_1/bd/system/ip/system_rst_processing_system7_0_100M_0/system_rst_processing_system7_0_100M_0_board.xdc] for cell 'system_i/rst_processing_system7_0_100M/U0'
Finished Parsing XDC File [e:/ov5640_single/ov5640_single.srcs/sources_1/bd/system/ip/system_rst_processing_system7_0_100M_0/system_rst_processing_system7_0_100M_0_board.xdc] for cell 'system_i/rst_processing_system7_0_100M/U0'
Parsing XDC File [e:/ov5640_single/ov5640_single.srcs/sources_1/bd/system/ip/system_rst_processing_system7_0_100M_0/system_rst_processing_system7_0_100M_0.xdc] for cell 'system_i/rst_processing_system7_0_100M/U0'
Finished Parsing XDC File [e:/ov5640_single/ov5640_single.srcs/sources_1/bd/system/ip/system_rst_processing_system7_0_100M_0/system_rst_processing_system7_0_100M_0.xdc] for cell 'system_i/rst_processing_system7_0_100M/U0'
Parsing XDC File [e:/ov5640_single/ov5640_single.srcs/sources_1/bd/system/ip/system_rst_processing_system7_0_150M_0/system_rst_processing_system7_0_150M_0_board.xdc] for cell 'system_i/rst_processing_system7_0_150M/U0'
Finished Parsing XDC File [e:/ov5640_single/ov5640_single.srcs/sources_1/bd/system/ip/system_rst_processing_system7_0_150M_0/system_rst_processing_system7_0_150M_0_board.xdc] for cell 'system_i/rst_processing_system7_0_150M/U0'
Parsing XDC File [e:/ov5640_single/ov5640_single.srcs/sources_1/bd/system/ip/system_rst_processing_system7_0_150M_0/system_rst_processing_system7_0_150M_0.xdc] for cell 'system_i/rst_processing_system7_0_150M/U0'
Finished Parsing XDC File [e:/ov5640_single/ov5640_single.srcs/sources_1/bd/system/ip/system_rst_processing_system7_0_150M_0/system_rst_processing_system7_0_150M_0.xdc] for cell 'system_i/rst_processing_system7_0_150M/U0'
Parsing XDC File [e:/ov5640_single/ov5640_single.srcs/sources_1/bd/system/ip/system_rgb2dvi_0_0/src/rgb2dvi.xdc] for cell 'system_i/rgb2dvi_0/U0'
Finished Parsing XDC File [e:/ov5640_single/ov5640_single.srcs/sources_1/bd/system/ip/system_rgb2dvi_0_0/src/rgb2dvi.xdc] for cell 'system_i/rgb2dvi_0/U0'
Parsing XDC File [e:/ov5640_single/ov5640_single.srcs/sources_1/bd/system/ip/system_axi_gpio_0_0/system_axi_gpio_0_0_board.xdc] for cell 'system_i/cmos_rst/U0'
Finished Parsing XDC File [e:/ov5640_single/ov5640_single.srcs/sources_1/bd/system/ip/system_axi_gpio_0_0/system_axi_gpio_0_0_board.xdc] for cell 'system_i/cmos_rst/U0'
Parsing XDC File [e:/ov5640_single/ov5640_single.srcs/sources_1/bd/system/ip/system_axi_gpio_0_0/system_axi_gpio_0_0.xdc] for cell 'system_i/cmos_rst/U0'
Finished Parsing XDC File [e:/ov5640_single/ov5640_single.srcs/sources_1/bd/system/ip/system_axi_gpio_0_0/system_axi_gpio_0_0.xdc] for cell 'system_i/cmos_rst/U0'
Parsing XDC File [e:/ov5640_single/ov5640_single.srcs/sources_1/bd/system/ip/system_clk_wiz_0_0/system_clk_wiz_0_0_board.xdc] for cell 'system_i/clk_wiz_0/inst'
Finished Parsing XDC File [e:/ov5640_single/ov5640_single.srcs/sources_1/bd/system/ip/system_clk_wiz_0_0/system_clk_wiz_0_0_board.xdc] for cell 'system_i/clk_wiz_0/inst'
Parsing XDC File [e:/ov5640_single/ov5640_single.srcs/sources_1/bd/system/ip/system_clk_wiz_0_0/system_clk_wiz_0_0.xdc] for cell 'system_i/clk_wiz_0/inst'
INFO: [Timing 38-35] Done setting XDC timing constraints. [e:/ov5640_single/ov5640_single.srcs/sources_1/bd/system/ip/system_clk_wiz_0_0/system_clk_wiz_0_0.xdc:57]
INFO: [Timing 38-2] Deriving generated clocks [e:/ov5640_single/ov5640_single.srcs/sources_1/bd/system/ip/system_clk_wiz_0_0/system_clk_wiz_0_0.xdc:57]
get_clocks: Time (s): cpu = 00:00:12 ; elapsed = 00:00:12 . Memory (MB): peak = 1321.863 ; gain = 546.719
Finished Parsing XDC File [e:/ov5640_single/ov5640_single.srcs/sources_1/bd/system/ip/system_clk_wiz_0_0/system_clk_wiz_0_0.xdc] for cell 'system_i/clk_wiz_0/inst'
Parsing XDC File [E:/ov5640_single/ov5640_single.srcs/constrs_1/new/system.xdc]
Finished Parsing XDC File [E:/ov5640_single/ov5640_single.srcs/constrs_1/new/system.xdc]
Parsing XDC File [E:/ov5640_single/ov5640_single.srcs/constrs_1/new/hdmi_out.xdc]
Finished Parsing XDC File [E:/ov5640_single/ov5640_single.srcs/constrs_1/new/hdmi_out.xdc]
Parsing XDC File [E:/ov5640_single/ov5640_single.srcs/constrs_1/new/an5642.xdc]
Finished Parsing XDC File [E:/ov5640_single/ov5640_single.srcs/constrs_1/new/an5642.xdc]
INFO: [Project 1-538] Using original IP XDC constraints instead of the XDC constraints in dcp 'e:/ov5640_single/ov5640_single.srcs/sources_1/bd/system/ip/system_alinx_ov5640_0_0/system_alinx_ov5640_0_0.dcp'
INFO: [Project 1-538] Using original IP XDC constraints instead of the XDC constraints in dcp 'e:/ov5640_single/ov5640_single.srcs/sources_1/bd/system/ip/system_axi_vdma_0_0/system_axi_vdma_0_0.dcp'
INFO: [Project 1-538] Using original IP XDC constraints instead of the XDC constraints in dcp 'e:/ov5640_single/ov5640_single.srcs/sources_1/bd/system/ip/system_axi_vdma_1_0/system_axi_vdma_1_0.dcp'
INFO: [Project 1-538] Using original IP XDC constraints instead of the XDC constraints in dcp 'e:/ov5640_single/ov5640_single.srcs/sources_1/bd/system/ip/system_v_axi4s_vid_out_0_0/system_v_axi4s_vid_out_0_0.dcp'
INFO: [Project 1-538] Using original IP XDC constraints instead of the XDC constraints in dcp 'e:/ov5640_single/ov5640_single.srcs/sources_1/bd/system/ip/system_auto_pc_0/system_auto_pc_0.dcp'
Parsing XDC File [e:/ov5640_single/ov5640_single.srcs/sources_1/bd/system/ip/system_axi_vdma_0_0/system_axi_vdma_0_0_clocks.xdc] for cell 'system_i/axi_vdma_0/U0'
Finished Parsing XDC File [e:/ov5640_single/ov5640_single.srcs/sources_1/bd/system/ip/system_axi_vdma_0_0/system_axi_vdma_0_0_clocks.xdc] for cell 'system_i/axi_vdma_0/U0'
Parsing XDC File [e:/ov5640_single/ov5640_single.srcs/sources_1/bd/system/ip/system_axi_vdma_1_0/system_axi_vdma_1_0_clocks.xdc] for cell 'system_i/axi_vdma_1/U0'
Finished Parsing XDC File [e:/ov5640_single/ov5640_single.srcs/sources_1/bd/system/ip/system_axi_vdma_1_0/system_axi_vdma_1_0_clocks.xdc] for cell 'system_i/axi_vdma_1/U0'
Parsing XDC File [e:/ov5640_single/ov5640_single.srcs/sources_1/bd/system/ip/system_v_axi4s_vid_out_0_0/system_v_axi4s_vid_out_0_0_clocks.xdc] for cell 'system_i/v_axi4s_vid_out_0/inst'
Finished Parsing XDC File [e:/ov5640_single/ov5640_single.srcs/sources_1/bd/system/ip/system_v_axi4s_vid_out_0_0/system_v_axi4s_vid_out_0_0_clocks.xdc] for cell 'system_i/v_axi4s_vid_out_0/inst'
Parsing XDC File [e:/ov5640_single/ov5640_single.srcs/sources_1/bd/system/ip/system_v_tc_0_0/system_v_tc_0_0_clocks.xdc] for cell 'system_i/v_tc_0/U0'
Finished Parsing XDC File [e:/ov5640_single/ov5640_single.srcs/sources_1/bd/system/ip/system_v_tc_0_0/system_v_tc_0_0_clocks.xdc] for cell 'system_i/v_tc_0/U0'
Parsing XDC File [e:/ov5640_single/ov5640_single.srcs/sources_1/bd/system/ip/system_rgb2dvi_0_0/src/rgb2dvi_clocks.xdc] for cell 'system_i/rgb2dvi_0/U0'
Finished Parsing XDC File [e:/ov5640_single/ov5640_single.srcs/sources_1/bd/system/ip/system_rgb2dvi_0_0/src/rgb2dvi_clocks.xdc] for cell 'system_i/rgb2dvi_0/U0'
Sourcing Tcl File [C:/Xilinx/Vivado/2017.4/data/ip/xpm/xpm_cdc/tcl/xpm_cdc_async_rst.tcl] for cell 'system_i/axi_mem_intercon/m00_couplers/auto_pc/inst/gen_axi4_axi3.axi3_conv_inst/USE_READ.USE_SPLIT_R.read_addr_inst/USE_R_CHANNEL.cmd_queue/inst/fifo_gen_inst/inst_fifo_gen/gconvfifo.rf/grf.rf/rstblk/ngwrdrst.grst.g7serrst.gnsckt_wrst.rst_wr_reg2_inst'
Finished Sourcing Tcl File [C:/Xilinx/Vivado/2017.4/data/ip/xpm/xpm_cdc/tcl/xpm_cdc_async_rst.tcl] for cell 'system_i/axi_mem_intercon/m00_couplers/auto_pc/inst/gen_axi4_axi3.axi3_conv_inst/USE_READ.USE_SPLIT_R.read_addr_inst/USE_R_CHANNEL.cmd_queue/inst/fifo_gen_inst/inst_fifo_gen/gconvfifo.rf/grf.rf/rstblk/ngwrdrst.grst.g7serrst.gnsckt_wrst.rst_wr_reg2_inst'
Sourcing Tcl File [C:/Xilinx/Vivado/2017.4/data/ip/xpm/xpm_cdc/tcl/xpm_cdc_async_rst.tcl] for cell 'system_i/axi_mem_intercon/m00_couplers/auto_pc/inst/gen_axi4_axi3.axi3_conv_inst/USE_WRITE.write_addr_inst/USE_BURSTS.cmd_queue/inst/fifo_gen_inst/inst_fifo_gen/gconvfifo.rf/grf.rf/rstblk/ngwrdrst.grst.g7serrst.gnsckt_wrst.rst_wr_reg2_inst'
Finished Sourcing Tcl File [C:/Xilinx/Vivado/2017.4/data/ip/xpm/xpm_cdc/tcl/xpm_cdc_async_rst.tcl] for cell 'system_i/axi_mem_intercon/m00_couplers/auto_pc/inst/gen_axi4_axi3.axi3_conv_inst/USE_WRITE.write_addr_inst/USE_BURSTS.cmd_queue/inst/fifo_gen_inst/inst_fifo_gen/gconvfifo.rf/grf.rf/rstblk/ngwrdrst.grst.g7serrst.gnsckt_wrst.rst_wr_reg2_inst'
Sourcing Tcl File [C:/Xilinx/Vivado/2017.4/data/ip/xpm/xpm_cdc/tcl/xpm_cdc_async_rst.tcl] for cell 'system_i/axi_mem_intercon/m00_couplers/auto_pc/inst/gen_axi4_axi3.axi3_conv_inst/USE_WRITE.write_addr_inst/USE_B_CHANNEL.cmd_b_queue/inst/fifo_gen_inst/inst_fifo_gen/gconvfifo.rf/grf.rf/rstblk/ngwrdrst.grst.g7serrst.gnsckt_wrst.rst_wr_reg2_inst'
Finished Sourcing Tcl File [C:/Xilinx/Vivado/2017.4/data/ip/xpm/xpm_cdc/tcl/xpm_cdc_async_rst.tcl] for cell 'system_i/axi_mem_intercon/m00_couplers/auto_pc/inst/gen_axi4_axi3.axi3_conv_inst/USE_WRITE.write_addr_inst/USE_B_CHANNEL.cmd_b_queue/inst/fifo_gen_inst/inst_fifo_gen/gconvfifo.rf/grf.rf/rstblk/ngwrdrst.grst.g7serrst.gnsckt_wrst.rst_wr_reg2_inst'
Sourcing Tcl File [C:/Xilinx/Vivado/2017.4/data/ip/xpm/xpm_cdc/tcl/xpm_cdc_gray.tcl] for cell 'system_i/alinx_ov5640_0/inst/xpm_fifo_async_inst/gnuram_async_fifo.xpm_fifo_base_inst/gen_cdc_pntr.rd_pntr_cdc_inst'
Finished Sourcing Tcl File [C:/Xilinx/Vivado/2017.4/data/ip/xpm/xpm_cdc/tcl/xpm_cdc_gray.tcl] for cell 'system_i/alinx_ov5640_0/inst/xpm_fifo_async_inst/gnuram_async_fifo.xpm_fifo_base_inst/gen_cdc_pntr.rd_pntr_cdc_inst'
Sourcing Tcl File [C:/Xilinx/Vivado/2017.4/data/ip/xpm/xpm_cdc/tcl/xpm_cdc_gray.tcl] for cell 'system_i/alinx_ov5640_0/inst/xpm_fifo_async_inst/gnuram_async_fifo.xpm_fifo_base_inst/gen_cdc_pntr.wr_pntr_cdc_inst'
Finished Sourcing Tcl File [C:/Xilinx/Vivado/2017.4/data/ip/xpm/xpm_cdc/tcl/xpm_cdc_gray.tcl] for cell 'system_i/alinx_ov5640_0/inst/xpm_fifo_async_inst/gnuram_async_fifo.xpm_fifo_base_inst/gen_cdc_pntr.wr_pntr_cdc_inst'
Sourcing Tcl File [C:/Xilinx/Vivado/2017.4/data/ip/xpm/xpm_cdc/tcl/xpm_cdc_gray.tcl] for cell 'system_i/alinx_ov5640_0/inst/xpm_fifo_async_inst/gnuram_async_fifo.xpm_fifo_base_inst/gen_cdc_pntr.wr_pntr_cdc_dc_inst'
Finished Sourcing Tcl File [C:/Xilinx/Vivado/2017.4/data/ip/xpm/xpm_cdc/tcl/xpm_cdc_gray.tcl] for cell 'system_i/alinx_ov5640_0/inst/xpm_fifo_async_inst/gnuram_async_fifo.xpm_fifo_base_inst/gen_cdc_pntr.wr_pntr_cdc_dc_inst'
Sourcing Tcl File [C:/Xilinx/Vivado/2017.4/data/ip/xpm/xpm_cdc/tcl/xpm_cdc_gray.tcl] for cell 'system_i/alinx_ov5640_0/inst/xpm_fifo_async_inst/gnuram_async_fifo.xpm_fifo_base_inst/gen_cdc_pntr.rd_pntr_cdc_dc_inst'
Finished Sourcing Tcl File [C:/Xilinx/Vivado/2017.4/data/ip/xpm/xpm_cdc/tcl/xpm_cdc_gray.tcl] for cell 'system_i/alinx_ov5640_0/inst/xpm_fifo_async_inst/gnuram_async_fifo.xpm_fifo_base_inst/gen_cdc_pntr.rd_pntr_cdc_dc_inst'
Sourcing Tcl File [C:/Xilinx/Vivado/2017.4/data/ip/xpm/xpm_cdc/tcl/xpm_cdc_gray.tcl] for cell 'system_i/v_axi4s_vid_out_0/inst/COUPLER_INST/generate_async_fifo.FIFO_INST/XPM_FIFO_ASYNC_INST/gnuram_async_fifo.xpm_fifo_base_inst/gen_cdc_pntr.rd_pntr_cdc_inst'
Finished Sourcing Tcl File [C:/Xilinx/Vivado/2017.4/data/ip/xpm/xpm_cdc/tcl/xpm_cdc_gray.tcl] for cell 'system_i/v_axi4s_vid_out_0/inst/COUPLER_INST/generate_async_fifo.FIFO_INST/XPM_FIFO_ASYNC_INST/gnuram_async_fifo.xpm_fifo_base_inst/gen_cdc_pntr.rd_pntr_cdc_inst'
Sourcing Tcl File [C:/Xilinx/Vivado/2017.4/data/ip/xpm/xpm_cdc/tcl/xpm_cdc_gray.tcl] for cell 'system_i/v_axi4s_vid_out_0/inst/COUPLER_INST/generate_async_fifo.FIFO_INST/XPM_FIFO_ASYNC_INST/gnuram_async_fifo.xpm_fifo_base_inst/gen_cdc_pntr.wr_pntr_cdc_inst'
Finished Sourcing Tcl File [C:/Xilinx/Vivado/2017.4/data/ip/xpm/xpm_cdc/tcl/xpm_cdc_gray.tcl] for cell 'system_i/v_axi4s_vid_out_0/inst/COUPLER_INST/generate_async_fifo.FIFO_INST/XPM_FIFO_ASYNC_INST/gnuram_async_fifo.xpm_fifo_base_inst/gen_cdc_pntr.wr_pntr_cdc_inst'
Sourcing Tcl File [C:/Xilinx/Vivado/2017.4/data/ip/xpm/xpm_cdc/tcl/xpm_cdc_gray.tcl] for cell 'system_i/v_axi4s_vid_out_0/inst/COUPLER_INST/generate_async_fifo.FIFO_INST/XPM_FIFO_ASYNC_INST/gnuram_async_fifo.xpm_fifo_base_inst/gen_cdc_pntr.wr_pntr_cdc_dc_inst'
Finished Sourcing Tcl File [C:/Xilinx/Vivado/2017.4/data/ip/xpm/xpm_cdc/tcl/xpm_cdc_gray.tcl] for cell 'system_i/v_axi4s_vid_out_0/inst/COUPLER_INST/generate_async_fifo.FIFO_INST/XPM_FIFO_ASYNC_INST/gnuram_async_fifo.xpm_fifo_base_inst/gen_cdc_pntr.wr_pntr_cdc_dc_inst'
Sourcing Tcl File [C:/Xilinx/Vivado/2017.4/data/ip/xpm/xpm_cdc/tcl/xpm_cdc_gray.tcl] for cell 'system_i/v_axi4s_vid_out_0/inst/COUPLER_INST/generate_async_fifo.FIFO_INST/XPM_FIFO_ASYNC_INST/gnuram_async_fifo.xpm_fifo_base_inst/gen_cdc_pntr.rd_pntr_cdc_dc_inst'
Finished Sourcing Tcl File [C:/Xilinx/Vivado/2017.4/data/ip/xpm/xpm_cdc/tcl/xpm_cdc_gray.tcl] for cell 'system_i/v_axi4s_vid_out_0/inst/COUPLER_INST/generate_async_fifo.FIFO_INST/XPM_FIFO_ASYNC_INST/gnuram_async_fifo.xpm_fifo_base_inst/gen_cdc_pntr.rd_pntr_cdc_dc_inst'
Sourcing Tcl File [C:/Xilinx/Vivado/2017.4/data/ip/xpm/xpm_cdc/tcl/xpm_cdc_single.tcl] for cell 'system_i/v_axi4s_vid_out_0/inst/CDC_SINGLE_REMAP_UNDERFLOW_INST/xpm_cdc_single_inst'
Finished Sourcing Tcl File [C:/Xilinx/Vivado/2017.4/data/ip/xpm/xpm_cdc/tcl/xpm_cdc_single.tcl] for cell 'system_i/v_axi4s_vid_out_0/inst/CDC_SINGLE_REMAP_UNDERFLOW_INST/xpm_cdc_single_inst'
Sourcing Tcl File [C:/Xilinx/Vivado/2017.4/data/ip/xpm/xpm_cdc/tcl/xpm_cdc_sync_rst.tcl] for cell 'system_i/alinx_ov5640_0/inst/xpm_fifo_async_inst/gnuram_async_fifo.xpm_fifo_base_inst/xpm_fifo_rst_inst/gen_rst_ic.rrst_wr_inst'
Finished Sourcing Tcl File [C:/Xilinx/Vivado/2017.4/data/ip/xpm/xpm_cdc/tcl/xpm_cdc_sync_rst.tcl] for cell 'system_i/alinx_ov5640_0/inst/xpm_fifo_async_inst/gnuram_async_fifo.xpm_fifo_base_inst/xpm_fifo_rst_inst/gen_rst_ic.rrst_wr_inst'
Sourcing Tcl File [C:/Xilinx/Vivado/2017.4/data/ip/xpm/xpm_cdc/tcl/xpm_cdc_sync_rst.tcl] for cell 'system_i/alinx_ov5640_0/inst/xpm_fifo_async_inst/gnuram_async_fifo.xpm_fifo_base_inst/xpm_fifo_rst_inst/gen_rst_ic.wrst_rd_inst'
Finished Sourcing Tcl File [C:/Xilinx/Vivado/2017.4/data/ip/xpm/xpm_cdc/tcl/xpm_cdc_sync_rst.tcl] for cell 'system_i/alinx_ov5640_0/inst/xpm_fifo_async_inst/gnuram_async_fifo.xpm_fifo_base_inst/xpm_fifo_rst_inst/gen_rst_ic.wrst_rd_inst'
Sourcing Tcl File [C:/Xilinx/Vivado/2017.4/data/ip/xpm/xpm_cdc/tcl/xpm_cdc_sync_rst.tcl] for cell 'system_i/v_axi4s_vid_out_0/inst/COUPLER_INST/generate_async_fifo.FIFO_INST/XPM_FIFO_ASYNC_INST/gnuram_async_fifo.xpm_fifo_base_inst/xpm_fifo_rst_inst/gen_rst_ic.rrst_wr_inst'
Finished Sourcing Tcl File [C:/Xilinx/Vivado/2017.4/data/ip/xpm/xpm_cdc/tcl/xpm_cdc_sync_rst.tcl] for cell 'system_i/v_axi4s_vid_out_0/inst/COUPLER_INST/generate_async_fifo.FIFO_INST/XPM_FIFO_ASYNC_INST/gnuram_async_fifo.xpm_fifo_base_inst/xpm_fifo_rst_inst/gen_rst_ic.rrst_wr_inst'
Sourcing Tcl File [C:/Xilinx/Vivado/2017.4/data/ip/xpm/xpm_cdc/tcl/xpm_cdc_sync_rst.tcl] for cell 'system_i/v_axi4s_vid_out_0/inst/COUPLER_INST/generate_async_fifo.FIFO_INST/XPM_FIFO_ASYNC_INST/gnuram_async_fifo.xpm_fifo_base_inst/xpm_fifo_rst_inst/gen_rst_ic.wrst_rd_inst'
Finished Sourcing Tcl File [C:/Xilinx/Vivado/2017.4/data/ip/xpm/xpm_cdc/tcl/xpm_cdc_sync_rst.tcl] for cell 'system_i/v_axi4s_vid_out_0/inst/COUPLER_INST/generate_async_fifo.FIFO_INST/XPM_FIFO_ASYNC_INST/gnuram_async_fifo.xpm_fifo_base_inst/xpm_fifo_rst_inst/gen_rst_ic.wrst_rd_inst'
Sourcing Tcl File [C:/Xilinx/Vivado/2017.4/data/ip/xpm/xpm_fifo/tcl/xpm_fifo_rst.tcl] for cell 'system_i/alinx_ov5640_0/inst/xpm_fifo_async_inst/gnuram_async_fifo.xpm_fifo_base_inst'
Finished Sourcing Tcl File [C:/Xilinx/Vivado/2017.4/data/ip/xpm/xpm_fifo/tcl/xpm_fifo_rst.tcl] for cell 'system_i/alinx_ov5640_0/inst/xpm_fifo_async_inst/gnuram_async_fifo.xpm_fifo_base_inst'
Sourcing Tcl File [C:/Xilinx/Vivado/2017.4/data/ip/xpm/xpm_fifo/tcl/xpm_fifo_rst.tcl] for cell 'system_i/axi_vdma_0/U0/I_PRMRY_DATAMOVER/GEN_MM2S_FULL.I_MM2S_FULL_WRAPPER/GEN_INCLUDE_MM2S_SF.I_RD_SF/I_DATA_FIFO/BLK_MEM.I_SYNC_FIFOGEN_FIFO/xpm_fifo_instance.xpm_fifo_sync_inst/xpm_fifo_base_inst'
Finished Sourcing Tcl File [C:/Xilinx/Vivado/2017.4/data/ip/xpm/xpm_fifo/tcl/xpm_fifo_rst.tcl] for cell 'system_i/axi_vdma_0/U0/I_PRMRY_DATAMOVER/GEN_MM2S_FULL.I_MM2S_FULL_WRAPPER/GEN_INCLUDE_MM2S_SF.I_RD_SF/I_DATA_FIFO/BLK_MEM.I_SYNC_FIFOGEN_FIFO/xpm_fifo_instance.xpm_fifo_sync_inst/xpm_fifo_base_inst'
Sourcing Tcl File [C:/Xilinx/Vivado/2017.4/data/ip/xpm/xpm_fifo/tcl/xpm_fifo_rst.tcl] for cell 'system_i/axi_vdma_1/U0/I_PRMRY_DATAMOVER/GEN_S2MM_FULL.I_S2MM_FULL_WRAPPER/GEN_ENABLE_INDET_BTT_SF.I_INDET_BTT/I_XD_FIFO/NON_BLK_MEM.I_SYNC_FIFOGEN_FIFO/xpm_fifo_instance.xpm_fifo_sync_inst/xpm_fifo_base_inst'
Finished Sourcing Tcl File [C:/Xilinx/Vivado/2017.4/data/ip/xpm/xpm_fifo/tcl/xpm_fifo_rst.tcl] for cell 'system_i/axi_vdma_1/U0/I_PRMRY_DATAMOVER/GEN_S2MM_FULL.I_S2MM_FULL_WRAPPER/GEN_ENABLE_INDET_BTT_SF.I_INDET_BTT/I_XD_FIFO/NON_BLK_MEM.I_SYNC_FIFOGEN_FIFO/xpm_fifo_instance.xpm_fifo_sync_inst/xpm_fifo_base_inst'
Sourcing Tcl File [C:/Xilinx/Vivado/2017.4/data/ip/xpm/xpm_fifo/tcl/xpm_fifo_rst.tcl] for cell 'system_i/axi_vdma_1/U0/I_PRMRY_DATAMOVER/GEN_S2MM_FULL.I_S2MM_FULL_WRAPPER/GEN_ENABLE_INDET_BTT_SF.I_INDET_BTT/I_DATA_FIFO/BLK_MEM.I_SYNC_FIFOGEN_FIFO/xpm_fifo_instance.xpm_fifo_sync_inst/xpm_fifo_base_inst'
Finished Sourcing Tcl File [C:/Xilinx/Vivado/2017.4/data/ip/xpm/xpm_fifo/tcl/xpm_fifo_rst.tcl] for cell 'system_i/axi_vdma_1/U0/I_PRMRY_DATAMOVER/GEN_S2MM_FULL.I_S2MM_FULL_WRAPPER/GEN_ENABLE_INDET_BTT_SF.I_INDET_BTT/I_DATA_FIFO/BLK_MEM.I_SYNC_FIFOGEN_FIFO/xpm_fifo_instance.xpm_fifo_sync_inst/xpm_fifo_base_inst'
Sourcing Tcl File [C:/Xilinx/Vivado/2017.4/data/ip/xpm/xpm_fifo/tcl/xpm_fifo_rst.tcl] for cell 'system_i/v_axi4s_vid_out_0/inst/COUPLER_INST/generate_async_fifo.FIFO_INST/XPM_FIFO_ASYNC_INST/gnuram_async_fifo.xpm_fifo_base_inst'
Finished Sourcing Tcl File [C:/Xilinx/Vivado/2017.4/data/ip/xpm/xpm_fifo/tcl/xpm_fifo_rst.tcl] for cell 'system_i/v_axi4s_vid_out_0/inst/COUPLER_INST/generate_async_fifo.FIFO_INST/XPM_FIFO_ASYNC_INST/gnuram_async_fifo.xpm_fifo_base_inst'
INFO: [Opt 31-138] Pushed 0 inverter(s) to 0 load pin(s).
INFO: [Project 1-111] Unisim Transformation Summary:
  A total of 64 instances were transformed.
  CFGLUT5 => CFGLUT5 (SRLC32E, SRL16E): 56 instances
  IOBUF => IOBUF (IBUF, OBUFT): 2 instances
  RAM32M => RAM32M (RAMD32, RAMD32, RAMD32, RAMD32, RAMD32, RAMD32, RAMS32, RAMS32): 5 instances
  RAM32X1D => RAM32X1D (RAMD32, RAMD32): 1 instances

39 Infos, 2 Warnings, 0 Critical Warnings and 0 Errors encountered.
link_design completed successfully
link_design: Time (s): cpu = 00:00:31 ; elapsed = 00:00:35 . Memory (MB): peak = 1321.996 ; gain = 970.406
INFO: [Common 17-600] The following parameters have non-default value.
tcl.collectionResultDisplayLimit
Command: opt_design
Attempting to get a license for feature 'Implementation' and/or device 'xc7z010'
INFO: [Common 17-349] Got license for feature 'Implementation' and/or device 'xc7z010'
Running DRC as a precondition to command opt_design

Starting DRC Task
INFO: [DRC 23-27] Running DRC with 2 threads
INFO: [Project 1-461] DRC finished with 0 Errors
INFO: [Project 1-462] Please refer to the DRC report (report_drc) for more information.

Time (s): cpu = 00:00:01 ; elapsed = 00:00:00.858 . Memory (MB): peak = 1321.996 ; gain = 0.000
INFO: [Timing 38-35] Done setting XDC timing constraints.

Starting Logic Optimization Task

Phase 1 Generate And Synthesize Debug Cores
INFO: [Chipscope 16-318] Generating core instance : dbg_hub
INFO: [IP_Flow 19-3806] Processing IP xilinx.com:ip:xsdbm:3.0 for cell dbg_hub_CV.
INFO: [Netlist 29-17] Analyzing 566 Unisim elements for replacement
INFO: [Netlist 29-28] Unisim Transformation completed in 0 CPU seconds
Netlist sorting complete. Time (s): cpu = 00:00:00 ; elapsed = 00:00:00.040 . Memory (MB): peak = 1321.996 ; gain = 0.000
Phase 1 Generate And Synthesize Debug Cores | Checksum: c5cb18e8

Time (s): cpu = 00:00:03 ; elapsed = 00:01:41 . Memory (MB): peak = 1321.996 ; gain = 0.000
CRITICAL WARNING: [Timing 38-249] Generated clock system_i/rgb2dvi_0/U0/SerialClk has no logical paths from master clock axi_dynclk_0_PXL_CLK_O.
Resolution: Review the path between the master clock and the generated clock with the schematic viewer and correct the -source option. If it is correct and the master clock does not have a timing path to the generated clock, define the generated clock as a primary clock by using create_clock.

Phase 2 Retarget
INFO: [Opt 31-138] Pushed 2 inverter(s) to 14 load pin(s).
INFO: [Opt 31-49] Retargeted 0 cell(s).
Phase 2 Retarget | Checksum: 15a0a452b

Time (s): cpu = 00:00:05 ; elapsed = 00:01:43 . Memory (MB): peak = 1321.996 ; gain = 0.000
INFO: [Opt 31-389] Phase Retarget created 248 cells and removed 613 cells

Phase 3 Constant propagation
INFO: [Opt 31-138] Pushed 0 inverter(s) to 0 load pin(s).
Phase 3 Constant propagation | Checksum: 1da0d5f33

Time (s): cpu = 00:00:06 ; elapsed = 00:01:44 . Memory (MB): peak = 1321.996 ; gain = 0.000
INFO: [Opt 31-389] Phase Constant propagation created 57 cells and removed 733 cells

Phase 4 Sweep
Phase 4 Sweep | Checksum: 1dd59371b

Time (s): cpu = 00:00:07 ; elapsed = 00:01:45 . Memory (MB): peak = 1321.996 ; gain = 0.000
INFO: [Opt 31-389] Phase Sweep created 0 cells and removed 2034 cells

Phase 5 BUFG optimization
INFO: [Opt 31-194] Inserted BUFG cmos1_pclk_IBUF_BUFG_inst to drive 1930 load(s) on clock net cmos1_pclk_IBUF_BUFG
INFO: [Opt 31-193] Inserted 1 BUFG(s) on clock nets
Phase 5 BUFG optimization | Checksum: 1cbc0c986

Time (s): cpu = 00:00:08 ; elapsed = 00:01:46 . Memory (MB): peak = 1321.996 ; gain = 0.000
INFO: [Opt 31-389] Phase BUFG optimization created 1 cells and removed 0 cells

Phase 6 Shift Register Optimization
Phase 6 Shift Register Optimization | Checksum: 1cbc0c986

Time (s): cpu = 00:00:08 ; elapsed = 00:01:46 . Memory (MB): peak = 1321.996 ; gain = 0.000
INFO: [Opt 31-389] Phase Shift Register Optimization created 0 cells and removed 0 cells

Starting Connectivity Check Task

Time (s): cpu = 00:00:00 ; elapsed = 00:00:00.047 . Memory (MB): peak = 1321.996 ; gain = 0.000
Ending Logic Optimization Task | Checksum: 1b042bbe9

Time (s): cpu = 00:00:09 ; elapsed = 00:01:47 . Memory (MB): peak = 1321.996 ; gain = 0.000

Starting Power Optimization Task
INFO: [Pwropt 34-132] Skipping clock gating for clocks with a period < 2.00 ns.
INFO: [Timing 38-35] Done setting XDC timing constraints.
INFO: [Pwropt 34-9] Applying IDT optimizations ...
INFO: [Pwropt 34-10] Applying ODC optimizations ...
CRITICAL WARNING: [Timing 38-249] Generated clock system_i/rgb2dvi_0/U0/SerialClk has no logical paths from master clock axi_dynclk_0_PXL_CLK_O.
Resolution: Review the path between the master clock and the generated clock with the schematic viewer and correct the -source option. If it is correct and the master clock does not have a timing path to the generated clock, define the generated clock as a primary clock by using create_clock.
INFO: [Physopt 32-619] Estimated Timing Summary | WNS=0.496 | TNS=0.000 |
CRITICAL WARNING: [Timing 38-249] Generated clock system_i/rgb2dvi_0/U0/SerialClk has no logical paths from master clock axi_dynclk_0_PXL_CLK_O.
Resolution: Review the path between the master clock and the generated clock with the schematic viewer and correct the -source option. If it is correct and the master clock does not have a timing path to the generated clock, define the generated clock as a primary clock by using create_clock.
Running Vector-less Activity Propagation...

Finished Running Vector-less Activity Propagation


Starting PowerOpt Patch Enables Task
INFO: [Pwropt 34-162] WRITE_MODE attribute of 0 BRAM(s) out of a total of 11 has been updated to save power. Run report_power_opt to get a complete listing of the BRAMs updated.
INFO: [Pwropt 34-201] Structural ODC has moved 0 WE to EN ports
Number of BRAM Ports augmented: 3 newly gated: 0 Total Ports: 22
Ending PowerOpt Patch Enables Task | Checksum: 185e0524a

Time (s): cpu = 00:00:00 ; elapsed = 00:00:00.141 . Memory (MB): peak = 1659.637 ; gain = 0.000
Ending Power Optimization Task | Checksum: 185e0524a

Time (s): cpu = 00:00:10 ; elapsed = 00:00:07 . Memory (MB): peak = 1659.637 ; gain = 337.641
INFO: [Common 17-83] Releasing license: Implementation
70 Infos, 2 Warnings, 3 Critical Warnings and 0 Errors encountered.
opt_design completed successfully
opt_design: Time (s): cpu = 00:00:22 ; elapsed = 00:01:56 . Memory (MB): peak = 1659.637 ; gain = 337.641
INFO: [Common 17-600] The following parameters have non-default value.
tcl.collectionResultDisplayLimit
Writing placer database...
Writing XDEF routing.
Writing XDEF routing logical nets.
Writing XDEF routing special nets.
Write XDEF Complete: Time (s): cpu = 00:00:01 ; elapsed = 00:00:00.079 . Memory (MB): peak = 1659.637 ; gain = 0.000
INFO: [Common 17-1381] The checkpoint 'E:/ov5640_single/ov5640_single.runs/impl_1/system_wrapper_opt.dcp' has been generated.
INFO: [runtcl-4] Executing : report_drc -file system_wrapper_drc_opted.rpt -pb system_wrapper_drc_opted.pb -rpx system_wrapper_drc_opted.rpx
Command: report_drc -file system_wrapper_drc_opted.rpt -pb system_wrapper_drc_opted.pb -rpx system_wrapper_drc_opted.rpx
INFO: [DRC 23-27] Running DRC with 2 threads
INFO: [Coretcl 2-168] The results of DRC are in file E:/ov5640_single/ov5640_single.runs/impl_1/system_wrapper_drc_opted.rpt.
report_drc completed successfully
INFO: [Chipscope 16-240] Debug cores have already been implemented
Command: place_design
Attempting to get a license for feature 'Implementation' and/or device 'xc7z010'
INFO: [Common 17-349] Got license for feature 'Implementation' and/or device 'xc7z010'
INFO: [DRC 23-27] Running DRC with 2 threads
INFO: [Vivado_Tcl 4-198] DRC finished with 0 Errors
INFO: [Vivado_Tcl 4-199] Please refer to the DRC report (report_drc) for more information.
Running DRC as a precondition to command place_design
INFO: [DRC 23-27] Running DRC with 2 threads
WARNING: [DRC REQP-1839] RAMB36 async control check: The RAMB36E1 system_i/axi_vdma_0/U0/I_PRMRY_DATAMOVER/GEN_MM2S_FULL.I_MM2S_FULL_WRAPPER/GEN_INCLUDE_MM2S_SF.I_RD_SF/I_DATA_FIFO/BLK_MEM.I_SYNC_FIFOGEN_FIFO/xpm_fifo_instance.xpm_fifo_sync_inst/xpm_fifo_base_inst/gen_sdpram.xpm_memory_base_inst/gen_wr_a.gen_word_narrow.mem_reg_0 has an input control pin system_i/axi_vdma_0/U0/I_PRMRY_DATAMOVER/GEN_MM2S_FULL.I_MM2S_FULL_WRAPPER/GEN_INCLUDE_MM2S_SF.I_RD_SF/I_DATA_FIFO/BLK_MEM.I_SYNC_FIFOGEN_FIFO/xpm_fifo_instance.xpm_fifo_sync_inst/xpm_fifo_base_inst/gen_sdpram.xpm_memory_base_inst/gen_wr_a.gen_word_narrow.mem_reg_0/ENBWREN (net: system_i/axi_vdma_0/U0/I_PRMRY_DATAMOVER/GEN_MM2S_FULL.I_MM2S_FULL_WRAPPER/GEN_INCLUDE_MM2S_SF.I_RD_SF/I_DATA_FIFO/BLK_MEM.I_SYNC_FIFOGEN_FIFO/xpm_fifo_instance.xpm_fifo_sync_inst/xpm_fifo_base_inst/gen_sdpram.xpm_memory_base_inst/enb) which is driven by a register (system_i/axi_vdma_0/U0/GEN_SPRT_FOR_MM2S.MM2S_LINEBUFFER_I/GEN_LINEBUF_NO_SOF.GEN_LINEBUFFER.GEN_ASYNC_FIFO.LB_BUILT_IN.I_LINEBUFFER_FIFO/fg_builtin_fifo_inst/inst_fifo_gen/gconvfifo.rf/gbi.bi/g7ser_birst.rstbt/rsync.ric.rd_rst_reg_reg) that has an active asychronous set or reset. This may cause corruption of the memory contents and/or read values when the set/reset is asserted and is not analyzed by the default static timing analysis. It is suggested to eliminate the use of a set/reset to registers driving this RAMB pin or else use a synchronous reset in which the assertion of the reset is timed by default.
WARNING: [DRC REQP-1839] RAMB36 async control check: The RAMB36E1 system_i/axi_vdma_0/U0/I_PRMRY_DATAMOVER/GEN_MM2S_FULL.I_MM2S_FULL_WRAPPER/GEN_INCLUDE_MM2S_SF.I_RD_SF/I_DATA_FIFO/BLK_MEM.I_SYNC_FIFOGEN_FIFO/xpm_fifo_instance.xpm_fifo_sync_inst/xpm_fifo_base_inst/gen_sdpram.xpm_memory_base_inst/gen_wr_a.gen_word_narrow.mem_reg_1 has an input control pin system_i/axi_vdma_0/U0/I_PRMRY_DATAMOVER/GEN_MM2S_FULL.I_MM2S_FULL_WRAPPER/GEN_INCLUDE_MM2S_SF.I_RD_SF/I_DATA_FIFO/BLK_MEM.I_SYNC_FIFOGEN_FIFO/xpm_fifo_instance.xpm_fifo_sync_inst/xpm_fifo_base_inst/gen_sdpram.xpm_memory_base_inst/gen_wr_a.gen_word_narrow.mem_reg_1/ENBWREN (net: system_i/axi_vdma_0/U0/I_PRMRY_DATAMOVER/GEN_MM2S_FULL.I_MM2S_FULL_WRAPPER/GEN_INCLUDE_MM2S_SF.I_RD_SF/I_DATA_FIFO/BLK_MEM.I_SYNC_FIFOGEN_FIFO/xpm_fifo_instance.xpm_fifo_sync_inst/xpm_fifo_base_inst/gen_sdpram.xpm_memory_base_inst/enb) which is driven by a register (system_i/axi_vdma_0/U0/GEN_SPRT_FOR_MM2S.MM2S_LINEBUFFER_I/GEN_LINEBUF_NO_SOF.GEN_LINEBUFFER.GEN_ASYNC_FIFO.LB_BUILT_IN.I_LINEBUFFER_FIFO/fg_builtin_fifo_inst/inst_fifo_gen/gconvfifo.rf/gbi.bi/g7ser_birst.rstbt/rsync.ric.rd_rst_reg_reg) that has an active asychronous set or reset. This may cause corruption of the memory contents and/or read values when the set/reset is asserted and is not analyzed by the default static timing analysis. It is suggested to eliminate the use of a set/reset to registers driving this RAMB pin or else use a synchronous reset in which the assertion of the reset is timed by default.
WARNING: [DRC REQP-1840] RAMB18 async control check: The RAMB18E1 system_i/axi_vdma_0/U0/I_PRMRY_DATAMOVER/GEN_MM2S_FULL.I_MM2S_FULL_WRAPPER/GEN_INCLUDE_MM2S_SF.I_RD_SF/I_DATA_FIFO/BLK_MEM.I_SYNC_FIFOGEN_FIFO/xpm_fifo_instance.xpm_fifo_sync_inst/xpm_fifo_base_inst/gen_sdpram.xpm_memory_base_inst/gen_wr_a.gen_word_narrow.mem_reg_2 has an input control pin system_i/axi_vdma_0/U0/I_PRMRY_DATAMOVER/GEN_MM2S_FULL.I_MM2S_FULL_WRAPPER/GEN_INCLUDE_MM2S_SF.I_RD_SF/I_DATA_FIFO/BLK_MEM.I_SYNC_FIFOGEN_FIFO/xpm_fifo_instance.xpm_fifo_sync_inst/xpm_fifo_base_inst/gen_sdpram.xpm_memory_base_inst/gen_wr_a.gen_word_narrow.mem_reg_2/ENBWREN (net: system_i/axi_vdma_0/U0/I_PRMRY_DATAMOVER/GEN_MM2S_FULL.I_MM2S_FULL_WRAPPER/GEN_INCLUDE_MM2S_SF.I_RD_SF/I_DATA_FIFO/BLK_MEM.I_SYNC_FIFOGEN_FIFO/xpm_fifo_instance.xpm_fifo_sync_inst/xpm_fifo_base_inst/gen_sdpram.xpm_memory_base_inst/enb) which is driven by a register (system_i/axi_vdma_0/U0/GEN_SPRT_FOR_MM2S.MM2S_LINEBUFFER_I/GEN_LINEBUF_NO_SOF.GEN_LINEBUFFER.GEN_ASYNC_FIFO.LB_BUILT_IN.I_LINEBUFFER_FIFO/fg_builtin_fifo_inst/inst_fifo_gen/gconvfifo.rf/gbi.bi/g7ser_birst.rstbt/rsync.ric.rd_rst_reg_reg) that has an active asychronous set or reset. This may cause corruption of the memory contents and/or read values when the set/reset is asserted and is not analyzed by the default static timing analysis. It is suggested to eliminate the use of a set/reset to registers driving this RAMB pin or else use a synchronous reset in which the assertion of the reset is timed by default.
INFO: [Vivado_Tcl 4-198] DRC finished with 0 Errors, 3 Warnings
INFO: [Vivado_Tcl 4-199] Please refer to the DRC report (report_drc) for more information.

Starting Placer Task
INFO: [Place 30-611] Multithreading enabled for place_design using a maximum of 2 CPUs

Phase 1 Placer Initialization

Phase 1.1 Placer Initialization Netlist Sorting
Netlist sorting complete. Time (s): cpu = 00:00:00 ; elapsed = 00:00:00.039 . Memory (MB): peak = 1659.637 ; gain = 0.000
Phase 1.1 Placer Initialization Netlist Sorting | Checksum: 1196273d9

Time (s): cpu = 00:00:00 ; elapsed = 00:00:00.051 . Memory (MB): peak = 1659.637 ; gain = 0.000
INFO: [Timing 38-35] Done setting XDC timing constraints.
INFO: [Opt 31-138] Pushed 0 inverter(s) to 0 load pin(s).
Netlist sorting complete. Time (s): cpu = 00:00:00 ; elapsed = 00:00:00.039 . Memory (MB): peak = 1659.637 ; gain = 0.000

Phase 1.2 IO Placement/ Clock Placement/ Build Placer Device
INFO: [Timing 38-35] Done setting XDC timing constraints.
Phase 1.2 IO Placement/ Clock Placement/ Build Placer Device | Checksum: 4de0905b

Time (s): cpu = 00:00:06 ; elapsed = 00:00:06 . Memory (MB): peak = 1659.637 ; gain = 0.000

Phase 1.3 Build Placer Netlist Model
CRITICAL WARNING: [Timing 38-249] Generated clock system_i/rgb2dvi_0/U0/SerialClk has no logical paths from master clock axi_dynclk_0_PXL_CLK_O.
Resolution: Review the path between the master clock and the generated clock with the schematic viewer and correct the -source option. If it is correct and the master clock does not have a timing path to the generated clock, define the generated clock as a primary clock by using create_clock.
Phase 1.3 Build Placer Netlist Model | Checksum: 11066885a

Time (s): cpu = 00:00:11 ; elapsed = 00:00:09 . Memory (MB): peak = 1659.637 ; gain = 0.000

Phase 1.4 Constrain Clocks/Macros
Phase 1.4 Constrain Clocks/Macros | Checksum: 11066885a

Time (s): cpu = 00:00:11 ; elapsed = 00:00:09 . Memory (MB): peak = 1659.637 ; gain = 0.000
Phase 1 Placer Initialization | Checksum: 11066885a

Time (s): cpu = 00:00:11 ; elapsed = 00:00:10 . Memory (MB): peak = 1659.637 ; gain = 0.000

Phase 2 Global Placement
Phase 2 Global Placement | Checksum: 164c2d9f9

Time (s): cpu = 00:00:25 ; elapsed = 00:00:17 . Memory (MB): peak = 1659.637 ; gain = 0.000

Phase 3 Detail Placement

Phase 3.1 Commit Multi Column Macros
Phase 3.1 Commit Multi Column Macros | Checksum: 164c2d9f9

Time (s): cpu = 00:00:25 ; elapsed = 00:00:17 . Memory (MB): peak = 1659.637 ; gain = 0.000

Phase 3.2 Commit Most Macros & LUTRAMs
Phase 3.2 Commit Most Macros & LUTRAMs | Checksum: 164c81b3d

Time (s): cpu = 00:00:27 ; elapsed = 00:00:19 . Memory (MB): peak = 1659.637 ; gain = 0.000

Phase 3.3 Area Swap Optimization
Phase 3.3 Area Swap Optimization | Checksum: 9da04839

Time (s): cpu = 00:00:27 ; elapsed = 00:00:19 . Memory (MB): peak = 1659.637 ; gain = 0.000

Phase 3.4 Pipeline Register Optimization
Phase 3.4 Pipeline Register Optimization | Checksum: e09d8cab

Time (s): cpu = 00:00:27 ; elapsed = 00:00:19 . Memory (MB): peak = 1659.637 ; gain = 0.000

Phase 3.5 Small Shape Detail Placement
Phase 3.5 Small Shape Detail Placement | Checksum: 14c3ae6ea

Time (s): cpu = 00:00:33 ; elapsed = 00:00:24 . Memory (MB): peak = 1659.637 ; gain = 0.000

Phase 3.6 Re-assign LUT pins
Phase 3.6 Re-assign LUT pins | Checksum: f4c0a0cb

Time (s): cpu = 00:00:34 ; elapsed = 00:00:25 . Memory (MB): peak = 1659.637 ; gain = 0.000

Phase 3.7 Pipeline Register Optimization
Phase 3.7 Pipeline Register Optimization | Checksum: f4c0a0cb

Time (s): cpu = 00:00:34 ; elapsed = 00:00:25 . Memory (MB): peak = 1659.637 ; gain = 0.000
Phase 3 Detail Placement | Checksum: f4c0a0cb

Time (s): cpu = 00:00:34 ; elapsed = 00:00:25 . Memory (MB): peak = 1659.637 ; gain = 0.000

Phase 4 Post Placement Optimization and Clean-Up

Phase 4.1 Post Commit Optimization
INFO: [Timing 38-35] Done setting XDC timing constraints.
CRITICAL WARNING: [Timing 38-249] Generated clock system_i/rgb2dvi_0/U0/SerialClk has no logical paths from master clock axi_dynclk_0_PXL_CLK_O.
Resolution: Review the path between the master clock and the generated clock with the schematic viewer and correct the -source option. If it is correct and the master clock does not have a timing path to the generated clock, define the generated clock as a primary clock by using create_clock.

Phase 4.1.1 Post Placement Optimization
Post Placement Optimization Initialization | Checksum: 135e6b7ef

Phase 4.1.1.1 BUFG Insertion
INFO: [Physopt 32-721] Multithreading enabled for phys_opt_design using a maximum of 2 CPUs
INFO: [Place 46-33] Processed net system_i/v_tc_0/U0/U_VIDEO_CTRL/GEN_HAS_IRQ.irq_i_1_n_0, BUFG insertion was skipped due to placement/routing conflicts.
INFO: [Place 46-31] BUFG insertion identified 1 candidate nets, 0 success, 1 skipped for placement/routing, 0 skipped for timing, 0 skipped for netlist change reason.
Phase 4.1.1.1 BUFG Insertion | Checksum: 135e6b7ef

Time (s): cpu = 00:00:38 ; elapsed = 00:00:28 . Memory (MB): peak = 1659.637 ; gain = 0.000
INFO: [Place 30-746] Post Placement Timing Summary WNS=1.053. For the most accurate timing information please run report_timing.
Phase 4.1.1 Post Placement Optimization | Checksum: 14e87e16a

Time (s): cpu = 00:00:39 ; elapsed = 00:00:29 . Memory (MB): peak = 1659.637 ; gain = 0.000
Phase 4.1 Post Commit Optimization | Checksum: 14e87e16a

Time (s): cpu = 00:00:39 ; elapsed = 00:00:29 . Memory (MB): peak = 1659.637 ; gain = 0.000

Phase 4.2 Post Placement Cleanup
Phase 4.2 Post Placement Cleanup | Checksum: 14e87e16a

Time (s): cpu = 00:00:39 ; elapsed = 00:00:29 . Memory (MB): peak = 1659.637 ; gain = 0.000

Phase 4.3 Placer Reporting
Phase 4.3 Placer Reporting | Checksum: 14e87e16a

Time (s): cpu = 00:00:39 ; elapsed = 00:00:29 . Memory (MB): peak = 1659.637 ; gain = 0.000

Phase 4.4 Final Placement Cleanup
Phase 4.4 Final Placement Cleanup | Checksum: 23f6a5e10

Time (s): cpu = 00:00:39 ; elapsed = 00:00:29 . Memory (MB): peak = 1659.637 ; gain = 0.000
Phase 4 Post Placement Optimization and Clean-Up | Checksum: 23f6a5e10

Time (s): cpu = 00:00:39 ; elapsed = 00:00:30 . Memory (MB): peak = 1659.637 ; gain = 0.000
Ending Placer Task | Checksum: 159436c65

Time (s): cpu = 00:00:39 ; elapsed = 00:00:30 . Memory (MB): peak = 1659.637 ; gain = 0.000
INFO: [Common 17-83] Releasing license: Implementation
93 Infos, 5 Warnings, 5 Critical Warnings and 0 Errors encountered.
place_design completed successfully
place_design: Time (s): cpu = 00:00:44 ; elapsed = 00:00:32 . Memory (MB): peak = 1659.637 ; gain = 0.000
Writing placer database...
Writing XDEF routing.
Writing XDEF routing logical nets.
Writing XDEF routing special nets.
Write XDEF Complete: Time (s): cpu = 00:00:03 ; elapsed = 00:00:01 . Memory (MB): peak = 1659.637 ; gain = 0.000
INFO: [Common 17-1381] The checkpoint 'E:/ov5640_single/ov5640_single.runs/impl_1/system_wrapper_placed.dcp' has been generated.
INFO: [runtcl-4] Executing : report_io -file system_wrapper_io_placed.rpt
report_io: Time (s): cpu = 00:00:00 ; elapsed = 00:00:00.069 . Memory (MB): peak = 1659.637 ; gain = 0.000
INFO: [runtcl-4] Executing : report_utilization -file system_wrapper_utilization_placed.rpt -pb system_wrapper_utilization_placed.pb
report_utilization: Time (s): cpu = 00:00:00 ; elapsed = 00:00:00.190 . Memory (MB): peak = 1659.637 ; gain = 0.000
INFO: [runtcl-4] Executing : report_control_sets -verbose -file system_wrapper_control_sets_placed.rpt
report_control_sets: Time (s): cpu = 00:00:00 ; elapsed = 00:00:00.070 . Memory (MB): peak = 1659.637 ; gain = 0.000
Command: route_design
Attempting to get a license for feature 'Implementation' and/or device 'xc7z010'
INFO: [Common 17-349] Got license for feature 'Implementation' and/or device 'xc7z010'
Running DRC as a precondition to command route_design
INFO: [DRC 23-27] Running DRC with 2 threads
INFO: [Vivado_Tcl 4-198] DRC finished with 0 Errors
INFO: [Vivado_Tcl 4-199] Please refer to the DRC report (report_drc) for more information.


Starting Routing Task
INFO: [Route 35-254] Multithreading enabled for route_design using a maximum of 2 CPUs
Checksum: PlaceDB: 5d53087d ConstDB: 0 ShapeSum: fbf063e8 RouteDB: 0

Phase 1 Build RT Design
Phase 1 Build RT Design | Checksum: 18aefb1cb

Time (s): cpu = 00:00:15 ; elapsed = 00:00:12 . Memory (MB): peak = 1659.637 ; gain = 0.000
Post Restoration Checksum: NetGraph: b8f2ac71 NumContArr: d1fd055a Constraints: 0 Timing: 0

Phase 2 Router Initialization

Phase 2.1 Create Timer
Phase 2.1 Create Timer | Checksum: 18aefb1cb

Time (s): cpu = 00:00:15 ; elapsed = 00:00:12 . Memory (MB): peak = 1659.637 ; gain = 0.000

Phase 2.2 Fix Topology Constraints
Phase 2.2 Fix Topology Constraints | Checksum: 18aefb1cb

Time (s): cpu = 00:00:15 ; elapsed = 00:00:12 . Memory (MB): peak = 1659.637 ; gain = 0.000

Phase 2.3 Pre Route Cleanup
Phase 2.3 Pre Route Cleanup | Checksum: 18aefb1cb

Time (s): cpu = 00:00:15 ; elapsed = 00:00:12 . Memory (MB): peak = 1659.637 ; gain = 0.000
 Number of Nodes with overlaps = 0

Phase 2.4 Update Timing
Phase 2.4 Update Timing | Checksum: 1c7523f4b

Time (s): cpu = 00:00:21 ; elapsed = 00:00:16 . Memory (MB): peak = 1659.637 ; gain = 0.000
INFO: [Route 35-416] Intermediate Timing Summary | WNS=1.161  | TNS=0.000  | WHS=-0.331 | THS=-353.508|


Phase 2.5 Update Timing for Bus Skew

Phase 2.5.1 Update Timing
Phase 2.5.1 Update Timing | Checksum: 234a91818

Time (s): cpu = 00:00:25 ; elapsed = 00:00:18 . Memory (MB): peak = 1659.637 ; gain = 0.000
INFO: [Route 35-416] Intermediate Timing Summary | WNS=1.161  | TNS=0.000  | WHS=N/A    | THS=N/A    |

Phase 2.5 Update Timing for Bus Skew | Checksum: 23b120ce3

Time (s): cpu = 00:00:25 ; elapsed = 00:00:18 . Memory (MB): peak = 1659.637 ; gain = 0.000
Phase 2 Router Initialization | Checksum: 1fc9e3038

Time (s): cpu = 00:00:25 ; elapsed = 00:00:18 . Memory (MB): peak = 1659.637 ; gain = 0.000

Phase 3 Initial Routing
Phase 3 Initial Routing | Checksum: 17e5fa95b

Time (s): cpu = 00:00:27 ; elapsed = 00:00:19 . Memory (MB): peak = 1659.637 ; gain = 0.000

Phase 4 Rip-up And Reroute

Phase 4.1 Global Iteration 0
 Number of Nodes with overlaps = 1061
 Number of Nodes with overlaps = 47
 Number of Nodes with overlaps = 7
 Number of Nodes with overlaps = 3
 Number of Nodes with overlaps = 2
 Number of Nodes with overlaps = 0
INFO: [Route 35-416] Intermediate Timing Summary | WNS=0.226  | TNS=0.000  | WHS=N/A    | THS=N/A    |

Phase 4.1 Global Iteration 0 | Checksum: 12a7d2c91

Time (s): cpu = 00:00:35 ; elapsed = 00:00:24 . Memory (MB): peak = 1659.637 ; gain = 0.000
Phase 4 Rip-up And Reroute | Checksum: 12a7d2c91

Time (s): cpu = 00:00:35 ; elapsed = 00:00:24 . Memory (MB): peak = 1659.637 ; gain = 0.000

Phase 5 Delay and Skew Optimization

Phase 5.1 Delay CleanUp
Phase 5.1 Delay CleanUp | Checksum: 12a7d2c91

Time (s): cpu = 00:00:35 ; elapsed = 00:00:24 . Memory (MB): peak = 1659.637 ; gain = 0.000

Phase 5.2 Clock Skew Optimization
Phase 5.2 Clock Skew Optimization | Checksum: 12a7d2c91

Time (s): cpu = 00:00:35 ; elapsed = 00:00:24 . Memory (MB): peak = 1659.637 ; gain = 0.000
Phase 5 Delay and Skew Optimization | Checksum: 12a7d2c91

Time (s): cpu = 00:00:35 ; elapsed = 00:00:24 . Memory (MB): peak = 1659.637 ; gain = 0.000

Phase 6 Post Hold Fix

Phase 6.1 Hold Fix Iter

Phase 6.1.1 Update Timing
Phase 6.1.1 Update Timing | Checksum: 146d419e4

Time (s): cpu = 00:00:36 ; elapsed = 00:00:25 . Memory (MB): peak = 1659.637 ; gain = 0.000
INFO: [Route 35-416] Intermediate Timing Summary | WNS=0.357  | TNS=0.000  | WHS=0.041  | THS=0.000  |

Phase 6.1 Hold Fix Iter | Checksum: 1b417ccce

Time (s): cpu = 00:00:37 ; elapsed = 00:00:25 . Memory (MB): peak = 1659.637 ; gain = 0.000
Phase 6 Post Hold Fix | Checksum: 1b417ccce

Time (s): cpu = 00:00:37 ; elapsed = 00:00:25 . Memory (MB): peak = 1659.637 ; gain = 0.000

Phase 7 Route finalize

Router Utilization Summary
  Global Vertical Routing Utilization    = 6.56785 %
  Global Horizontal Routing Utilization  = 8.1165 %
  Routable Net Status*
  *Does not include unroutable nets such as driverless and loadless.
  Run report_route_status for detailed report.
  Number of Failed Nets               = 0
  Number of Unrouted Nets             = 0
  Number of Partially Routed Nets     = 0
  Number of Node Overlaps             = 0

Phase 7 Route finalize | Checksum: 16a7a846c

Time (s): cpu = 00:00:37 ; elapsed = 00:00:25 . Memory (MB): peak = 1659.637 ; gain = 0.000

Phase 8 Verifying routed nets

 Verification completed successfully
Phase 8 Verifying routed nets | Checksum: 16a7a846c

Time (s): cpu = 00:00:37 ; elapsed = 00:00:25 . Memory (MB): peak = 1659.637 ; gain = 0.000

Phase 9 Depositing Routes
Phase 9 Depositing Routes | Checksum: 18cc21161

Time (s): cpu = 00:00:38 ; elapsed = 00:00:26 . Memory (MB): peak = 1659.637 ; gain = 0.000

Phase 10 Post Router Timing
INFO: [Route 35-57] Estimated Timing Summary | WNS=0.357  | TNS=0.000  | WHS=0.041  | THS=0.000  |

INFO: [Route 35-327] The final timing numbers are based on the router estimated timing analysis. For a complete and accurate timing signoff, please run report_timing_summary.
Phase 10 Post Router Timing | Checksum: 18cc21161

Time (s): cpu = 00:00:38 ; elapsed = 00:00:26 . Memory (MB): peak = 1659.637 ; gain = 0.000
INFO: [Route 35-16] Router Completed Successfully

Time (s): cpu = 00:00:38 ; elapsed = 00:00:26 . Memory (MB): peak = 1659.637 ; gain = 0.000

Routing Is Done.
INFO: [Common 17-83] Releasing license: Implementation
110 Infos, 5 Warnings, 5 Critical Warnings and 0 Errors encountered.
route_design completed successfully
route_design: Time (s): cpu = 00:00:43 ; elapsed = 00:00:29 . Memory (MB): peak = 1659.637 ; gain = 0.000
Writing placer database...
Writing XDEF routing.
Writing XDEF routing logical nets.
Writing XDEF routing special nets.
Write XDEF Complete: Time (s): cpu = 00:00:05 ; elapsed = 00:00:02 . Memory (MB): peak = 1659.637 ; gain = 0.000
INFO: [Common 17-1381] The checkpoint 'E:/ov5640_single/ov5640_single.runs/impl_1/system_wrapper_routed.dcp' has been generated.
INFO: [runtcl-4] Executing : report_drc -file system_wrapper_drc_routed.rpt -pb system_wrapper_drc_routed.pb -rpx system_wrapper_drc_routed.rpx
Command: report_drc -file system_wrapper_drc_routed.rpt -pb system_wrapper_drc_routed.pb -rpx system_wrapper_drc_routed.rpx
INFO: [DRC 23-27] Running DRC with 2 threads
INFO: [Coretcl 2-168] The results of DRC are in file E:/ov5640_single/ov5640_single.runs/impl_1/system_wrapper_drc_routed.rpt.
report_drc completed successfully
INFO: [runtcl-4] Executing : report_methodology -file system_wrapper_methodology_drc_routed.rpt -pb system_wrapper_methodology_drc_routed.pb -rpx system_wrapper_methodology_drc_routed.rpx
Command: report_methodology -file system_wrapper_methodology_drc_routed.rpt -pb system_wrapper_methodology_drc_routed.pb -rpx system_wrapper_methodology_drc_routed.rpx
INFO: [Timing 38-35] Done setting XDC timing constraints.
INFO: [Timing 38-35] Done setting XDC timing constraints.
CRITICAL WARNING: [Timing 38-249] Generated clock system_i/rgb2dvi_0/U0/SerialClk has no logical paths from master clock axi_dynclk_0_PXL_CLK_O.
Resolution: Review the path between the master clock and the generated clock with the schematic viewer and correct the -source option. If it is correct and the master clock does not have a timing path to the generated clock, define the generated clock as a primary clock by using create_clock.
CRITICAL WARNING: [Timing 38-249] Generated clock system_i/rgb2dvi_0/U0/SerialClk has no logical paths from master clock axi_dynclk_0_PXL_CLK_O.
Resolution: Review the path between the master clock and the generated clock with the schematic viewer and correct the -source option. If it is correct and the master clock does not have a timing path to the generated clock, define the generated clock as a primary clock by using create_clock.
INFO: [DRC 23-133] Running Methodology with 2 threads
INFO: [Coretcl 2-1520] The results of Report Methodology are in file E:/ov5640_single/ov5640_single.runs/impl_1/system_wrapper_methodology_drc_routed.rpt.
report_methodology completed successfully
report_methodology: Time (s): cpu = 00:00:12 ; elapsed = 00:00:07 . Memory (MB): peak = 1659.637 ; gain = 0.000
INFO: [runtcl-4] Executing : report_power -file system_wrapper_power_routed.rpt -pb system_wrapper_power_summary_routed.pb -rpx system_wrapper_power_routed.rpx
Command: report_power -file system_wrapper_power_routed.rpt -pb system_wrapper_power_summary_routed.pb -rpx system_wrapper_power_routed.rpx
INFO: [Timing 38-35] Done setting XDC timing constraints.
CRITICAL WARNING: [Timing 38-249] Generated clock system_i/rgb2dvi_0/U0/SerialClk has no logical paths from master clock axi_dynclk_0_PXL_CLK_O.
Resolution: Review the path between the master clock and the generated clock with the schematic viewer and correct the -source option. If it is correct and the master clock does not have a timing path to the generated clock, define the generated clock as a primary clock by using create_clock.
Running Vector-less Activity Propagation...
CRITICAL WARNING: [Timing 38-249] Generated clock system_i/rgb2dvi_0/U0/SerialClk has no logical paths from master clock axi_dynclk_0_PXL_CLK_O.
Resolution: Review the path between the master clock and the generated clock with the schematic viewer and correct the -source option. If it is correct and the master clock does not have a timing path to the generated clock, define the generated clock as a primary clock by using create_clock.

Finished Running Vector-less Activity Propagation
WARNING: [Power 33-332] Found switching activity that implies high-fanout reset nets being asserted for excessive periods of time which may result in inaccurate power analysis.
Resolution: To review and fix problems, please run Power Constraints Advisor in the GUI from Tools > Power Constraints Advisor or run report_power with the -advisory option to generate a text report.
121 Infos, 6 Warnings, 9 Critical Warnings and 0 Errors encountered.
report_power completed successfully
INFO: [runtcl-4] Executing : report_route_status -file system_wrapper_route_status.rpt -pb system_wrapper_route_status.pb
INFO: [runtcl-4] Executing : report_timing_summary -max_paths 10 -file system_wrapper_timing_summary_routed.rpt -rpx system_wrapper_timing_summary_routed.rpx -warn_on_violation 
INFO: [Timing 38-91] UpdateTimingParams: Speed grade: -2, Delay Type: min_max.
INFO: [Timing 38-191] Multithreading enabled for timing update using a maximum of 2 CPUs
CRITICAL WARNING: [Timing 38-249] Generated clock system_i/rgb2dvi_0/U0/SerialClk has no logical paths from master clock axi_dynclk_0_PXL_CLK_O.
Resolution: Review the path between the master clock and the generated clock with the schematic viewer and correct the -source option. If it is correct and the master clock does not have a timing path to the generated clock, define the generated clock as a primary clock by using create_clock.
WARNING: [Timing 38-436] There are set_bus_skew constraint(s) in this design. Please run report_bus_skew to ensure that bus skew requirements are met.
INFO: [runtcl-4] Executing : report_incremental_reuse -file system_wrapper_incremental_reuse_routed.rpt
INFO: [Vivado_Tcl 4-545] No incremental reuse to report, no incremental placement and routing data was found.
INFO: [runtcl-4] Executing : report_clock_utilization -file system_wrapper_clock_utilization_routed.rpt
INFO: [Memdata 28-208] The XPM instance: <system_i/v_axi4s_vid_out_0/inst/COUPLER_INST/generate_async_fifo.FIFO_INST/XPM_FIFO_ASYNC_INST/gnuram_async_fifo.xpm_fifo_base_inst/gen_sdpram.xpm_memory_base_inst> is part of IP: <system_i/v_axi4s_vid_out_0>. This XPM instance will be excluded from the .mmi because updatemem is prohibited from making changes to an XPM that is part of an IP.
WARNING: [Memdata 28-167] Found XPM memory block system_i/axi_vdma_1/U0/I_PRMRY_DATAMOVER/GEN_S2MM_FULL.I_S2MM_FULL_WRAPPER/GEN_ENABLE_INDET_BTT_SF.I_INDET_BTT/I_XD_FIFO/NON_BLK_MEM.I_SYNC_FIFOGEN_FIFO/xpm_fifo_instance.xpm_fifo_sync_inst/xpm_fifo_base_inst/gen_sdpram.xpm_memory_base_inst with a P_MEMORY_PRIMITIVE property set to auto. A value of block is required. You will not be able to use the updatemem program to update the bitstream with new data for the system_i/axi_vdma_1/U0/I_PRMRY_DATAMOVER/GEN_S2MM_FULL.I_S2MM_FULL_WRAPPER/GEN_ENABLE_INDET_BTT_SF.I_INDET_BTT/I_XD_FIFO/NON_BLK_MEM.I_SYNC_FIFOGEN_FIFO/xpm_fifo_instance.xpm_fifo_sync_inst/xpm_fifo_base_inst/gen_sdpram.xpm_memory_base_inst block.
INFO: [Memdata 28-208] The XPM instance: <system_i/axi_vdma_1/U0/I_PRMRY_DATAMOVER/GEN_S2MM_FULL.I_S2MM_FULL_WRAPPER/GEN_ENABLE_INDET_BTT_SF.I_INDET_BTT/I_DATA_FIFO/BLK_MEM.I_SYNC_FIFOGEN_FIFO/xpm_fifo_instance.xpm_fifo_sync_inst/xpm_fifo_base_inst/gen_sdpram.xpm_memory_base_inst> is part of IP: <system_i/axi_vdma_1>. This XPM instance will be excluded from the .mmi because updatemem is prohibited from making changes to an XPM that is part of an IP.
INFO: [Memdata 28-208] The XPM instance: <system_i/axi_vdma_0/U0/I_PRMRY_DATAMOVER/GEN_MM2S_FULL.I_MM2S_FULL_WRAPPER/GEN_INCLUDE_MM2S_SF.I_RD_SF/I_DATA_FIFO/BLK_MEM.I_SYNC_FIFOGEN_FIFO/xpm_fifo_instance.xpm_fifo_sync_inst/xpm_fifo_base_inst/gen_sdpram.xpm_memory_base_inst> is part of IP: <system_i/axi_vdma_0>. This XPM instance will be excluded from the .mmi because updatemem is prohibited from making changes to an XPM that is part of an IP.
INFO: [Memdata 28-208] The XPM instance: <system_i/alinx_ov5640_0/inst/xpm_fifo_async_inst/gnuram_async_fifo.xpm_fifo_base_inst/gen_sdpram.xpm_memory_base_inst> is part of IP: <system_i/alinx_ov5640_0>. This XPM instance will be excluded from the .mmi because updatemem is prohibited from making changes to an XPM that is part of an IP.
Command: write_bitstream -force system_wrapper.bit
Attempting to get a license for feature 'Implementation' and/or device 'xc7z010'
INFO: [Common 17-349] Got license for feature 'Implementation' and/or device 'xc7z010'
Running DRC as a precondition to command write_bitstream
INFO: [DRC 23-27] Running DRC with 2 threads
WARNING: [DRC REQP-1839] RAMB36 async control check: The RAMB36E1 system_i/axi_vdma_0/U0/I_PRMRY_DATAMOVER/GEN_MM2S_FULL.I_MM2S_FULL_WRAPPER/GEN_INCLUDE_MM2S_SF.I_RD_SF/I_DATA_FIFO/BLK_MEM.I_SYNC_FIFOGEN_FIFO/xpm_fifo_instance.xpm_fifo_sync_inst/xpm_fifo_base_inst/gen_sdpram.xpm_memory_base_inst/gen_wr_a.gen_word_narrow.mem_reg_0 has an input control pin system_i/axi_vdma_0/U0/I_PRMRY_DATAMOVER/GEN_MM2S_FULL.I_MM2S_FULL_WRAPPER/GEN_INCLUDE_MM2S_SF.I_RD_SF/I_DATA_FIFO/BLK_MEM.I_SYNC_FIFOGEN_FIFO/xpm_fifo_instance.xpm_fifo_sync_inst/xpm_fifo_base_inst/gen_sdpram.xpm_memory_base_inst/gen_wr_a.gen_word_narrow.mem_reg_0/ENBWREN (net: system_i/axi_vdma_0/U0/I_PRMRY_DATAMOVER/GEN_MM2S_FULL.I_MM2S_FULL_WRAPPER/GEN_INCLUDE_MM2S_SF.I_RD_SF/I_DATA_FIFO/BLK_MEM.I_SYNC_FIFOGEN_FIFO/xpm_fifo_instance.xpm_fifo_sync_inst/xpm_fifo_base_inst/gen_sdpram.xpm_memory_base_inst/enb) which is driven by a register (system_i/axi_vdma_0/U0/GEN_SPRT_FOR_MM2S.MM2S_LINEBUFFER_I/GEN_LINEBUF_NO_SOF.GEN_LINEBUFFER.GEN_ASYNC_FIFO.LB_BUILT_IN.I_LINEBUFFER_FIFO/fg_builtin_fifo_inst/inst_fifo_gen/gconvfifo.rf/gbi.bi/g7ser_birst.rstbt/rsync.ric.rd_rst_reg_reg) that has an active asychronous set or reset. This may cause corruption of the memory contents and/or read values when the set/reset is asserted and is not analyzed by the default static timing analysis. It is suggested to eliminate the use of a set/reset to registers driving this RAMB pin or else use a synchronous reset in which the assertion of the reset is timed by default.
WARNING: [DRC REQP-1839] RAMB36 async control check: The RAMB36E1 system_i/axi_vdma_0/U0/I_PRMRY_DATAMOVER/GEN_MM2S_FULL.I_MM2S_FULL_WRAPPER/GEN_INCLUDE_MM2S_SF.I_RD_SF/I_DATA_FIFO/BLK_MEM.I_SYNC_FIFOGEN_FIFO/xpm_fifo_instance.xpm_fifo_sync_inst/xpm_fifo_base_inst/gen_sdpram.xpm_memory_base_inst/gen_wr_a.gen_word_narrow.mem_reg_1 has an input control pin system_i/axi_vdma_0/U0/I_PRMRY_DATAMOVER/GEN_MM2S_FULL.I_MM2S_FULL_WRAPPER/GEN_INCLUDE_MM2S_SF.I_RD_SF/I_DATA_FIFO/BLK_MEM.I_SYNC_FIFOGEN_FIFO/xpm_fifo_instance.xpm_fifo_sync_inst/xpm_fifo_base_inst/gen_sdpram.xpm_memory_base_inst/gen_wr_a.gen_word_narrow.mem_reg_1/ENBWREN (net: system_i/axi_vdma_0/U0/I_PRMRY_DATAMOVER/GEN_MM2S_FULL.I_MM2S_FULL_WRAPPER/GEN_INCLUDE_MM2S_SF.I_RD_SF/I_DATA_FIFO/BLK_MEM.I_SYNC_FIFOGEN_FIFO/xpm_fifo_instance.xpm_fifo_sync_inst/xpm_fifo_base_inst/gen_sdpram.xpm_memory_base_inst/enb) which is driven by a register (system_i/axi_vdma_0/U0/GEN_SPRT_FOR_MM2S.MM2S_LINEBUFFER_I/GEN_LINEBUF_NO_SOF.GEN_LINEBUFFER.GEN_ASYNC_FIFO.LB_BUILT_IN.I_LINEBUFFER_FIFO/fg_builtin_fifo_inst/inst_fifo_gen/gconvfifo.rf/gbi.bi/g7ser_birst.rstbt/rsync.ric.rd_rst_reg_reg) that has an active asychronous set or reset. This may cause corruption of the memory contents and/or read values when the set/reset is asserted and is not analyzed by the default static timing analysis. It is suggested to eliminate the use of a set/reset to registers driving this RAMB pin or else use a synchronous reset in which the assertion of the reset is timed by default.
WARNING: [DRC REQP-1840] RAMB18 async control check: The RAMB18E1 system_i/axi_vdma_0/U0/I_PRMRY_DATAMOVER/GEN_MM2S_FULL.I_MM2S_FULL_WRAPPER/GEN_INCLUDE_MM2S_SF.I_RD_SF/I_DATA_FIFO/BLK_MEM.I_SYNC_FIFOGEN_FIFO/xpm_fifo_instance.xpm_fifo_sync_inst/xpm_fifo_base_inst/gen_sdpram.xpm_memory_base_inst/gen_wr_a.gen_word_narrow.mem_reg_2 has an input control pin system_i/axi_vdma_0/U0/I_PRMRY_DATAMOVER/GEN_MM2S_FULL.I_MM2S_FULL_WRAPPER/GEN_INCLUDE_MM2S_SF.I_RD_SF/I_DATA_FIFO/BLK_MEM.I_SYNC_FIFOGEN_FIFO/xpm_fifo_instance.xpm_fifo_sync_inst/xpm_fifo_base_inst/gen_sdpram.xpm_memory_base_inst/gen_wr_a.gen_word_narrow.mem_reg_2/ENBWREN (net: system_i/axi_vdma_0/U0/I_PRMRY_DATAMOVER/GEN_MM2S_FULL.I_MM2S_FULL_WRAPPER/GEN_INCLUDE_MM2S_SF.I_RD_SF/I_DATA_FIFO/BLK_MEM.I_SYNC_FIFOGEN_FIFO/xpm_fifo_instance.xpm_fifo_sync_inst/xpm_fifo_base_inst/gen_sdpram.xpm_memory_base_inst/enb) which is driven by a register (system_i/axi_vdma_0/U0/GEN_SPRT_FOR_MM2S.MM2S_LINEBUFFER_I/GEN_LINEBUF_NO_SOF.GEN_LINEBUFFER.GEN_ASYNC_FIFO.LB_BUILT_IN.I_LINEBUFFER_FIFO/fg_builtin_fifo_inst/inst_fifo_gen/gconvfifo.rf/gbi.bi/g7ser_birst.rstbt/rsync.ric.rd_rst_reg_reg) that has an active asychronous set or reset. This may cause corruption of the memory contents and/or read values when the set/reset is asserted and is not analyzed by the default static timing analysis. It is suggested to eliminate the use of a set/reset to registers driving this RAMB pin or else use a synchronous reset in which the assertion of the reset is timed by default.
WARNING: [DRC RTSTAT-10] No routable loads: 36 net(s) have no routable loads. The problem bus(es) and/or net(s) are system_i/axi_mem_intercon/m00_couplers/auto_pc/inst/gen_axi4_axi3.axi3_conv_inst/USE_WRITE.write_addr_inst/USE_BURSTS.cmd_queue/inst/fifo_gen_inst/inst_fifo_gen/gconvfifo.rf/grf.rf/gntv_or_sync_fifo.gl0.rd/gr1.gr1_int.rfwft/aempty_fwft_i, dbg_hub/inst/BSCANID.u_xsdbm_id/CORE_XSDB.UUT_MASTER/U_ICON_INTERFACE/U_CMD6_RD/U_RD_FIFO/SUBCORE_FIFO.xsdbm_v3_0_0_rdfifo_inst/inst_fifo_gen/gconvfifo.rf/grf.rf/gntv_or_sync_fifo.gl0.rd/gr1.gr1_int.rfwft/aempty_fwft_i, system_i/axi_mem_intercon/m00_couplers/auto_pc/inst/gen_axi4_axi3.axi3_conv_inst/USE_WRITE.write_addr_inst/USE_B_CHANNEL.cmd_b_queue/inst/fifo_gen_inst/inst_fifo_gen/gconvfifo.rf/grf.rf/gntv_or_sync_fifo.gl0.rd/gr1.gr1_int.rfwft/aempty_fwft_i, system_i/axi_mem_intercon/m00_couplers/auto_pc/inst/gen_axi4_axi3.axi3_conv_inst/USE_READ.USE_SPLIT_R.read_addr_inst/USE_R_CHANNEL.cmd_queue/inst/fifo_gen_inst/inst_fifo_gen/gconvfifo.rf/grf.rf/gntv_or_sync_fifo.gl0.rd/gr1.gr1_int.rfwft/aempty_fwft_i, dbg_hub/inst/BSCANID.u_xsdbm_id/CORE_XSDB.UUT_MASTER/U_ICON_INTERFACE/U_CMD7_CTL/ctl_reg[2:0], dbg_hub/inst/BSCANID.u_xsdbm_id/CORE_XSDB.UUT_MASTER/U_ICON_INTERFACE/U_CMD7_CTL/ctl_reg_en_2[1], dbg_hub/inst/BSCANID.u_xsdbm_id/CORE_XSDB.UUT_MASTER/U_ICON_INTERFACE/U_CMD1/ctl_reg_en_2[1], dbg_hub/inst/BSCANID.u_xsdbm_id/SWITCH_N_EXT_BSCAN.bscan_switch/m_bscan_capture[0], dbg_hub/inst/BSCANID.u_xsdbm_id/SWITCH_N_EXT_BSCAN.bscan_switch/m_bscan_drck[0], dbg_hub/inst/BSCANID.u_xsdbm_id/SWITCH_N_EXT_BSCAN.bscan_switch/m_bscan_runtest[0], system_i/axi_mem_intercon/m00_couplers/auto_pc/inst/gen_axi4_axi3.axi3_conv_inst/USE_WRITE.write_addr_inst/USE_BURSTS.cmd_queue/inst/fifo_gen_inst/inst_fifo_gen/gconvfifo.rf/grf.rf/gntv_or_sync_fifo.gl0.wr/gwss.wsts/ram_afull_fb, system_i/axi_mem_intercon/m00_couplers/auto_pc/inst/gen_axi4_axi3.axi3_conv_inst/USE_READ.USE_SPLIT_R.read_addr_inst/USE_R_CHANNEL.cmd_queue/inst/fifo_gen_inst/inst_fifo_gen/gconvfifo.rf/grf.rf/gntv_or_sync_fifo.gl0.wr/gwss.wsts/ram_afull_fb, system_i/axi_mem_intercon/m00_couplers/auto_pc/inst/gen_axi4_axi3.axi3_conv_inst/USE_WRITE.write_addr_inst/USE_B_CHANNEL.cmd_b_queue/inst/fifo_gen_inst/inst_fifo_gen/gconvfifo.rf/grf.rf/gntv_or_sync_fifo.gl0.wr/gwss.wsts/ram_afull_fb, system_i/axi_mem_intercon/m00_couplers/auto_pc/inst/gen_axi4_axi3.axi3_conv_inst/USE_WRITE.write_addr_inst/USE_B_CHANNEL.cmd_b_queue/inst/fifo_gen_inst/inst_fifo_gen/gconvfifo.rf/grf.rf/gntv_or_sync_fifo.gl0.wr/gwss.wsts/ram_afull_i, system_i/axi_mem_intercon/m00_couplers/auto_pc/inst/gen_axi4_axi3.axi3_conv_inst/USE_WRITE.write_addr_inst/USE_BURSTS.cmd_queue/inst/fifo_gen_inst/inst_fifo_gen/gconvfifo.rf/grf.rf/gntv_or_sync_fifo.gl0.wr/gwss.wsts/ram_afull_i... and (the first 15 of 34 listed).
INFO: [Vivado 12-3199] DRC finished with 0 Errors, 4 Warnings
INFO: [Vivado 12-3200] Please refer to the DRC report (report_drc) for more information.
INFO: [Project 1-821] Please set project.enableDesignId to be 'true'.
INFO: [Designutils 20-2272] Running write_bitstream with 2 threads.
Loading data files...
Loading site data...
Loading route data...
Processing options...
Creating bitmap...
Creating bitstream...
Bitstream compression saved 8881760 bits.
Writing bitstream ./system_wrapper.bit...
INFO: [Vivado 12-1842] Bitgen Completed Successfully.
INFO: [Project 1-120] WebTalk data collection is mandatory when using a WebPACK part without a full Vivado license. To see the specific WebTalk data collected for your design, open the usage_statistics_webtalk.html or usage_statistics_webtalk.xml file in the implementation directory.
INFO: [Common 17-186] 'E:/ov5640_single/ov5640_single.runs/impl_1/usage_statistics_webtalk.xml' has been successfully sent to Xilinx on Tue Dec 18 09:52:49 2018. For additional details about this file, please refer to the WebTalk help file at C:/Xilinx/Vivado/2017.4/doc/webtalk_introduction.html.
INFO: [Common 17-83] Releasing license: Implementation
142 Infos, 12 Warnings, 10 Critical Warnings and 0 Errors encountered.
write_bitstream completed successfully
write_bitstream: Time (s): cpu = 00:00:26 ; elapsed = 00:00:26 . Memory (MB): peak = 2060.559 ; gain = 400.922
INFO: [Common 17-206] Exiting Vivado at Tue Dec 18 09:52:49 2018...
