Copyright 1986-2018 Xilinx, Inc. All Rights Reserved.
------------------------------------------------------------------------------------
| Tool Version : Vivado v.2018.2 (win64) Build 2258646 Thu Jun 14 20:03:12 MDT 2018
| Date         : Tue Dec 25 14:58:57 2018
| Host         : ZYQ-Mac-Win running 64-bit major release  (build 9200)
| Command      : upgrade_ip
| Device       : xc7z020clg400-1
------------------------------------------------------------------------------------

Upgrade Log for IP 'system_alinx_ov5640_0_0'

1. Summary
----------

CAUTION (success, with warnings) in the upgrade of system_alinx_ov5640_0_0 (www.alinx.com.cn:user:alinx_ov5640:5.4) from (Rev. 1) to (Rev. 3)

After upgrade, an IP may have parameter and port differences compared to the original customization. Please review the parameters within the IP customization GUI to ensure proper functionality. Also, please review the updated IP instantiation template to ensure proper connectivity, and update your design if required.

2. Connection Warnings
----------------------

Detected external port differences while upgrading 'system_alinx_ov5640_0_0'. These changes may impact your design.


-Upgraded port 'cmos_d' width 8 differs from original width 10







Copyright 1986-2018 Xilinx, Inc. All Rights Reserved.
------------------------------------------------------------------------------------
| Tool Version : Vivado v.2018.2 (win64) Build 2258646 Thu Jun 14 20:03:12 MDT 2018
| Date         : Tue Dec 25 14:16:32 2018
| Host         : ZYQ-Mac-Win running 64-bit major release  (build 9200)
| Command      : upgrade_ip
| Device       : xc7z020clg400-1
------------------------------------------------------------------------------------

Upgrade Log for IP 'system_xlconstant_2_0'

1. Summary
----------

SUCCESS in the upgrade of system_xlconstant_2_0 (xilinx.com:ip:xlconstant:1.1) from (Rev. 3) to (Rev. 5)






Copyright 1986-2018 Xilinx, Inc. All Rights Reserved.
------------------------------------------------------------------------------------
| Tool Version : Vivado v.2018.2 (win64) Build 2258646 Thu Jun 14 20:03:12 MDT 2018
| Date         : Tue Dec 25 14:16:32 2018
| Host         : ZYQ-Mac-Win running 64-bit major release  (build 9200)
| Command      : upgrade_ip
| Device       : xc7z020clg400-1
------------------------------------------------------------------------------------

Upgrade Log for IP 'system_xlconstant_1_1'

1. Summary
----------

SUCCESS in the upgrade of system_xlconstant_1_1 (xilinx.com:ip:xlconstant:1.1) from (Rev. 3) to (Rev. 5)






Copyright 1986-2018 Xilinx, Inc. All Rights Reserved.
------------------------------------------------------------------------------------
| Tool Version : Vivado v.2018.2 (win64) Build 2258646 Thu Jun 14 20:03:12 MDT 2018
| Date         : Tue Dec 25 14:16:32 2018
| Host         : ZYQ-Mac-Win running 64-bit major release  (build 9200)
| Command      : upgrade_ip
| Device       : xc7z020clg400-1
------------------------------------------------------------------------------------

Upgrade Log for IP 'system_xlconstant_1_0'

1. Summary
----------

SUCCESS in the upgrade of system_xlconstant_1_0 (xilinx.com:ip:xlconstant:1.1) from (Rev. 3) to (Rev. 5)






Copyright 1986-2018 Xilinx, Inc. All Rights Reserved.
------------------------------------------------------------------------------------
| Tool Version : Vivado v.2018.2 (win64) Build 2258646 Thu Jun 14 20:03:12 MDT 2018
| Date         : Tue Dec 25 14:16:32 2018
| Host         : ZYQ-Mac-Win running 64-bit major release  (build 9200)
| Command      : upgrade_ip
| Device       : xc7z020clg400-1
------------------------------------------------------------------------------------

Upgrade Log for IP 'system_xlconcat_0_0'

1. Summary
----------

SUCCESS in the conversion of system_xlconcat_0_0 (xilinx.com:ip:xlconcat:2.1 (Rev. 1)) to Vivado generation flows.






Copyright 1986-2018 Xilinx, Inc. All Rights Reserved.
------------------------------------------------------------------------------------
| Tool Version : Vivado v.2018.2 (win64) Build 2258646 Thu Jun 14 20:03:12 MDT 2018
| Date         : Tue Dec 25 14:16:32 2018
| Host         : ZYQ-Mac-Win running 64-bit major release  (build 9200)
| Command      : upgrade_ip
| Device       : xc7z020clg400-1
------------------------------------------------------------------------------------

Upgrade Log for IP 'system_v_tc_0_0'

1. Summary
----------

SUCCESS in the conversion of system_v_tc_0_0 (xilinx.com:ip:v_tc:6.1 (Rev. 12)) to Vivado generation flows.






Copyright 1986-2018 Xilinx, Inc. All Rights Reserved.
------------------------------------------------------------------------------------
| Tool Version : Vivado v.2018.2 (win64) Build 2258646 Thu Jun 14 20:03:12 MDT 2018
| Date         : Tue Dec 25 14:16:32 2018
| Host         : ZYQ-Mac-Win running 64-bit major release  (build 9200)
| Command      : upgrade_ip
| Device       : xc7z020clg400-1
------------------------------------------------------------------------------------

Upgrade Log for IP 'system_v_axi4s_vid_out_0_0'

1. Summary
----------

SUCCESS in the upgrade of system_v_axi4s_vid_out_0_0 (xilinx.com:ip:v_axi4s_vid_out:4.0) from (Rev. 8) to (Rev. 9)






Copyright 1986-2018 Xilinx, Inc. All Rights Reserved.
------------------------------------------------------------------------------------
| Tool Version : Vivado v.2018.2 (win64) Build 2258646 Thu Jun 14 20:03:12 MDT 2018
| Date         : Tue Dec 25 14:16:32 2018
| Host         : ZYQ-Mac-Win running 64-bit major release  (build 9200)
| Command      : upgrade_ip
| Device       : xc7z020clg400-1
------------------------------------------------------------------------------------

Upgrade Log for IP 'system_rst_processing_system7_0_150M_0'

1. Summary
----------

SUCCESS in the conversion of system_rst_processing_system7_0_150M_0 (xilinx.com:ip:proc_sys_reset:5.0 (Rev. 12)) to Vivado generation flows.






Copyright 1986-2018 Xilinx, Inc. All Rights Reserved.
------------------------------------------------------------------------------------
| Tool Version : Vivado v.2018.2 (win64) Build 2258646 Thu Jun 14 20:03:12 MDT 2018
| Date         : Tue Dec 25 14:16:32 2018
| Host         : ZYQ-Mac-Win running 64-bit major release  (build 9200)
| Command      : upgrade_ip
| Device       : xc7z020clg400-1
------------------------------------------------------------------------------------

Upgrade Log for IP 'system_rst_processing_system7_0_100M_0'

1. Summary
----------

SUCCESS in the conversion of system_rst_processing_system7_0_100M_0 (xilinx.com:ip:proc_sys_reset:5.0 (Rev. 12)) to Vivado generation flows.






Copyright 1986-2018 Xilinx, Inc. All Rights Reserved.
------------------------------------------------------------------------------------
| Tool Version : Vivado v.2018.2 (win64) Build 2258646 Thu Jun 14 20:03:12 MDT 2018
| Date         : Tue Dec 25 14:16:32 2018
| Host         : ZYQ-Mac-Win running 64-bit major release  (build 9200)
| Command      : upgrade_ip
| Device       : xc7z020clg400-1
------------------------------------------------------------------------------------

Upgrade Log for IP 'system_rgb2dvi_0_0'

1. Summary
----------

SUCCESS in the conversion of system_rgb2dvi_0_0 (digilentinc.com:ip:rgb2dvi:1.3 (Rev. 3)) to Vivado generation flows.






Copyright 1986-2018 Xilinx, Inc. All Rights Reserved.
------------------------------------------------------------------------------------
| Tool Version : Vivado v.2018.2 (win64) Build 2258646 Thu Jun 14 20:03:12 MDT 2018
| Date         : Tue Dec 25 14:16:32 2018
| Host         : ZYQ-Mac-Win running 64-bit major release  (build 9200)
| Command      : upgrade_ip
| Device       : xc7z020clg400-1
------------------------------------------------------------------------------------

Upgrade Log for IP 'system_processing_system7_0_axi_periph_0'

1. Summary
----------

SUCCESS in the upgrade of system_processing_system7_0_axi_periph_0 (xilinx.com:ip:axi_interconnect:2.1) from (Rev. 16) to (Rev. 18)






Copyright 1986-2018 Xilinx, Inc. All Rights Reserved.
------------------------------------------------------------------------------------
| Tool Version : Vivado v.2018.2 (win64) Build 2258646 Thu Jun 14 20:03:12 MDT 2018
| Date         : Tue Dec 25 14:16:32 2018
| Host         : ZYQ-Mac-Win running 64-bit major release  (build 9200)
| Command      : upgrade_ip
| Device       : xc7z020clg400-1
------------------------------------------------------------------------------------

Upgrade Log for IP 'system_processing_system7_0_0'

1. Summary
----------

SUCCESS in the conversion of system_processing_system7_0_0 (xilinx.com:ip:processing_system7:5.5 (Rev. 6)) to Vivado generation flows.

2. Upgrade messages
-------------------

WARNING: upgrade cannot add parameter PCW_TRACE_INTERNAL_WIDTH with default value 32 : a parameter called PCW_TRACE_INTERNAL_WIDTH already exists in processing_system7_v5_5
WARNING: upgrade cannot add parameter PCW_USE_AXI_NONSECURE with default value 0 : a parameter called PCW_USE_AXI_NONSECURE already exists in processing_system7_v5_5
WARNING: upgrade cannot add parameter PCW_EN_PTP_ENET0 with default value 1 : a parameter called PCW_EN_PTP_ENET0 already exists in processing_system7_v5_5
WARNING: upgrade cannot add parameter PCW_EN_PTP_ENET0 with default value 1 : a parameter called PCW_EN_PTP_ENET0 already exists in processing_system7_v5_5
WARNING: upgrade cannot add parameter PCW_GP0_NUM_WRITE_THREADS with default value 4 : a parameter called PCW_GP0_NUM_WRITE_THREADS already exists in processing_system7_v5_5
WARNING: upgrade cannot add parameter PCW_GP0_NUM_READ_THREADS with default value 4 : a parameter called PCW_GP0_NUM_READ_THREADS already exists in processing_system7_v5_5
WARNING: upgrade cannot add parameter PCW_GP1_NUM_WRITE_THREADS with default value 4 : a parameter called PCW_GP1_NUM_WRITE_THREADS already exists in processing_system7_v5_5
WARNING: upgrade cannot add parameter PCW_GP1_NUM_READ_THREADS with default value 4 : a parameter called PCW_GP1_NUM_READ_THREADS already exists in processing_system7_v5_5
WARNING: upgrade cannot add parameter PCW_GP0_EN_MODIFIABLE_TXN with default value 0 : a parameter called PCW_GP0_EN_MODIFIABLE_TXN already exists in processing_system7_v5_5
WARNING: upgrade cannot add parameter PCW_GP1_EN_MODIFIABLE_TXN with default value 0 : a parameter called PCW_GP1_EN_MODIFIABLE_TXN already exists in processing_system7_v5_5






Copyright 1986-2018 Xilinx, Inc. All Rights Reserved.
------------------------------------------------------------------------------------
| Tool Version : Vivado v.2018.2 (win64) Build 2258646 Thu Jun 14 20:03:12 MDT 2018
| Date         : Tue Dec 25 14:16:32 2018
| Host         : ZYQ-Mac-Win running 64-bit major release  (build 9200)
| Command      : upgrade_ip
| Device       : xc7z020clg400-1
------------------------------------------------------------------------------------

Upgrade Log for IP 'system_clk_wiz_0_0'

1. Summary
----------

SUCCESS in the upgrade of system_clk_wiz_0_0 from xilinx.com:ip:clk_wiz:5.4 (Rev. 3) to xilinx.com:ip:clk_wiz:6.0 (Rev. 1)






Copyright 1986-2018 Xilinx, Inc. All Rights Reserved.
------------------------------------------------------------------------------------
| Tool Version : Vivado v.2018.2 (win64) Build 2258646 Thu Jun 14 20:03:12 MDT 2018
| Date         : Tue Dec 25 14:16:32 2018
| Host         : ZYQ-Mac-Win running 64-bit major release  (build 9200)
| Command      : upgrade_ip
| Device       : xc7z020clg400-1
------------------------------------------------------------------------------------

Upgrade Log for IP 'system_axis_subset_converter_0_1'

1. Summary
----------

SUCCESS in the upgrade of system_axis_subset_converter_0_1 (xilinx.com:ip:axis_subset_converter:1.1) from (Rev. 15) to (Rev. 17)






Copyright 1986-2018 Xilinx, Inc. All Rights Reserved.
------------------------------------------------------------------------------------
| Tool Version : Vivado v.2018.2 (win64) Build 2258646 Thu Jun 14 20:03:12 MDT 2018
| Date         : Tue Dec 25 14:16:32 2018
| Host         : ZYQ-Mac-Win running 64-bit major release  (build 9200)
| Command      : upgrade_ip
| Device       : xc7z020clg400-1
------------------------------------------------------------------------------------

Upgrade Log for IP 'system_axi_vdma_1_0'

1. Summary
----------

SUCCESS in the upgrade of system_axi_vdma_1_0 (xilinx.com:ip:axi_vdma:6.3) from (Rev. 3) to (Rev. 5)






Copyright 1986-2018 Xilinx, Inc. All Rights Reserved.
------------------------------------------------------------------------------------
| Tool Version : Vivado v.2018.2 (win64) Build 2258646 Thu Jun 14 20:03:12 MDT 2018
| Date         : Tue Dec 25 14:16:32 2018
| Host         : ZYQ-Mac-Win running 64-bit major release  (build 9200)
| Command      : upgrade_ip
| Device       : xc7z020clg400-1
------------------------------------------------------------------------------------

Upgrade Log for IP 'system_axi_vdma_0_0'

1. Summary
----------

SUCCESS in the upgrade of system_axi_vdma_0_0 (xilinx.com:ip:axi_vdma:6.3) from (Rev. 3) to (Rev. 5)






Copyright 1986-2018 Xilinx, Inc. All Rights Reserved.
------------------------------------------------------------------------------------
| Tool Version : Vivado v.2018.2 (win64) Build 2258646 Thu Jun 14 20:03:12 MDT 2018
| Date         : Tue Dec 25 14:16:32 2018
| Host         : ZYQ-Mac-Win running 64-bit major release  (build 9200)
| Command      : upgrade_ip
| Device       : xc7z020clg400-1
------------------------------------------------------------------------------------

Upgrade Log for IP 'system_axi_mem_intercon_0'

1. Summary
----------

SUCCESS in the upgrade of system_axi_mem_intercon_0 (xilinx.com:ip:axi_interconnect:2.1) from (Rev. 16) to (Rev. 18)






Copyright 1986-2018 Xilinx, Inc. All Rights Reserved.
------------------------------------------------------------------------------------
| Tool Version : Vivado v.2018.2 (win64) Build 2258646 Thu Jun 14 20:03:12 MDT 2018
| Date         : Tue Dec 25 14:16:32 2018
| Host         : ZYQ-Mac-Win running 64-bit major release  (build 9200)
| Command      : upgrade_ip
| Device       : xc7z020clg400-1
------------------------------------------------------------------------------------

Upgrade Log for IP 'system_axi_gpio_0_0'

1. Summary
----------

SUCCESS in the upgrade of system_axi_gpio_0_0 (xilinx.com:ip:axi_gpio:2.0) from (Rev. 17) to (Rev. 19)






Copyright 1986-2018 Xilinx, Inc. All Rights Reserved.
------------------------------------------------------------------------------------
| Tool Version : Vivado v.2018.2 (win64) Build 2258646 Thu Jun 14 20:03:12 MDT 2018
| Date         : Tue Dec 25 14:16:32 2018
| Host         : ZYQ-Mac-Win running 64-bit major release  (build 9200)
| Command      : upgrade_ip
| Device       : xc7z020clg400-1
------------------------------------------------------------------------------------

Upgrade Log for IP 'system_axi_dynclk_0_0'

1. Summary
----------

SUCCESS in the conversion of system_axi_dynclk_0_0 (digilentinc.com:ip:axi_dynclk:1.0 (Rev. 3)) to Vivado generation flows.






Copyright 1986-2018 Xilinx, Inc. All Rights Reserved.
------------------------------------------------------------------------------------
| Tool Version : Vivado v.2018.2 (win64) Build 2258646 Thu Jun 14 20:03:12 MDT 2018
| Date         : Tue Dec 25 14:16:32 2018
| Host         : ZYQ-Mac-Win running 64-bit major release  (build 9200)
| Command      : upgrade_ip
| Device       : xc7z020clg400-1
------------------------------------------------------------------------------------

Upgrade Log for IP 'system_alinx_ov5640_0_0'

1. Summary
----------

SUCCESS in the conversion of system_alinx_ov5640_0_0 (www.alinx.com.cn:user:alinx_ov5640:5.4 (Rev. 1)) to Vivado generation flows.

