#-----------------------------------------------------------
# Vivado v2018.2 (64-bit)
# SW Build 2258646 on Thu Jun 14 20:03:12 MDT 2018
# IP Build 2256618 on Thu Jun 14 22:10:49 MDT 2018
# Start of session at: Tue Dec 25 19:16:25 2018
# Process ID: 1608
# Current directory: C:/MyFiles/PYNQ_Ball_and_Plate_Sysyem/vivado_proj/ov5640_single
# Command line: vivado.exe -gui_launcher_event rodinguilauncherevent14644 C:\MyFiles\PYNQ_Ball_and_Plate_Sysyem\vivado_proj\ov5640_single\ov5640_single.xpr
# Log file: C:/MyFiles/PYNQ_Ball_and_Plate_Sysyem/vivado_proj/ov5640_single/vivado.log
# Journal file: C:/MyFiles/PYNQ_Ball_and_Plate_Sysyem/vivado_proj/ov5640_single\vivado.jou
#-----------------------------------------------------------
start_gui
open_project -read_only C:/MyFiles/PYNQ_Ball_and_Plate_Sysyem/vivado_proj/ov5640_single/ov5640_single.xpr
INFO: [Project 1-313] Project file moved from 'D:/ax7010/15_ov5640_single' since last save.
Scanning sources...
Finished scanning sources
INFO: [IP_Flow 19-234] Refreshing IP repositories
INFO: [IP_Flow 19-1700] Loaded user IP repository 'c:/MyFiles/PYNQ_Ball_and_Plate_Sysyem/vivado_proj/ov5640_single/repo'.
INFO: [IP_Flow 19-2313] Loaded Vivado IP repository 'C:/Xilinx/Vivado/2018.2/data/ip'.
WARNING: [BD 41-1663] The design 'system.bd' cannot be modified due to following reason(s):
* Project is read-only. Please run 'save_project_as' before making any change to the bd-design. 

WARNING: [BD 41-1661] One or more IPs have been locked in the design 'system.bd'. Please run report_ip_status for more details and recommendations on how to fix this issue.
List of locked IPs:
system_alinx_ov5640_0_0
system_axi_dynclk_0_0
system_rst_processing_system7_0_150M_0
system_processing_system7_0_0
system_axi_mem_intercon_0
system_axi_vdma_0_0
system_axi_vdma_1_0
system_auto_pc_0
system_processing_system7_0_axi_periph_0
system_rst_processing_system7_0_100M_0
system_v_axi4s_vid_out_0_0
system_v_tc_0_0
system_xlconcat_0_0
system_xlconstant_1_0
system_axis_subset_converter_0_1
system_rgb2dvi_0_0
system_axi_gpio_0_0
system_xbar_1
system_xbar_0
system_auto_pc_1

WARNING: [Project 1-229] Project 'ov5640_single.xpr' is read-only and therefore could not be upgraded for this version of Vivado.  Use 'File | Save Project As...' if you wish to save an upgraded copy.
open_project: Time (s): cpu = 00:00:30 ; elapsed = 00:00:18 . Memory (MB): peak = 928.289 ; gain = 229.797
update_compile_order -fileset sources_1
open_bd_design {C:/MyFiles/PYNQ_Ball_and_Plate_Sysyem/vivado_proj/ov5640_single/ov5640_single.srcs/sources_1/bd/system/system.bd}
Adding cell -- www.alinx.com.cn:user:alinx_ov5640:5.4 - alinx_ov5640_0
Adding cell -- digilentinc.com:ip:axi_dynclk:1.0 - axi_dynclk_0
Adding cell -- xilinx.com:ip:axi_gpio:2.0 - cmos_rst
Adding cell -- xilinx.com:ip:axi_vdma:6.3 - axi_vdma_0
Adding cell -- xilinx.com:ip:axi_vdma:6.3 - axi_vdma_1
Adding cell -- xilinx.com:ip:axis_subset_converter:1.1 - axis_subset_converter_0
Adding cell -- xilinx.com:ip:processing_system7:5.5 - processing_system7_0
Adding cell -- digilentinc.com:ip:rgb2dvi:1.3 - rgb2dvi_0
Adding cell -- xilinx.com:ip:proc_sys_reset:5.0 - rst_processing_system7_0_100M
Adding cell -- xilinx.com:ip:proc_sys_reset:5.0 - rst_processing_system7_0_150M
Adding cell -- xilinx.com:ip:v_axi4s_vid_out:4.0 - v_axi4s_vid_out_0
Adding cell -- xilinx.com:ip:v_tc:6.1 - v_tc_0
Adding cell -- xilinx.com:ip:xlconcat:2.1 - xlconcat_0
Adding cell -- xilinx.com:ip:xlconstant:1.1 - xlconstant_1
WARNING: [BD 41-1731] Type mismatch between connected pins: /axi_dynclk_0/LOCKED_O(undef) and /rgb2dvi_0/aRst_n(rst)
Adding cell -- xilinx.com:ip:axi_crossbar:2.1 - xbar
Adding cell -- xilinx.com:ip:axi_protocol_converter:2.1 - auto_pc
Adding cell -- xilinx.com:ip:axi_crossbar:2.1 - xbar
Adding cell -- xilinx.com:ip:axi_protocol_converter:2.1 - auto_pc
Successfully read diagram <system> from BD file <C:/MyFiles/PYNQ_Ball_and_Plate_Sysyem/vivado_proj/ov5640_single/ov5640_single.srcs/sources_1/bd/system/system.bd>
open_bd_design: Time (s): cpu = 00:00:08 ; elapsed = 00:00:05 . Memory (MB): peak = 956.086 ; gain = 20.227
exit
INFO: [Common 17-206] Exiting Vivado at Tue Dec 25 19:19:34 2018...
