19:29:45 INFO  : Registering command handlers for SDK TCF services
19:29:46 INFO  : Launching XSCT server: xsct.bat -interactive F:\intel_project\AX7010\15_ov5640_single\ov5640_single.sdk\temp_xsdb_launch_script.tcl
19:29:48 INFO  : XSCT server has started successfully.
19:29:49 INFO  : Successfully done setting XSCT server connection channel  
19:29:49 INFO  : Successfully done setting SDK workspace  
19:29:49 INFO  : Processing command line option -hwspec F:/intel_project/AX7010/15_ov5640_single/ov5640_single.sdk/system_wrapper.hdf.
19:30:58 INFO  : Connected to target on host '127.0.0.1' and port '3121'.
19:30:58 INFO  : Jtag cable 'Digilent JTAG-HS1 210512180081' is selected.
19:30:58 INFO  : 'jtag frequency' command is executed.
19:30:58 INFO  : Sourcing of 'F:/intel_project/AX7010/15_ov5640_single/ov5640_single.sdk/system_wrapper_hw_platform_0/ps7_init.tcl' is done.
19:30:58 INFO  : Context for 'APU' is selected.
19:30:58 INFO  : System reset is completed.
19:31:01 INFO  : 'after 3000' command is executed.
19:31:01 INFO  : 'targets -set -filter {jtag_cable_name =~ "Digilent JTAG-HS1 210512180081" && level==0} -index 1' command is executed.
19:31:02 INFO  : FPGA configured successfully with bitstream "F:/intel_project/AX7010/15_ov5640_single/ov5640_single.sdk/system_wrapper_hw_platform_0/system_wrapper.bit"
19:31:02 INFO  : Context for 'APU' is selected.
19:31:02 INFO  : Hardware design information is loaded from 'F:/intel_project/AX7010/15_ov5640_single/ov5640_single.sdk/system_wrapper_hw_platform_0/system.hdf'.
19:31:02 INFO  : 'configparams force-mem-access 1' command is executed.
19:31:02 INFO  : Context for 'APU' is selected.
19:31:03 INFO  : 'ps7_init' command is executed.
19:31:03 INFO  : 'ps7_post_config' command is executed.
19:31:03 INFO  : Context for processor 'ps7_cortexa9_0' is selected.
19:31:03 INFO  : The application 'F:/intel_project/AX7010/15_ov5640_single/ov5640_single.sdk/ad5642_test/Debug/ad5642_test.elf' is downloaded to processor 'ps7_cortexa9_0'.
19:31:03 INFO  : 'configparams force-mem-access 0' command is executed.
19:31:03 INFO  : ----------------XSDB Script----------------
connect -url tcp:127.0.0.1:3121
source F:/intel_project/AX7010/15_ov5640_single/ov5640_single.sdk/system_wrapper_hw_platform_0/ps7_init.tcl
targets -set -nocase -filter {name =~"APU*" && jtag_cable_name =~ "Digilent JTAG-HS1 210512180081"} -index 0
rst -system
after 3000
targets -set -filter {jtag_cable_name =~ "Digilent JTAG-HS1 210512180081" && level==0} -index 1
fpga -file F:/intel_project/AX7010/15_ov5640_single/ov5640_single.sdk/system_wrapper_hw_platform_0/system_wrapper.bit
targets -set -nocase -filter {name =~"APU*" && jtag_cable_name =~ "Digilent JTAG-HS1 210512180081"} -index 0
loadhw -hw F:/intel_project/AX7010/15_ov5640_single/ov5640_single.sdk/system_wrapper_hw_platform_0/system.hdf -mem-ranges [list {0x40000000 0xbfffffff}]
configparams force-mem-access 1
targets -set -nocase -filter {name =~"APU*" && jtag_cable_name =~ "Digilent JTAG-HS1 210512180081"} -index 0
ps7_init
ps7_post_config
targets -set -nocase -filter {name =~ "ARM*#0" && jtag_cable_name =~ "Digilent JTAG-HS1 210512180081"} -index 0
dow F:/intel_project/AX7010/15_ov5640_single/ov5640_single.sdk/ad5642_test/Debug/ad5642_test.elf
configparams force-mem-access 0
----------------End of Script----------------

19:31:03 INFO  : Memory regions updated for context APU
19:31:03 INFO  : Context for processor 'ps7_cortexa9_0' is selected.
19:31:03 INFO  : 'con' command is executed.
19:31:03 INFO  : ----------------XSDB Script (After Launch)----------------
targets -set -nocase -filter {name =~ "ARM*#0" && jtag_cable_name =~ "Digilent JTAG-HS1 210512180081"} -index 0
con
----------------End of Script----------------

19:31:03 INFO  : Launch script is exported to file 'F:\intel_project\AX7010\15_ov5640_single\ov5640_single.sdk\.sdk\launch_scripts\xilinx_c-c++_application_(system_debugger)\system_debugger_using_debug_ad5642_test.elf_on_local.tcl'
19:34:48 INFO  : Invoking Bootgen: bootgen -image ad5642_test.bif -arch zynq -o F:\intel_project\AX7010\15_ov5640_single\bootimage\BOOT.bin -w on
19:34:48 INFO  : Creating new bif file F:\intel_project\AX7010\15_ov5640_single\bootimage\ad5642_test.bif
19:34:49 INFO  : Bootgen command execution is done.
19:34:58 INFO  : Disconnected from the channel tcfchan#1.
