15:57:40 INFO  : Registering command handlers for SDK TCF services
15:57:41 INFO  : Launching XSCT server: xsct.bat -interactive C:\MyFiles\PYNQ_Ball_and_Plate_Sysyem\vivado_proj\mb_2\ctrl.sdk\temp_xsdb_launch_script.tcl
15:57:44 INFO  : XSCT server has started successfully.
15:57:44 INFO  : Successfully done setting XSCT server connection channel  
15:57:44 INFO  : Successfully done setting SDK workspace  
15:57:44 INFO  : Processing command line option -hwspec C:/MyFiles/PYNQ_Ball_and_Plate_Sysyem/vivado_proj/mb_2/ctrl.sdk/design_1_wrapper.hdf.
15:59:04 INFO  : Registering command handlers for SDK TCF services
15:59:05 INFO  : Launching XSCT server: xsct.bat -interactive C:\MyFiles\PYNQ_Ball_and_Plate_Sysyem\vivado_proj\mb_2\ctrl.sdk\temp_xsdb_launch_script.tcl
15:59:10 INFO  : XSCT server has started successfully.
15:59:10 INFO  : Successfully done setting XSCT server connection channel  
15:59:10 INFO  : Successfully done setting SDK workspace  
15:59:10 INFO  : Processing command line option -hwspec C:/MyFiles/PYNQ_Ball_and_Plate_Sysyem/vivado_proj/mb_2/ctrl.sdk/design_1_wrapper.hdf.
15:59:10 INFO  : Checking for hwspec changes in the project design_1_wrapper_hw_platform_0.
16:00:35 INFO  : Registering command handlers for SDK TCF services
16:00:36 INFO  : Launching XSCT server: xsct.bat -interactive C:\MyFiles\PYNQ_Ball_and_Plate_Sysyem\vivado_proj\mb_2\ctrl.sdk\temp_xsdb_launch_script.tcl
16:00:40 INFO  : XSCT server has started successfully.
16:00:40 INFO  : Processing command line option -hwspec C:/MyFiles/PYNQ_Ball_and_Plate_Sysyem/vivado_proj/mb_2/ctrl.sdk/design_1_wrapper.hdf.
16:00:41 INFO  : Successfully done setting XSCT server connection channel  
16:00:41 INFO  : Checking for hwspec changes in the project design_1_wrapper_hw_platform_0.
16:00:42 INFO  : Successfully done setting SDK workspace  
16:02:13 INFO  : Refreshed build settings on project iic_test
16:08:05 INFO  : Connected to target on host '127.0.0.1' and port '3121'.
16:08:07 INFO  : 'targets -set -filter {jtag_cable_name =~ "Digilent Basys3 210183713039A" && level==0} -index 0' command is executed.
16:08:08 INFO  : FPGA configured successfully with bitstream "C:/MyFiles/PYNQ_Ball_and_Plate_Sysyem/vivado_proj/mb_2/ctrl.sdk/design_1_wrapper_hw_platform_0/download.bit"
16:08:38 INFO  : 'targets -set -filter {jtag_cable_name =~ "Digilent Basys3 210183713039A" && level==0} -index 0' command is executed.
16:08:38 INFO  : 'fpga -state' command is executed.
16:08:38 INFO  : Connected to target on host '127.0.0.1' and port '3121'.
16:08:38 INFO  : Jtag cable 'Digilent Basys3 210183713039A' is selected.
16:08:38 INFO  : 'jtag frequency' command is executed.
16:08:38 INFO  : 'configparams mdm-detect-bscan-mask 2' command is executed.
16:08:38 INFO  : Context for processor 'microblaze_0' is selected.
16:08:38 INFO  : Processor reset is completed for 'microblaze_0'.
16:08:38 INFO  : Context for processor 'microblaze_0' is selected.
16:08:38 INFO  : The application 'C:/MyFiles/PYNQ_Ball_and_Plate_Sysyem/vivado_proj/mb_2/ctrl.sdk/test/Debug/test.elf' is downloaded to processor 'microblaze_0'.
16:08:38 INFO  : ----------------XSDB Script----------------
connect -url tcp:127.0.0.1:3121
configparams mdm-detect-bscan-mask 2
targets -set -nocase -filter {name =~ "microblaze*#0" && bscan=="USER2"  && jtag_cable_name =~ "Digilent Basys3 210183713039A"} -index 0
rst -processor
targets -set -nocase -filter {name =~ "microblaze*#0" && bscan=="USER2"  && jtag_cable_name =~ "Digilent Basys3 210183713039A"} -index 0
dow C:/MyFiles/PYNQ_Ball_and_Plate_Sysyem/vivado_proj/mb_2/ctrl.sdk/test/Debug/test.elf
----------------End of Script----------------

16:08:39 INFO  : Memory regions updated for context MicroBlaze #0
16:08:39 INFO  : Memory regions updated for context MicroBlaze #0
16:08:39 INFO  : Context for processor 'microblaze_0' is selected.
16:08:39 INFO  : 'con' command is executed.
16:08:39 INFO  : ----------------XSDB Script (After Launch)----------------
targets -set -nocase -filter {name =~ "microblaze*#0" && bscan=="USER2"  && jtag_cable_name =~ "Digilent Basys3 210183713039A"} -index 0
con
----------------End of Script----------------

16:08:39 INFO  : Launch script is exported to file 'C:\MyFiles\PYNQ_Ball_and_Plate_Sysyem\vivado_proj\mb_2\ctrl.sdk\.sdk\launch_scripts\xilinx_c-c++_application_(system_debugger)\system_debugger_using_debug_test.elf_on_local.tcl'
16:08:48 INFO  : Disconnected from the channel tcfchan#1.
16:08:49 INFO  : 'targets -set -filter {jtag_cable_name =~ "Digilent Basys3 210183713039A" && level==0} -index 0' command is executed.
16:08:49 INFO  : 'fpga -state' command is executed.
16:08:49 INFO  : Connected to target on host '127.0.0.1' and port '3121'.
16:08:50 INFO  : Jtag cable 'Digilent Basys3 210183713039A' is selected.
16:08:50 INFO  : 'jtag frequency' command is executed.
16:08:50 INFO  : 'configparams mdm-detect-bscan-mask 2' command is executed.
16:08:50 INFO  : Context for processor 'microblaze_0' is selected.
16:08:50 INFO  : Processor reset is completed for 'microblaze_0'.
16:08:50 INFO  : Context for processor 'microblaze_0' is selected.
16:08:50 INFO  : The application 'C:/MyFiles/PYNQ_Ball_and_Plate_Sysyem/vivado_proj/mb_2/ctrl.sdk/iic_test/Debug/iic_test.elf' is downloaded to processor 'microblaze_0'.
16:08:50 INFO  : ----------------XSDB Script----------------
connect -url tcp:127.0.0.1:3121
configparams mdm-detect-bscan-mask 2
targets -set -nocase -filter {name =~ "microblaze*#0" && bscan=="USER2"  && jtag_cable_name =~ "Digilent Basys3 210183713039A"} -index 0
rst -processor
targets -set -nocase -filter {name =~ "microblaze*#0" && bscan=="USER2"  && jtag_cable_name =~ "Digilent Basys3 210183713039A"} -index 0
dow C:/MyFiles/PYNQ_Ball_and_Plate_Sysyem/vivado_proj/mb_2/ctrl.sdk/iic_test/Debug/iic_test.elf
----------------End of Script----------------

16:08:50 INFO  : Memory regions updated for context MicroBlaze #0
16:08:50 INFO  : Memory regions updated for context MicroBlaze #0
16:08:50 INFO  : Context for processor 'microblaze_0' is selected.
16:08:50 INFO  : 'con' command is executed.
16:08:50 INFO  : ----------------XSDB Script (After Launch)----------------
targets -set -nocase -filter {name =~ "microblaze*#0" && bscan=="USER2"  && jtag_cable_name =~ "Digilent Basys3 210183713039A"} -index 0
con
----------------End of Script----------------

16:08:50 INFO  : Launch script is exported to file 'C:\MyFiles\PYNQ_Ball_and_Plate_Sysyem\vivado_proj\mb_2\ctrl.sdk\.sdk\launch_scripts\xilinx_c-c++_application_(system_debugger)\system_debugger_using_debug_iic_test.elf_on_local.tcl'
16:13:20 INFO  : Disconnected from the channel tcfchan#2.
16:13:22 INFO  : 'targets -set -filter {jtag_cable_name =~ "Digilent Basys3 210183713039A" && level==0} -index 0' command is executed.
16:13:22 INFO  : 'fpga -state' command is executed.
16:13:22 INFO  : Connected to target on host '127.0.0.1' and port '3121'.
16:13:22 INFO  : Jtag cable 'Digilent Basys3 210183713039A' is selected.
16:13:22 INFO  : 'jtag frequency' command is executed.
16:13:22 INFO  : 'configparams mdm-detect-bscan-mask 2' command is executed.
16:13:22 INFO  : Context for processor 'microblaze_0' is selected.
16:13:22 INFO  : Processor reset is completed for 'microblaze_0'.
16:13:22 INFO  : Context for processor 'microblaze_0' is selected.
16:13:23 INFO  : The application 'C:/MyFiles/PYNQ_Ball_and_Plate_Sysyem/vivado_proj/mb_2/ctrl.sdk/iic_test/Debug/iic_test.elf' is downloaded to processor 'microblaze_0'.
16:13:23 INFO  : ----------------XSDB Script----------------
connect -url tcp:127.0.0.1:3121
configparams mdm-detect-bscan-mask 2
targets -set -nocase -filter {name =~ "microblaze*#0" && bscan=="USER2"  && jtag_cable_name =~ "Digilent Basys3 210183713039A"} -index 0
rst -processor
targets -set -nocase -filter {name =~ "microblaze*#0" && bscan=="USER2"  && jtag_cable_name =~ "Digilent Basys3 210183713039A"} -index 0
dow C:/MyFiles/PYNQ_Ball_and_Plate_Sysyem/vivado_proj/mb_2/ctrl.sdk/iic_test/Debug/iic_test.elf
----------------End of Script----------------

16:13:23 INFO  : Memory regions updated for context MicroBlaze #0
16:13:23 INFO  : Memory regions updated for context MicroBlaze #0
16:13:23 INFO  : Context for processor 'microblaze_0' is selected.
16:13:23 INFO  : 'con' command is executed.
16:13:23 INFO  : ----------------XSDB Script (After Launch)----------------
targets -set -nocase -filter {name =~ "microblaze*#0" && bscan=="USER2"  && jtag_cable_name =~ "Digilent Basys3 210183713039A"} -index 0
con
----------------End of Script----------------

16:13:23 INFO  : Launch script is exported to file 'C:\MyFiles\PYNQ_Ball_and_Plate_Sysyem\vivado_proj\mb_2\ctrl.sdk\.sdk\launch_scripts\xilinx_c-c++_application_(system_debugger)\system_debugger_using_debug_iic_test.elf_on_local.tcl'
16:16:25 INFO  : Disconnected from the channel tcfchan#3.
16:17:28 INFO  : 'targets -set -filter {jtag_cable_name =~ "Digilent Basys3 210183713039A" && level==0} -index 0' command is executed.
16:17:28 INFO  : 'fpga -state' command is executed.
16:17:28 INFO  : Connected to target on host '127.0.0.1' and port '3121'.
16:17:28 INFO  : Jtag cable 'Digilent Basys3 210183713039A' is selected.
16:17:28 INFO  : 'jtag frequency' command is executed.
16:17:28 INFO  : 'configparams mdm-detect-bscan-mask 2' command is executed.
16:17:28 INFO  : Context for processor 'microblaze_0' is selected.
16:17:28 INFO  : Processor reset is completed for 'microblaze_0'.
16:17:28 INFO  : Context for processor 'microblaze_0' is selected.
16:17:29 INFO  : The application 'C:/MyFiles/PYNQ_Ball_and_Plate_Sysyem/vivado_proj/mb_2/ctrl.sdk/iic_test/Debug/iic_test.elf' is downloaded to processor 'microblaze_0'.
16:17:29 INFO  : ----------------XSDB Script----------------
connect -url tcp:127.0.0.1:3121
configparams mdm-detect-bscan-mask 2
targets -set -nocase -filter {name =~ "microblaze*#0" && bscan=="USER2"  && jtag_cable_name =~ "Digilent Basys3 210183713039A"} -index 0
rst -processor
targets -set -nocase -filter {name =~ "microblaze*#0" && bscan=="USER2"  && jtag_cable_name =~ "Digilent Basys3 210183713039A"} -index 0
dow C:/MyFiles/PYNQ_Ball_and_Plate_Sysyem/vivado_proj/mb_2/ctrl.sdk/iic_test/Debug/iic_test.elf
----------------End of Script----------------

16:17:29 INFO  : Memory regions updated for context MicroBlaze #0
16:17:29 INFO  : Memory regions updated for context MicroBlaze #0
16:17:29 INFO  : Context for processor 'microblaze_0' is selected.
16:17:29 INFO  : 'con' command is executed.
16:17:29 INFO  : ----------------XSDB Script (After Launch)----------------
targets -set -nocase -filter {name =~ "microblaze*#0" && bscan=="USER2"  && jtag_cable_name =~ "Digilent Basys3 210183713039A"} -index 0
con
----------------End of Script----------------

16:17:29 INFO  : Launch script is exported to file 'C:\MyFiles\PYNQ_Ball_and_Plate_Sysyem\vivado_proj\mb_2\ctrl.sdk\.sdk\launch_scripts\xilinx_c-c++_application_(system_debugger)\system_debugger_using_debug_iic_test.elf_on_local.tcl'
16:20:29 INFO  : Disconnected from the channel tcfchan#4.
16:20:31 INFO  : 'targets -set -filter {jtag_cable_name =~ "Digilent Basys3 210183713039A" && level==0} -index 0' command is executed.
16:20:31 INFO  : 'fpga -state' command is executed.
16:20:31 INFO  : Connected to target on host '127.0.0.1' and port '3121'.
16:20:31 INFO  : Jtag cable 'Digilent Basys3 210183713039A' is selected.
16:20:31 INFO  : 'jtag frequency' command is executed.
16:20:31 INFO  : 'configparams mdm-detect-bscan-mask 2' command is executed.
16:20:31 INFO  : Context for processor 'microblaze_0' is selected.
16:20:31 INFO  : Processor reset is completed for 'microblaze_0'.
16:20:31 INFO  : Context for processor 'microblaze_0' is selected.
16:20:31 INFO  : The application 'C:/MyFiles/PYNQ_Ball_and_Plate_Sysyem/vivado_proj/mb_2/ctrl.sdk/iic_test/Debug/iic_test.elf' is downloaded to processor 'microblaze_0'.
16:20:31 INFO  : ----------------XSDB Script----------------
connect -url tcp:127.0.0.1:3121
configparams mdm-detect-bscan-mask 2
targets -set -nocase -filter {name =~ "microblaze*#0" && bscan=="USER2"  && jtag_cable_name =~ "Digilent Basys3 210183713039A"} -index 0
rst -processor
targets -set -nocase -filter {name =~ "microblaze*#0" && bscan=="USER2"  && jtag_cable_name =~ "Digilent Basys3 210183713039A"} -index 0
dow C:/MyFiles/PYNQ_Ball_and_Plate_Sysyem/vivado_proj/mb_2/ctrl.sdk/iic_test/Debug/iic_test.elf
----------------End of Script----------------

16:20:31 INFO  : Memory regions updated for context MicroBlaze #0
16:20:31 INFO  : Memory regions updated for context MicroBlaze #0
16:20:31 INFO  : Context for processor 'microblaze_0' is selected.
16:20:31 INFO  : 'con' command is executed.
16:20:31 INFO  : ----------------XSDB Script (After Launch)----------------
targets -set -nocase -filter {name =~ "microblaze*#0" && bscan=="USER2"  && jtag_cable_name =~ "Digilent Basys3 210183713039A"} -index 0
con
----------------End of Script----------------

16:20:31 INFO  : Launch script is exported to file 'C:\MyFiles\PYNQ_Ball_and_Plate_Sysyem\vivado_proj\mb_2\ctrl.sdk\.sdk\launch_scripts\xilinx_c-c++_application_(system_debugger)\system_debugger_using_debug_iic_test.elf_on_local.tcl'
16:22:32 INFO  : Disconnected from the channel tcfchan#5.
16:22:33 INFO  : 'targets -set -filter {jtag_cable_name =~ "Digilent Basys3 210183713039A" && level==0} -index 0' command is executed.
16:22:33 INFO  : 'fpga -state' command is executed.
16:22:33 INFO  : Connected to target on host '127.0.0.1' and port '3121'.
16:22:33 INFO  : Jtag cable 'Digilent Basys3 210183713039A' is selected.
16:22:33 INFO  : 'jtag frequency' command is executed.
16:22:33 INFO  : 'configparams mdm-detect-bscan-mask 2' command is executed.
16:22:33 INFO  : Context for processor 'microblaze_0' is selected.
16:22:33 INFO  : Processor reset is completed for 'microblaze_0'.
16:22:33 INFO  : Context for processor 'microblaze_0' is selected.
16:22:33 INFO  : The application 'C:/MyFiles/PYNQ_Ball_and_Plate_Sysyem/vivado_proj/mb_2/ctrl.sdk/iic_test/Debug/iic_test.elf' is downloaded to processor 'microblaze_0'.
16:22:33 INFO  : ----------------XSDB Script----------------
connect -url tcp:127.0.0.1:3121
configparams mdm-detect-bscan-mask 2
targets -set -nocase -filter {name =~ "microblaze*#0" && bscan=="USER2"  && jtag_cable_name =~ "Digilent Basys3 210183713039A"} -index 0
rst -processor
targets -set -nocase -filter {name =~ "microblaze*#0" && bscan=="USER2"  && jtag_cable_name =~ "Digilent Basys3 210183713039A"} -index 0
dow C:/MyFiles/PYNQ_Ball_and_Plate_Sysyem/vivado_proj/mb_2/ctrl.sdk/iic_test/Debug/iic_test.elf
----------------End of Script----------------

16:22:33 INFO  : Memory regions updated for context MicroBlaze #0
16:22:33 INFO  : Memory regions updated for context MicroBlaze #0
16:22:33 INFO  : Context for processor 'microblaze_0' is selected.
16:22:33 INFO  : 'con' command is executed.
16:22:33 INFO  : ----------------XSDB Script (After Launch)----------------
targets -set -nocase -filter {name =~ "microblaze*#0" && bscan=="USER2"  && jtag_cable_name =~ "Digilent Basys3 210183713039A"} -index 0
con
----------------End of Script----------------

16:22:33 INFO  : Launch script is exported to file 'C:\MyFiles\PYNQ_Ball_and_Plate_Sysyem\vivado_proj\mb_2\ctrl.sdk\.sdk\launch_scripts\xilinx_c-c++_application_(system_debugger)\system_debugger_using_debug_iic_test.elf_on_local.tcl'
16:23:07 INFO  : Disconnected from the channel tcfchan#6.
16:23:08 INFO  : 'targets -set -filter {jtag_cable_name =~ "Digilent Basys3 210183713039A" && level==0} -index 0' command is executed.
16:23:08 INFO  : 'fpga -state' command is executed.
16:23:08 INFO  : Connected to target on host '127.0.0.1' and port '3121'.
16:23:08 INFO  : Jtag cable 'Digilent Basys3 210183713039A' is selected.
16:23:08 INFO  : 'jtag frequency' command is executed.
16:23:08 INFO  : 'configparams mdm-detect-bscan-mask 2' command is executed.
16:23:08 INFO  : Context for processor 'microblaze_0' is selected.
16:23:08 INFO  : Processor reset is completed for 'microblaze_0'.
16:23:08 INFO  : Context for processor 'microblaze_0' is selected.
16:23:09 INFO  : The application 'C:/MyFiles/PYNQ_Ball_and_Plate_Sysyem/vivado_proj/mb_2/ctrl.sdk/iic_test/Debug/iic_test.elf' is downloaded to processor 'microblaze_0'.
16:23:09 INFO  : ----------------XSDB Script----------------
connect -url tcp:127.0.0.1:3121
configparams mdm-detect-bscan-mask 2
targets -set -nocase -filter {name =~ "microblaze*#0" && bscan=="USER2"  && jtag_cable_name =~ "Digilent Basys3 210183713039A"} -index 0
rst -processor
targets -set -nocase -filter {name =~ "microblaze*#0" && bscan=="USER2"  && jtag_cable_name =~ "Digilent Basys3 210183713039A"} -index 0
dow C:/MyFiles/PYNQ_Ball_and_Plate_Sysyem/vivado_proj/mb_2/ctrl.sdk/iic_test/Debug/iic_test.elf
----------------End of Script----------------

16:23:09 INFO  : Memory regions updated for context MicroBlaze #0
16:23:09 INFO  : Memory regions updated for context MicroBlaze #0
16:23:09 INFO  : Context for processor 'microblaze_0' is selected.
16:23:09 INFO  : 'con' command is executed.
16:23:09 INFO  : ----------------XSDB Script (After Launch)----------------
targets -set -nocase -filter {name =~ "microblaze*#0" && bscan=="USER2"  && jtag_cable_name =~ "Digilent Basys3 210183713039A"} -index 0
con
----------------End of Script----------------

16:23:09 INFO  : Launch script is exported to file 'C:\MyFiles\PYNQ_Ball_and_Plate_Sysyem\vivado_proj\mb_2\ctrl.sdk\.sdk\launch_scripts\xilinx_c-c++_application_(system_debugger)\system_debugger_using_debug_iic_test.elf_on_local.tcl'
16:25:58 INFO  : Disconnected from the channel tcfchan#7.
16:25:59 INFO  : 'targets -set -filter {jtag_cable_name =~ "Digilent Basys3 210183713039A" && level==0} -index 0' command is executed.
16:25:59 INFO  : 'fpga -state' command is executed.
16:26:00 INFO  : Connected to target on host '127.0.0.1' and port '3121'.
16:26:00 INFO  : Jtag cable 'Digilent Basys3 210183713039A' is selected.
16:26:00 INFO  : 'jtag frequency' command is executed.
16:26:00 INFO  : 'configparams mdm-detect-bscan-mask 2' command is executed.
16:26:00 INFO  : Context for processor 'microblaze_0' is selected.
16:26:00 INFO  : Processor reset is completed for 'microblaze_0'.
16:26:00 INFO  : Context for processor 'microblaze_0' is selected.
16:26:00 INFO  : The application 'C:/MyFiles/PYNQ_Ball_and_Plate_Sysyem/vivado_proj/mb_2/ctrl.sdk/iic_test/Debug/iic_test.elf' is downloaded to processor 'microblaze_0'.
16:26:00 INFO  : ----------------XSDB Script----------------
connect -url tcp:127.0.0.1:3121
configparams mdm-detect-bscan-mask 2
targets -set -nocase -filter {name =~ "microblaze*#0" && bscan=="USER2"  && jtag_cable_name =~ "Digilent Basys3 210183713039A"} -index 0
rst -processor
targets -set -nocase -filter {name =~ "microblaze*#0" && bscan=="USER2"  && jtag_cable_name =~ "Digilent Basys3 210183713039A"} -index 0
dow C:/MyFiles/PYNQ_Ball_and_Plate_Sysyem/vivado_proj/mb_2/ctrl.sdk/iic_test/Debug/iic_test.elf
----------------End of Script----------------

16:26:00 INFO  : Memory regions updated for context MicroBlaze #0
16:26:00 INFO  : Memory regions updated for context MicroBlaze #0
16:26:00 INFO  : Context for processor 'microblaze_0' is selected.
16:26:00 INFO  : 'con' command is executed.
16:26:00 INFO  : ----------------XSDB Script (After Launch)----------------
targets -set -nocase -filter {name =~ "microblaze*#0" && bscan=="USER2"  && jtag_cable_name =~ "Digilent Basys3 210183713039A"} -index 0
con
----------------End of Script----------------

16:26:00 INFO  : Launch script is exported to file 'C:\MyFiles\PYNQ_Ball_and_Plate_Sysyem\vivado_proj\mb_2\ctrl.sdk\.sdk\launch_scripts\xilinx_c-c++_application_(system_debugger)\system_debugger_using_debug_iic_test.elf_on_local.tcl'
16:26:42 INFO  : Disconnected from the channel tcfchan#8.
16:26:43 INFO  : 'targets -set -filter {jtag_cable_name =~ "Digilent Basys3 210183713039A" && level==0} -index 0' command is executed.
16:26:43 INFO  : 'fpga -state' command is executed.
16:26:43 INFO  : Connected to target on host '127.0.0.1' and port '3121'.
16:26:43 INFO  : Jtag cable 'Digilent Basys3 210183713039A' is selected.
16:26:43 INFO  : 'jtag frequency' command is executed.
16:26:43 INFO  : 'configparams mdm-detect-bscan-mask 2' command is executed.
16:26:43 INFO  : Context for processor 'microblaze_0' is selected.
16:26:43 INFO  : Processor reset is completed for 'microblaze_0'.
16:26:43 INFO  : Context for processor 'microblaze_0' is selected.
16:26:44 INFO  : The application 'C:/MyFiles/PYNQ_Ball_and_Plate_Sysyem/vivado_proj/mb_2/ctrl.sdk/iic_test/Debug/iic_test.elf' is downloaded to processor 'microblaze_0'.
16:26:44 INFO  : ----------------XSDB Script----------------
connect -url tcp:127.0.0.1:3121
configparams mdm-detect-bscan-mask 2
targets -set -nocase -filter {name =~ "microblaze*#0" && bscan=="USER2"  && jtag_cable_name =~ "Digilent Basys3 210183713039A"} -index 0
rst -processor
targets -set -nocase -filter {name =~ "microblaze*#0" && bscan=="USER2"  && jtag_cable_name =~ "Digilent Basys3 210183713039A"} -index 0
dow C:/MyFiles/PYNQ_Ball_and_Plate_Sysyem/vivado_proj/mb_2/ctrl.sdk/iic_test/Debug/iic_test.elf
----------------End of Script----------------

16:26:44 INFO  : Memory regions updated for context MicroBlaze #0
16:26:44 INFO  : Memory regions updated for context MicroBlaze #0
16:26:44 INFO  : Context for processor 'microblaze_0' is selected.
16:26:44 INFO  : 'con' command is executed.
16:26:44 INFO  : ----------------XSDB Script (After Launch)----------------
targets -set -nocase -filter {name =~ "microblaze*#0" && bscan=="USER2"  && jtag_cable_name =~ "Digilent Basys3 210183713039A"} -index 0
con
----------------End of Script----------------

16:26:44 INFO  : Launch script is exported to file 'C:\MyFiles\PYNQ_Ball_and_Plate_Sysyem\vivado_proj\mb_2\ctrl.sdk\.sdk\launch_scripts\xilinx_c-c++_application_(system_debugger)\system_debugger_using_debug_iic_test.elf_on_local.tcl'
16:31:15 INFO  : Disconnected from the channel tcfchan#9.
16:31:16 INFO  : 'targets -set -filter {jtag_cable_name =~ "Digilent Basys3 210183713039A" && level==0} -index 0' command is executed.
16:31:16 INFO  : 'fpga -state' command is executed.
16:31:16 INFO  : Connected to target on host '127.0.0.1' and port '3121'.
16:31:17 INFO  : Jtag cable 'Digilent Basys3 210183713039A' is selected.
16:31:17 INFO  : 'jtag frequency' command is executed.
16:31:17 INFO  : 'configparams mdm-detect-bscan-mask 2' command is executed.
16:31:17 INFO  : Context for processor 'microblaze_0' is selected.
16:31:17 INFO  : Processor reset is completed for 'microblaze_0'.
16:31:17 INFO  : Context for processor 'microblaze_0' is selected.
16:31:17 INFO  : The application 'C:/MyFiles/PYNQ_Ball_and_Plate_Sysyem/vivado_proj/mb_2/ctrl.sdk/iic_test/Debug/iic_test.elf' is downloaded to processor 'microblaze_0'.
16:31:17 INFO  : ----------------XSDB Script----------------
connect -url tcp:127.0.0.1:3121
configparams mdm-detect-bscan-mask 2
targets -set -nocase -filter {name =~ "microblaze*#0" && bscan=="USER2"  && jtag_cable_name =~ "Digilent Basys3 210183713039A"} -index 0
rst -processor
targets -set -nocase -filter {name =~ "microblaze*#0" && bscan=="USER2"  && jtag_cable_name =~ "Digilent Basys3 210183713039A"} -index 0
dow C:/MyFiles/PYNQ_Ball_and_Plate_Sysyem/vivado_proj/mb_2/ctrl.sdk/iic_test/Debug/iic_test.elf
----------------End of Script----------------

16:31:17 INFO  : Memory regions updated for context MicroBlaze #0
16:31:17 INFO  : Memory regions updated for context MicroBlaze #0
16:31:17 INFO  : Context for processor 'microblaze_0' is selected.
16:31:17 INFO  : 'con' command is executed.
16:31:17 INFO  : ----------------XSDB Script (After Launch)----------------
targets -set -nocase -filter {name =~ "microblaze*#0" && bscan=="USER2"  && jtag_cable_name =~ "Digilent Basys3 210183713039A"} -index 0
con
----------------End of Script----------------

16:31:17 INFO  : Launch script is exported to file 'C:\MyFiles\PYNQ_Ball_and_Plate_Sysyem\vivado_proj\mb_2\ctrl.sdk\.sdk\launch_scripts\xilinx_c-c++_application_(system_debugger)\system_debugger_using_debug_iic_test.elf_on_local.tcl'
17:26:26 INFO  : Disconnected from the channel tcfchan#10.
20:30:05 INFO  : Registering command handlers for SDK TCF services
20:30:06 INFO  : Launching XSCT server: xsct.bat -interactive C:\MyFiles\PYNQ_Ball_and_Plate_Sysyem\vivado_proj\mb_2\ctrl.sdk\temp_xsdb_launch_script.tcl
20:30:10 INFO  : XSCT server has started successfully.
20:30:10 INFO  : Successfully done setting XSCT server connection channel  
20:30:11 INFO  : Successfully done setting SDK workspace  
20:30:11 INFO  : Processing command line option -hwspec C:/MyFiles/PYNQ_Ball_and_Plate_Sysyem/vivado_proj/mb_2/ctrl.sdk/design_1_wrapper.hdf.
20:30:11 INFO  : Checking for hwspec changes in the project design_1_wrapper_hw_platform_0.
08:35:54 INFO  : Registering command handlers for SDK TCF services
08:35:55 INFO  : Launching XSCT server: xsct.bat -interactive C:\MyFiles\PYNQ_Ball_and_Plate_Sysyem\vivado_proj\mb_2\ctrl.sdk\temp_xsdb_launch_script.tcl
08:35:59 INFO  : XSCT server has started successfully.
08:36:00 INFO  : Successfully done setting XSCT server connection channel  
08:36:00 INFO  : Successfully done setting SDK workspace  
08:36:00 INFO  : Processing command line option -hwspec C:/MyFiles/PYNQ_Ball_and_Plate_Sysyem/vivado_proj/mb_2/ctrl.sdk/design_1_wrapper.hdf.
08:36:00 INFO  : Checking for hwspec changes in the project design_1_wrapper_hw_platform_0.
08:39:01 INFO  : Connected to target on host '127.0.0.1' and port '3121'.
08:39:01 INFO  : 'targets -set -filter {jtag_cable_name =~ "Digilent Basys3 210183713039A" && level==0} -index 0' command is executed.
08:39:02 INFO  : FPGA configured successfully with bitstream "C:/MyFiles/PYNQ_Ball_and_Plate_Sysyem/vivado_proj/mb_2/ctrl.sdk/design_1_wrapper_hw_platform_0/download.bit"
08:39:12 INFO  : 'targets -set -filter {jtag_cable_name =~ "Digilent Basys3 210183713039A" && level==0} -index 0' command is executed.
08:39:12 INFO  : 'fpga -state' command is executed.
08:39:12 INFO  : Connected to target on host '127.0.0.1' and port '3121'.
08:39:12 INFO  : Jtag cable 'Digilent Basys3 210183713039A' is selected.
08:39:12 INFO  : 'jtag frequency' command is executed.
08:39:12 INFO  : 'configparams mdm-detect-bscan-mask 2' command is executed.
08:39:12 INFO  : Context for processor 'microblaze_0' is selected.
08:39:12 INFO  : Processor reset is completed for 'microblaze_0'.
08:39:12 INFO  : Context for processor 'microblaze_0' is selected.
08:39:13 INFO  : The application 'C:/MyFiles/PYNQ_Ball_and_Plate_Sysyem/vivado_proj/mb_2/ctrl.sdk/iic_test/Debug/iic_test.elf' is downloaded to processor 'microblaze_0'.
08:39:13 INFO  : ----------------XSDB Script----------------
connect -url tcp:127.0.0.1:3121
configparams mdm-detect-bscan-mask 2
targets -set -nocase -filter {name =~ "microblaze*#0" && bscan=="USER2"  && jtag_cable_name =~ "Digilent Basys3 210183713039A"} -index 0
rst -processor
targets -set -nocase -filter {name =~ "microblaze*#0" && bscan=="USER2"  && jtag_cable_name =~ "Digilent Basys3 210183713039A"} -index 0
dow C:/MyFiles/PYNQ_Ball_and_Plate_Sysyem/vivado_proj/mb_2/ctrl.sdk/iic_test/Debug/iic_test.elf
----------------End of Script----------------

08:39:13 INFO  : Memory regions updated for context MicroBlaze #0
08:39:13 INFO  : Memory regions updated for context MicroBlaze #0
08:39:13 INFO  : Context for processor 'microblaze_0' is selected.
08:39:13 INFO  : 'con' command is executed.
08:39:13 INFO  : ----------------XSDB Script (After Launch)----------------
targets -set -nocase -filter {name =~ "microblaze*#0" && bscan=="USER2"  && jtag_cable_name =~ "Digilent Basys3 210183713039A"} -index 0
con
----------------End of Script----------------

08:39:13 INFO  : Launch script is exported to file 'C:\MyFiles\PYNQ_Ball_and_Plate_Sysyem\vivado_proj\mb_2\ctrl.sdk\.sdk\launch_scripts\xilinx_c-c++_application_(system_debugger)\system_debugger_using_debug_iic_test.elf_on_local.tcl'
08:44:21 INFO  : Disconnected from the channel tcfchan#1.
08:44:22 INFO  : 'targets -set -filter {jtag_cable_name =~ "Digilent Basys3 210183713039A" && level==0} -index 0' command is executed.
08:44:22 INFO  : 'fpga -state' command is executed.
08:44:22 INFO  : Connected to target on host '127.0.0.1' and port '3121'.
08:44:22 INFO  : Jtag cable 'Digilent Basys3 210183713039A' is selected.
08:44:22 INFO  : 'jtag frequency' command is executed.
08:44:22 INFO  : 'configparams mdm-detect-bscan-mask 2' command is executed.
08:44:22 INFO  : Context for processor 'microblaze_0' is selected.
08:44:22 INFO  : Processor reset is completed for 'microblaze_0'.
08:44:22 INFO  : Context for processor 'microblaze_0' is selected.
08:44:23 INFO  : The application 'C:/MyFiles/PYNQ_Ball_and_Plate_Sysyem/vivado_proj/mb_2/ctrl.sdk/iic_test/Debug/iic_test.elf' is downloaded to processor 'microblaze_0'.
08:44:23 INFO  : ----------------XSDB Script----------------
connect -url tcp:127.0.0.1:3121
configparams mdm-detect-bscan-mask 2
targets -set -nocase -filter {name =~ "microblaze*#0" && bscan=="USER2"  && jtag_cable_name =~ "Digilent Basys3 210183713039A"} -index 0
rst -processor
targets -set -nocase -filter {name =~ "microblaze*#0" && bscan=="USER2"  && jtag_cable_name =~ "Digilent Basys3 210183713039A"} -index 0
dow C:/MyFiles/PYNQ_Ball_and_Plate_Sysyem/vivado_proj/mb_2/ctrl.sdk/iic_test/Debug/iic_test.elf
----------------End of Script----------------

08:44:23 INFO  : Memory regions updated for context MicroBlaze #0
08:44:23 INFO  : Memory regions updated for context MicroBlaze #0
08:44:23 INFO  : Context for processor 'microblaze_0' is selected.
08:44:23 INFO  : 'con' command is executed.
08:44:23 INFO  : ----------------XSDB Script (After Launch)----------------
targets -set -nocase -filter {name =~ "microblaze*#0" && bscan=="USER2"  && jtag_cable_name =~ "Digilent Basys3 210183713039A"} -index 0
con
----------------End of Script----------------

08:44:23 INFO  : Launch script is exported to file 'C:\MyFiles\PYNQ_Ball_and_Plate_Sysyem\vivado_proj\mb_2\ctrl.sdk\.sdk\launch_scripts\xilinx_c-c++_application_(system_debugger)\system_debugger_using_debug_iic_test.elf_on_local.tcl'
08:47:09 INFO  : Disconnected from the channel tcfchan#2.
08:47:10 INFO  : 'targets -set -filter {jtag_cable_name =~ "Digilent Basys3 210183713039A" && level==0} -index 0' command is executed.
08:47:10 INFO  : 'fpga -state' command is executed.
08:47:10 INFO  : Connected to target on host '127.0.0.1' and port '3121'.
08:47:10 INFO  : Jtag cable 'Digilent Basys3 210183713039A' is selected.
08:47:10 INFO  : 'jtag frequency' command is executed.
08:47:10 INFO  : 'configparams mdm-detect-bscan-mask 2' command is executed.
08:47:10 INFO  : Context for processor 'microblaze_0' is selected.
08:47:10 INFO  : Processor reset is completed for 'microblaze_0'.
08:47:10 INFO  : Context for processor 'microblaze_0' is selected.
08:47:10 INFO  : The application 'C:/MyFiles/PYNQ_Ball_and_Plate_Sysyem/vivado_proj/mb_2/ctrl.sdk/iic_test/Debug/iic_test.elf' is downloaded to processor 'microblaze_0'.
08:47:10 INFO  : ----------------XSDB Script----------------
connect -url tcp:127.0.0.1:3121
configparams mdm-detect-bscan-mask 2
targets -set -nocase -filter {name =~ "microblaze*#0" && bscan=="USER2"  && jtag_cable_name =~ "Digilent Basys3 210183713039A"} -index 0
rst -processor
targets -set -nocase -filter {name =~ "microblaze*#0" && bscan=="USER2"  && jtag_cable_name =~ "Digilent Basys3 210183713039A"} -index 0
dow C:/MyFiles/PYNQ_Ball_and_Plate_Sysyem/vivado_proj/mb_2/ctrl.sdk/iic_test/Debug/iic_test.elf
----------------End of Script----------------

08:47:10 INFO  : Memory regions updated for context MicroBlaze #0
08:47:10 INFO  : Memory regions updated for context MicroBlaze #0
08:47:10 INFO  : Context for processor 'microblaze_0' is selected.
08:47:10 INFO  : 'con' command is executed.
08:47:10 INFO  : ----------------XSDB Script (After Launch)----------------
targets -set -nocase -filter {name =~ "microblaze*#0" && bscan=="USER2"  && jtag_cable_name =~ "Digilent Basys3 210183713039A"} -index 0
con
----------------End of Script----------------

08:47:10 INFO  : Launch script is exported to file 'C:\MyFiles\PYNQ_Ball_and_Plate_Sysyem\vivado_proj\mb_2\ctrl.sdk\.sdk\launch_scripts\xilinx_c-c++_application_(system_debugger)\system_debugger_using_debug_iic_test.elf_on_local.tcl'
09:56:13 INFO  : Disconnected from the channel tcfchan#3.
12:56:46 INFO  : Registering command handlers for SDK TCF services
12:56:46 INFO  : Launching XSCT server: xsct.bat -interactive C:\MyFiles\PYNQ_Ball_and_Plate_Sysyem\vivado_proj\mb_2\ctrl.sdk\temp_xsdb_launch_script.tcl
12:56:50 INFO  : XSCT server has started successfully.
12:56:51 INFO  : Successfully done setting XSCT server connection channel  
12:56:51 INFO  : Processing command line option -hwspec C:/MyFiles/PYNQ_Ball_and_Plate_Sysyem/vivado_proj/mb_2/ctrl.sdk/design_1_wrapper.hdf.
12:56:51 INFO  : Checking for hwspec changes in the project design_1_wrapper_hw_platform_0.
12:56:51 INFO  : Successfully done setting SDK workspace  
13:00:02 INFO  : Connected to target on host '127.0.0.1' and port '3121'.
13:00:04 INFO  : 'targets -set -filter {jtag_cable_name =~ "Digilent Basys3 210183713039A" && level==0} -index 0' command is executed.
13:00:05 INFO  : FPGA configured successfully with bitstream "C:/MyFiles/PYNQ_Ball_and_Plate_Sysyem/vivado_proj/mb_2/ctrl.sdk/design_1_wrapper_hw_platform_0/download.bit"
13:00:25 INFO  : 'targets -set -filter {jtag_cable_name =~ "Digilent Basys3 210183713039A" && level==0} -index 0' command is executed.
13:00:25 INFO  : 'fpga -state' command is executed.
13:00:25 INFO  : Connected to target on host '127.0.0.1' and port '3121'.
13:00:25 INFO  : Jtag cable 'Digilent Basys3 210183713039A' is selected.
13:00:25 INFO  : 'jtag frequency' command is executed.
13:00:25 INFO  : 'configparams mdm-detect-bscan-mask 2' command is executed.
13:00:26 INFO  : Context for processor 'microblaze_0' is selected.
13:00:26 INFO  : Processor reset is completed for 'microblaze_0'.
13:00:26 INFO  : Context for processor 'microblaze_0' is selected.
13:00:26 INFO  : The application 'C:/MyFiles/PYNQ_Ball_and_Plate_Sysyem/vivado_proj/mb_2/ctrl.sdk/iic_test/Debug/iic_test.elf' is downloaded to processor 'microblaze_0'.
13:00:26 INFO  : ----------------XSDB Script----------------
connect -url tcp:127.0.0.1:3121
configparams mdm-detect-bscan-mask 2
targets -set -nocase -filter {name =~ "microblaze*#0" && bscan=="USER2"  && jtag_cable_name =~ "Digilent Basys3 210183713039A"} -index 0
rst -processor
targets -set -nocase -filter {name =~ "microblaze*#0" && bscan=="USER2"  && jtag_cable_name =~ "Digilent Basys3 210183713039A"} -index 0
dow C:/MyFiles/PYNQ_Ball_and_Plate_Sysyem/vivado_proj/mb_2/ctrl.sdk/iic_test/Debug/iic_test.elf
----------------End of Script----------------

13:00:26 INFO  : Memory regions updated for context MicroBlaze #0
13:00:26 INFO  : Memory regions updated for context MicroBlaze #0
13:00:26 INFO  : Context for processor 'microblaze_0' is selected.
13:00:26 INFO  : 'con' command is executed.
13:00:26 INFO  : ----------------XSDB Script (After Launch)----------------
targets -set -nocase -filter {name =~ "microblaze*#0" && bscan=="USER2"  && jtag_cable_name =~ "Digilent Basys3 210183713039A"} -index 0
con
----------------End of Script----------------

13:00:26 INFO  : Launch script is exported to file 'C:\MyFiles\PYNQ_Ball_and_Plate_Sysyem\vivado_proj\mb_2\ctrl.sdk\.sdk\launch_scripts\xilinx_c-c++_application_(system_debugger)\system_debugger_using_debug_iic_test.elf_on_local.tcl'
13:02:32 INFO  : Connected to target on host '127.0.0.1' and port '3121'.
13:02:32 INFO  : 'targets -set -filter {jtag_cable_name =~ "Digilent Basys3 210183713039A" && level==0} -index 0' command is executed.
13:02:34 INFO  : FPGA configured successfully with bitstream "C:/MyFiles/PYNQ_Ball_and_Plate_Sysyem/vivado_proj/mb_2/ctrl.sdk/design_1_wrapper_hw_platform_0/download.bit"
13:02:57 INFO  : Disconnected from the channel tcfchan#1.
13:02:58 INFO  : 'targets -set -filter {jtag_cable_name =~ "Digilent Basys3 210183713039A" && level==0} -index 0' command is executed.
13:02:58 INFO  : 'fpga -state' command is executed.
13:02:58 INFO  : Connected to target on host '127.0.0.1' and port '3121'.
13:02:58 INFO  : Jtag cable 'Digilent Basys3 210183713039A' is selected.
13:02:58 INFO  : 'jtag frequency' command is executed.
13:02:58 INFO  : 'configparams mdm-detect-bscan-mask 2' command is executed.
13:02:58 INFO  : Context for processor 'microblaze_0' is selected.
13:02:58 INFO  : Processor reset is completed for 'microblaze_0'.
13:02:58 INFO  : Context for processor 'microblaze_0' is selected.
13:02:59 INFO  : The application 'C:/MyFiles/PYNQ_Ball_and_Plate_Sysyem/vivado_proj/mb_2/ctrl.sdk/iic_test/Debug/iic_test.elf' is downloaded to processor 'microblaze_0'.
13:02:59 INFO  : ----------------XSDB Script----------------
connect -url tcp:127.0.0.1:3121
configparams mdm-detect-bscan-mask 2
targets -set -nocase -filter {name =~ "microblaze*#0" && bscan=="USER2"  && jtag_cable_name =~ "Digilent Basys3 210183713039A"} -index 0
rst -processor
targets -set -nocase -filter {name =~ "microblaze*#0" && bscan=="USER2"  && jtag_cable_name =~ "Digilent Basys3 210183713039A"} -index 0
dow C:/MyFiles/PYNQ_Ball_and_Plate_Sysyem/vivado_proj/mb_2/ctrl.sdk/iic_test/Debug/iic_test.elf
----------------End of Script----------------

13:02:59 INFO  : Memory regions updated for context MicroBlaze #0
13:02:59 INFO  : Memory regions updated for context MicroBlaze #0
13:02:59 INFO  : Context for processor 'microblaze_0' is selected.
13:02:59 INFO  : 'con' command is executed.
13:02:59 INFO  : ----------------XSDB Script (After Launch)----------------
targets -set -nocase -filter {name =~ "microblaze*#0" && bscan=="USER2"  && jtag_cable_name =~ "Digilent Basys3 210183713039A"} -index 0
con
----------------End of Script----------------

13:02:59 INFO  : Launch script is exported to file 'C:\MyFiles\PYNQ_Ball_and_Plate_Sysyem\vivado_proj\mb_2\ctrl.sdk\.sdk\launch_scripts\xilinx_c-c++_application_(system_debugger)\system_debugger_using_debug_iic_test.elf_on_local.tcl'
13:08:31 INFO  : Disconnected from the channel tcfchan#2.
13:08:32 INFO  : 'targets -set -filter {jtag_cable_name =~ "Digilent Basys3 210183713039A" && level==0} -index 0' command is executed.
13:08:32 INFO  : 'fpga -state' command is executed.
13:08:32 INFO  : Connected to target on host '127.0.0.1' and port '3121'.
13:08:32 INFO  : Jtag cable 'Digilent Basys3 210183713039A' is selected.
13:08:32 INFO  : 'jtag frequency' command is executed.
13:08:32 INFO  : 'configparams mdm-detect-bscan-mask 2' command is executed.
13:08:32 INFO  : Context for processor 'microblaze_0' is selected.
13:08:32 INFO  : Processor reset is completed for 'microblaze_0'.
13:08:32 INFO  : Context for processor 'microblaze_0' is selected.
13:08:33 INFO  : The application 'C:/MyFiles/PYNQ_Ball_and_Plate_Sysyem/vivado_proj/mb_2/ctrl.sdk/iic_test/Debug/iic_test.elf' is downloaded to processor 'microblaze_0'.
13:08:33 INFO  : ----------------XSDB Script----------------
connect -url tcp:127.0.0.1:3121
configparams mdm-detect-bscan-mask 2
targets -set -nocase -filter {name =~ "microblaze*#0" && bscan=="USER2"  && jtag_cable_name =~ "Digilent Basys3 210183713039A"} -index 0
rst -processor
targets -set -nocase -filter {name =~ "microblaze*#0" && bscan=="USER2"  && jtag_cable_name =~ "Digilent Basys3 210183713039A"} -index 0
dow C:/MyFiles/PYNQ_Ball_and_Plate_Sysyem/vivado_proj/mb_2/ctrl.sdk/iic_test/Debug/iic_test.elf
----------------End of Script----------------

13:08:33 INFO  : Memory regions updated for context MicroBlaze #0
13:08:33 INFO  : Memory regions updated for context MicroBlaze #0
13:08:33 INFO  : Context for processor 'microblaze_0' is selected.
13:08:33 INFO  : 'con' command is executed.
13:08:33 INFO  : ----------------XSDB Script (After Launch)----------------
targets -set -nocase -filter {name =~ "microblaze*#0" && bscan=="USER2"  && jtag_cable_name =~ "Digilent Basys3 210183713039A"} -index 0
con
----------------End of Script----------------

13:08:33 INFO  : Launch script is exported to file 'C:\MyFiles\PYNQ_Ball_and_Plate_Sysyem\vivado_proj\mb_2\ctrl.sdk\.sdk\launch_scripts\xilinx_c-c++_application_(system_debugger)\system_debugger_using_debug_iic_test.elf_on_local.tcl'
13:10:59 INFO  : Disconnected from the channel tcfchan#3.
13:11:00 INFO  : 'targets -set -filter {jtag_cable_name =~ "Digilent Basys3 210183713039A" && level==0} -index 0' command is executed.
13:11:00 INFO  : 'fpga -state' command is executed.
13:11:00 INFO  : Connected to target on host '127.0.0.1' and port '3121'.
13:11:00 INFO  : Jtag cable 'Digilent Basys3 210183713039A' is selected.
13:11:00 INFO  : 'jtag frequency' command is executed.
13:11:00 INFO  : 'configparams mdm-detect-bscan-mask 2' command is executed.
13:11:00 INFO  : Context for processor 'microblaze_0' is selected.
13:11:00 INFO  : Processor reset is completed for 'microblaze_0'.
13:11:00 INFO  : Context for processor 'microblaze_0' is selected.
13:11:01 INFO  : The application 'C:/MyFiles/PYNQ_Ball_and_Plate_Sysyem/vivado_proj/mb_2/ctrl.sdk/iic_test/Debug/iic_test.elf' is downloaded to processor 'microblaze_0'.
13:11:01 INFO  : ----------------XSDB Script----------------
connect -url tcp:127.0.0.1:3121
configparams mdm-detect-bscan-mask 2
targets -set -nocase -filter {name =~ "microblaze*#0" && bscan=="USER2"  && jtag_cable_name =~ "Digilent Basys3 210183713039A"} -index 0
rst -processor
targets -set -nocase -filter {name =~ "microblaze*#0" && bscan=="USER2"  && jtag_cable_name =~ "Digilent Basys3 210183713039A"} -index 0
dow C:/MyFiles/PYNQ_Ball_and_Plate_Sysyem/vivado_proj/mb_2/ctrl.sdk/iic_test/Debug/iic_test.elf
----------------End of Script----------------

13:11:01 INFO  : Memory regions updated for context MicroBlaze #0
13:11:01 INFO  : Memory regions updated for context MicroBlaze #0
13:11:01 INFO  : Context for processor 'microblaze_0' is selected.
13:11:01 INFO  : 'con' command is executed.
13:11:01 INFO  : ----------------XSDB Script (After Launch)----------------
targets -set -nocase -filter {name =~ "microblaze*#0" && bscan=="USER2"  && jtag_cable_name =~ "Digilent Basys3 210183713039A"} -index 0
con
----------------End of Script----------------

13:11:01 INFO  : Launch script is exported to file 'C:\MyFiles\PYNQ_Ball_and_Plate_Sysyem\vivado_proj\mb_2\ctrl.sdk\.sdk\launch_scripts\xilinx_c-c++_application_(system_debugger)\system_debugger_using_debug_iic_test.elf_on_local.tcl'
13:18:51 INFO  : Disconnected from the channel tcfchan#4.
13:18:52 INFO  : 'targets -set -filter {jtag_cable_name =~ "Digilent Basys3 210183713039A" && level==0} -index 0' command is executed.
13:18:52 INFO  : 'fpga -state' command is executed.
13:18:52 INFO  : Connected to target on host '127.0.0.1' and port '3121'.
13:18:52 INFO  : Jtag cable 'Digilent Basys3 210183713039A' is selected.
13:18:52 INFO  : 'jtag frequency' command is executed.
13:18:52 INFO  : 'configparams mdm-detect-bscan-mask 2' command is executed.
13:18:53 INFO  : Context for processor 'microblaze_0' is selected.
13:18:53 INFO  : Processor reset is completed for 'microblaze_0'.
13:18:53 INFO  : Context for processor 'microblaze_0' is selected.
13:18:53 INFO  : The application 'C:/MyFiles/PYNQ_Ball_and_Plate_Sysyem/vivado_proj/mb_2/ctrl.sdk/iic_test/Debug/iic_test.elf' is downloaded to processor 'microblaze_0'.
13:18:53 INFO  : ----------------XSDB Script----------------
connect -url tcp:127.0.0.1:3121
configparams mdm-detect-bscan-mask 2
targets -set -nocase -filter {name =~ "microblaze*#0" && bscan=="USER2"  && jtag_cable_name =~ "Digilent Basys3 210183713039A"} -index 0
rst -processor
targets -set -nocase -filter {name =~ "microblaze*#0" && bscan=="USER2"  && jtag_cable_name =~ "Digilent Basys3 210183713039A"} -index 0
dow C:/MyFiles/PYNQ_Ball_and_Plate_Sysyem/vivado_proj/mb_2/ctrl.sdk/iic_test/Debug/iic_test.elf
----------------End of Script----------------

13:18:53 INFO  : Memory regions updated for context MicroBlaze #0
13:18:53 INFO  : Memory regions updated for context MicroBlaze #0
13:18:53 INFO  : Context for processor 'microblaze_0' is selected.
13:18:53 INFO  : 'con' command is executed.
13:18:53 INFO  : ----------------XSDB Script (After Launch)----------------
targets -set -nocase -filter {name =~ "microblaze*#0" && bscan=="USER2"  && jtag_cable_name =~ "Digilent Basys3 210183713039A"} -index 0
con
----------------End of Script----------------

13:18:53 INFO  : Launch script is exported to file 'C:\MyFiles\PYNQ_Ball_and_Plate_Sysyem\vivado_proj\mb_2\ctrl.sdk\.sdk\launch_scripts\xilinx_c-c++_application_(system_debugger)\system_debugger_using_debug_iic_test.elf_on_local.tcl'
13:22:40 INFO  : Disconnected from the channel tcfchan#5.
13:22:41 INFO  : 'targets -set -filter {jtag_cable_name =~ "Digilent Basys3 210183713039A" && level==0} -index 0' command is executed.
13:22:41 INFO  : 'fpga -state' command is executed.
13:22:41 INFO  : Connected to target on host '127.0.0.1' and port '3121'.
13:22:42 INFO  : Jtag cable 'Digilent Basys3 210183713039A' is selected.
13:22:42 INFO  : 'jtag frequency' command is executed.
13:22:42 INFO  : 'configparams mdm-detect-bscan-mask 2' command is executed.
13:22:42 INFO  : Context for processor 'microblaze_0' is selected.
13:22:42 INFO  : Processor reset is completed for 'microblaze_0'.
13:22:42 INFO  : Context for processor 'microblaze_0' is selected.
13:22:42 INFO  : The application 'C:/MyFiles/PYNQ_Ball_and_Plate_Sysyem/vivado_proj/mb_2/ctrl.sdk/iic_test/Debug/iic_test.elf' is downloaded to processor 'microblaze_0'.
13:22:42 INFO  : ----------------XSDB Script----------------
connect -url tcp:127.0.0.1:3121
configparams mdm-detect-bscan-mask 2
targets -set -nocase -filter {name =~ "microblaze*#0" && bscan=="USER2"  && jtag_cable_name =~ "Digilent Basys3 210183713039A"} -index 0
rst -processor
targets -set -nocase -filter {name =~ "microblaze*#0" && bscan=="USER2"  && jtag_cable_name =~ "Digilent Basys3 210183713039A"} -index 0
dow C:/MyFiles/PYNQ_Ball_and_Plate_Sysyem/vivado_proj/mb_2/ctrl.sdk/iic_test/Debug/iic_test.elf
----------------End of Script----------------

13:22:42 INFO  : Memory regions updated for context MicroBlaze #0
13:22:42 INFO  : Memory regions updated for context MicroBlaze #0
13:22:42 INFO  : Context for processor 'microblaze_0' is selected.
13:22:42 INFO  : 'con' command is executed.
13:22:42 INFO  : ----------------XSDB Script (After Launch)----------------
targets -set -nocase -filter {name =~ "microblaze*#0" && bscan=="USER2"  && jtag_cable_name =~ "Digilent Basys3 210183713039A"} -index 0
con
----------------End of Script----------------

13:22:42 INFO  : Launch script is exported to file 'C:\MyFiles\PYNQ_Ball_and_Plate_Sysyem\vivado_proj\mb_2\ctrl.sdk\.sdk\launch_scripts\xilinx_c-c++_application_(system_debugger)\system_debugger_using_debug_iic_test.elf_on_local.tcl'
13:32:10 INFO  : Disconnected from the channel tcfchan#6.
13:32:31 INFO  : Registering command handlers for SDK TCF services
13:32:32 INFO  : Launching XSCT server: xsct.bat -interactive C:\MyFiles\PYNQ_Ball_and_Plate_Sysyem\vivado_proj\mb_2\ctrl.sdk\temp_xsdb_launch_script.tcl
13:32:37 INFO  : XSCT server has started successfully.
13:32:38 INFO  : Processing command line option -hwspec C:/MyFiles/PYNQ_Ball_and_Plate_Sysyem/vivado_proj/mb_2/ctrl.sdk/design_1_wrapper.hdf.
13:32:38 INFO  : Successfully done setting XSCT server connection channel  
13:32:38 INFO  : Checking for hwspec changes in the project design_1_wrapper_hw_platform_0.
13:32:40 INFO  : Successfully done setting SDK workspace  
20:26:41 INFO  : Registering command handlers for SDK TCF services
20:26:42 INFO  : Launching XSCT server: xsct.bat -interactive C:\MyFiles\PYNQ_Ball_and_Plate_Sysyem\vivado_proj\mb_2\ctrl.sdk\temp_xsdb_launch_script.tcl
20:26:46 INFO  : XSCT server has started successfully.
20:26:46 INFO  : Successfully done setting XSCT server connection channel  
20:26:46 INFO  : Successfully done setting SDK workspace  
15:42:40 INFO  : Registering command handlers for SDK TCF services
15:42:42 INFO  : Launching XSCT server: xsct.bat -interactive C:\MyFiles\PYNQ_Ball_and_Plate_Sysyem\vivado_proj\mb_2\ctrl.sdk\temp_xsdb_launch_script.tcl
15:42:46 INFO  : XSCT server has started successfully.
15:42:46 INFO  : Successfully done setting XSCT server connection channel  
15:42:46 INFO  : Processing command line option -hwspec C:/MyFiles/PYNQ_Ball_and_Plate_Sysyem/vivado_proj/mb_2/ctrl.sdk/design_1_wrapper.hdf.
15:42:46 INFO  : Successfully done setting SDK workspace  
15:42:46 INFO  : Checking for hwspec changes in the project design_1_wrapper_hw_platform_0.
15:43:37 INFO  : Registering command handlers for SDK TCF services
15:43:38 INFO  : Launching XSCT server: xsct.bat -interactive C:\MyFiles\PYNQ_Ball_and_Plate_Sysyem\vivado_proj\mb_2\ctrl.sdk\temp_xsdb_launch_script.tcl
15:43:42 INFO  : XSCT server has started successfully.
15:43:42 INFO  : Successfully done setting XSCT server connection channel  
15:43:42 INFO  : Successfully done setting SDK workspace  
15:43:42 INFO  : Processing command line option -hwspec C:/MyFiles/PYNQ_Ball_and_Plate_Sysyem/vivado_proj/mb_2/ctrl.sdk/design_1_wrapper.hdf.
15:43:42 INFO  : Checking for hwspec changes in the project design_1_wrapper_hw_platform_0.
15:46:53 INFO  : Registering command handlers for SDK TCF services
15:46:54 INFO  : Launching XSCT server: xsct.bat -interactive C:\MyFiles\PYNQ_Ball_and_Plate_Sysyem\vivado_proj\mb_2\ctrl.sdk\temp_xsdb_launch_script.tcl
15:46:58 INFO  : XSCT server has started successfully.
15:46:58 INFO  : Successfully done setting XSCT server connection channel  
15:46:59 INFO  : Successfully done setting SDK workspace  
15:46:59 INFO  : Processing command line option -hwspec C:/MyFiles/PYNQ_Ball_and_Plate_Sysyem/vivado_proj/mb_2/ctrl.sdk/design_1_wrapper.hdf.
15:46:59 INFO  : Checking for hwspec changes in the project design_1_wrapper_hw_platform_0.
16:16:19 INFO  : Connected to target on host '127.0.0.1' and port '3121'.
16:16:21 INFO  : 'targets -set -filter {jtag_cable_name =~ "Digilent Basys3 210183712713A" && level==0} -index 0' command is executed.
16:16:22 INFO  : FPGA configured successfully with bitstream "C:/MyFiles/PYNQ_Ball_and_Plate_Sysyem/vivado_proj/mb_2/ctrl.sdk/design_1_wrapper_hw_platform_0/download.bit"
16:17:39 INFO  : 'targets -set -filter {jtag_cable_name =~ "Digilent Basys3 210183712713A" && level==0} -index 0' command is executed.
16:17:39 INFO  : 'fpga -state' command is executed.
16:17:39 INFO  : Connected to target on host '127.0.0.1' and port '3121'.
16:17:40 INFO  : Jtag cable 'Digilent Basys3 210183712713A' is selected.
16:17:40 INFO  : 'jtag frequency' command is executed.
16:17:40 INFO  : 'configparams mdm-detect-bscan-mask 2' command is executed.
16:17:40 INFO  : Context for processor 'microblaze_0' is selected.
16:17:40 INFO  : Processor reset is completed for 'microblaze_0'.
16:17:40 INFO  : Context for processor 'microblaze_0' is selected.
16:17:40 INFO  : The application 'C:/MyFiles/PYNQ_Ball_and_Plate_Sysyem/vivado_proj/mb_2/ctrl.sdk/uart_test/Debug/uart_test.elf' is downloaded to processor 'microblaze_0'.
16:17:40 INFO  : ----------------XSDB Script----------------
connect -url tcp:127.0.0.1:3121
configparams mdm-detect-bscan-mask 2
targets -set -nocase -filter {name =~ "microblaze*#0" && bscan=="USER2"  && jtag_cable_name =~ "Digilent Basys3 210183712713A"} -index 0
rst -processor
targets -set -nocase -filter {name =~ "microblaze*#0" && bscan=="USER2"  && jtag_cable_name =~ "Digilent Basys3 210183712713A"} -index 0
dow C:/MyFiles/PYNQ_Ball_and_Plate_Sysyem/vivado_proj/mb_2/ctrl.sdk/uart_test/Debug/uart_test.elf
----------------End of Script----------------

16:17:40 INFO  : Memory regions updated for context PA
16:17:40 INFO  : Memory regions updated for context MicroBlaze Debug Module at USER2
16:17:40 INFO  : Context for processor 'microblaze_0' is selected.
16:17:40 INFO  : 'con' command is executed.
16:17:40 INFO  : ----------------XSDB Script (After Launch)----------------
targets -set -nocase -filter {name =~ "microblaze*#0" && bscan=="USER2"  && jtag_cable_name =~ "Digilent Basys3 210183712713A"} -index 0
con
----------------End of Script----------------

16:17:40 INFO  : Launch script is exported to file 'C:\MyFiles\PYNQ_Ball_and_Plate_Sysyem\vivado_proj\mb_2\ctrl.sdk\.sdk\launch_scripts\xilinx_c-c++_application_(system_debugger)\system_debugger_using_debug_uart_test.elf_on_local.tcl'
16:24:06 INFO  : Disconnected from the channel tcfchan#1.
16:24:07 INFO  : 'targets -set -filter {jtag_cable_name =~ "Digilent Basys3 210183712713A" && level==0} -index 0' command is executed.
16:24:07 INFO  : 'fpga -state' command is executed.
16:24:07 INFO  : Connected to target on host '127.0.0.1' and port '3121'.
16:24:07 INFO  : Jtag cable 'Digilent Basys3 210183712713A' is selected.
16:24:07 INFO  : 'jtag frequency' command is executed.
16:24:07 INFO  : 'configparams mdm-detect-bscan-mask 2' command is executed.
16:24:07 INFO  : Context for processor 'microblaze_0' is selected.
16:24:07 INFO  : Processor reset is completed for 'microblaze_0'.
16:24:07 INFO  : Context for processor 'microblaze_0' is selected.
16:24:07 INFO  : The application 'C:/MyFiles/PYNQ_Ball_and_Plate_Sysyem/vivado_proj/mb_2/ctrl.sdk/uart_test/Debug/uart_test.elf' is downloaded to processor 'microblaze_0'.
16:24:07 INFO  : ----------------XSDB Script----------------
connect -url tcp:127.0.0.1:3121
configparams mdm-detect-bscan-mask 2
targets -set -nocase -filter {name =~ "microblaze*#0" && bscan=="USER2"  && jtag_cable_name =~ "Digilent Basys3 210183712713A"} -index 0
rst -processor
targets -set -nocase -filter {name =~ "microblaze*#0" && bscan=="USER2"  && jtag_cable_name =~ "Digilent Basys3 210183712713A"} -index 0
dow C:/MyFiles/PYNQ_Ball_and_Plate_Sysyem/vivado_proj/mb_2/ctrl.sdk/uart_test/Debug/uart_test.elf
----------------End of Script----------------

16:24:07 INFO  : Memory regions updated for context PA
16:24:07 INFO  : Memory regions updated for context MicroBlaze Debug Module at USER2
16:24:07 INFO  : Context for processor 'microblaze_0' is selected.
16:24:07 INFO  : 'con' command is executed.
16:24:07 INFO  : ----------------XSDB Script (After Launch)----------------
targets -set -nocase -filter {name =~ "microblaze*#0" && bscan=="USER2"  && jtag_cable_name =~ "Digilent Basys3 210183712713A"} -index 0
con
----------------End of Script----------------

16:24:07 INFO  : Launch script is exported to file 'C:\MyFiles\PYNQ_Ball_and_Plate_Sysyem\vivado_proj\mb_2\ctrl.sdk\.sdk\launch_scripts\xilinx_c-c++_application_(system_debugger)\system_debugger_using_debug_uart_test.elf_on_local.tcl'
16:27:54 INFO  : Disconnected from the channel tcfchan#2.
16:27:55 INFO  : 'targets -set -filter {jtag_cable_name =~ "Digilent Basys3 210183712713A" && level==0} -index 0' command is executed.
16:27:55 INFO  : 'fpga -state' command is executed.
16:27:55 INFO  : Connected to target on host '127.0.0.1' and port '3121'.
16:27:55 INFO  : Jtag cable 'Digilent Basys3 210183712713A' is selected.
16:27:55 INFO  : 'jtag frequency' command is executed.
16:27:55 INFO  : 'configparams mdm-detect-bscan-mask 2' command is executed.
16:27:55 INFO  : Context for processor 'microblaze_0' is selected.
16:27:55 INFO  : Processor reset is completed for 'microblaze_0'.
16:27:55 INFO  : Context for processor 'microblaze_0' is selected.
16:27:55 INFO  : The application 'C:/MyFiles/PYNQ_Ball_and_Plate_Sysyem/vivado_proj/mb_2/ctrl.sdk/uart_test/Debug/uart_test.elf' is downloaded to processor 'microblaze_0'.
16:27:55 INFO  : ----------------XSDB Script----------------
connect -url tcp:127.0.0.1:3121
configparams mdm-detect-bscan-mask 2
targets -set -nocase -filter {name =~ "microblaze*#0" && bscan=="USER2"  && jtag_cable_name =~ "Digilent Basys3 210183712713A"} -index 0
rst -processor
targets -set -nocase -filter {name =~ "microblaze*#0" && bscan=="USER2"  && jtag_cable_name =~ "Digilent Basys3 210183712713A"} -index 0
dow C:/MyFiles/PYNQ_Ball_and_Plate_Sysyem/vivado_proj/mb_2/ctrl.sdk/uart_test/Debug/uart_test.elf
----------------End of Script----------------

16:27:55 INFO  : Memory regions updated for context PA
16:27:55 INFO  : Memory regions updated for context MicroBlaze Debug Module at USER2
16:27:55 INFO  : Context for processor 'microblaze_0' is selected.
16:27:55 INFO  : 'con' command is executed.
16:27:55 INFO  : ----------------XSDB Script (After Launch)----------------
targets -set -nocase -filter {name =~ "microblaze*#0" && bscan=="USER2"  && jtag_cable_name =~ "Digilent Basys3 210183712713A"} -index 0
con
----------------End of Script----------------

16:27:55 INFO  : Launch script is exported to file 'C:\MyFiles\PYNQ_Ball_and_Plate_Sysyem\vivado_proj\mb_2\ctrl.sdk\.sdk\launch_scripts\xilinx_c-c++_application_(system_debugger)\system_debugger_using_debug_uart_test.elf_on_local.tcl'
16:28:49 INFO  : Disconnected from the channel tcfchan#3.
16:28:50 INFO  : 'targets -set -filter {jtag_cable_name =~ "Digilent Basys3 210183712713A" && level==0} -index 0' command is executed.
16:28:50 INFO  : 'fpga -state' command is executed.
16:28:50 INFO  : Connected to target on host '127.0.0.1' and port '3121'.
16:28:50 INFO  : Jtag cable 'Digilent Basys3 210183712713A' is selected.
16:28:50 INFO  : 'jtag frequency' command is executed.
16:28:50 INFO  : 'configparams mdm-detect-bscan-mask 2' command is executed.
16:28:50 INFO  : Context for processor 'microblaze_0' is selected.
16:28:50 INFO  : Processor reset is completed for 'microblaze_0'.
16:28:50 INFO  : Context for processor 'microblaze_0' is selected.
16:28:50 INFO  : The application 'C:/MyFiles/PYNQ_Ball_and_Plate_Sysyem/vivado_proj/mb_2/ctrl.sdk/uart_test/Debug/uart_test.elf' is downloaded to processor 'microblaze_0'.
16:28:50 INFO  : ----------------XSDB Script----------------
connect -url tcp:127.0.0.1:3121
configparams mdm-detect-bscan-mask 2
targets -set -nocase -filter {name =~ "microblaze*#0" && bscan=="USER2"  && jtag_cable_name =~ "Digilent Basys3 210183712713A"} -index 0
rst -processor
targets -set -nocase -filter {name =~ "microblaze*#0" && bscan=="USER2"  && jtag_cable_name =~ "Digilent Basys3 210183712713A"} -index 0
dow C:/MyFiles/PYNQ_Ball_and_Plate_Sysyem/vivado_proj/mb_2/ctrl.sdk/uart_test/Debug/uart_test.elf
----------------End of Script----------------

16:28:50 INFO  : Memory regions updated for context PA
16:28:50 INFO  : Memory regions updated for context MicroBlaze Debug Module at USER2
16:28:50 INFO  : Context for processor 'microblaze_0' is selected.
16:28:50 INFO  : 'con' command is executed.
16:28:50 INFO  : ----------------XSDB Script (After Launch)----------------
targets -set -nocase -filter {name =~ "microblaze*#0" && bscan=="USER2"  && jtag_cable_name =~ "Digilent Basys3 210183712713A"} -index 0
con
----------------End of Script----------------

16:28:50 INFO  : Launch script is exported to file 'C:\MyFiles\PYNQ_Ball_and_Plate_Sysyem\vivado_proj\mb_2\ctrl.sdk\.sdk\launch_scripts\xilinx_c-c++_application_(system_debugger)\system_debugger_using_debug_uart_test.elf_on_local.tcl'
16:31:12 INFO  : Disconnected from the channel tcfchan#4.
16:31:14 INFO  : 'targets -set -filter {jtag_cable_name =~ "Digilent Basys3 210183712713A" && level==0} -index 0' command is executed.
16:31:14 INFO  : 'fpga -state' command is executed.
16:31:14 INFO  : Connected to target on host '127.0.0.1' and port '3121'.
16:31:14 INFO  : Jtag cable 'Digilent Basys3 210183712713A' is selected.
16:31:14 INFO  : 'jtag frequency' command is executed.
16:31:14 INFO  : 'configparams mdm-detect-bscan-mask 2' command is executed.
16:31:14 INFO  : Context for processor 'microblaze_0' is selected.
16:31:14 INFO  : Processor reset is completed for 'microblaze_0'.
16:31:14 INFO  : Context for processor 'microblaze_0' is selected.
16:31:14 INFO  : The application 'C:/MyFiles/PYNQ_Ball_and_Plate_Sysyem/vivado_proj/mb_2/ctrl.sdk/uart_test/Debug/uart_test.elf' is downloaded to processor 'microblaze_0'.
16:31:14 INFO  : ----------------XSDB Script----------------
connect -url tcp:127.0.0.1:3121
configparams mdm-detect-bscan-mask 2
targets -set -nocase -filter {name =~ "microblaze*#0" && bscan=="USER2"  && jtag_cable_name =~ "Digilent Basys3 210183712713A"} -index 0
rst -processor
targets -set -nocase -filter {name =~ "microblaze*#0" && bscan=="USER2"  && jtag_cable_name =~ "Digilent Basys3 210183712713A"} -index 0
dow C:/MyFiles/PYNQ_Ball_and_Plate_Sysyem/vivado_proj/mb_2/ctrl.sdk/uart_test/Debug/uart_test.elf
----------------End of Script----------------

16:31:14 INFO  : Memory regions updated for context PA
16:31:14 INFO  : Memory regions updated for context MicroBlaze Debug Module at USER2
16:31:14 INFO  : Context for processor 'microblaze_0' is selected.
16:31:14 INFO  : 'con' command is executed.
16:31:14 INFO  : ----------------XSDB Script (After Launch)----------------
targets -set -nocase -filter {name =~ "microblaze*#0" && bscan=="USER2"  && jtag_cable_name =~ "Digilent Basys3 210183712713A"} -index 0
con
----------------End of Script----------------

16:31:14 INFO  : Launch script is exported to file 'C:\MyFiles\PYNQ_Ball_and_Plate_Sysyem\vivado_proj\mb_2\ctrl.sdk\.sdk\launch_scripts\xilinx_c-c++_application_(system_debugger)\system_debugger_using_debug_uart_test.elf_on_local.tcl'
16:33:08 INFO  : Disconnected from the channel tcfchan#5.
16:33:09 INFO  : 'targets -set -filter {jtag_cable_name =~ "Digilent Basys3 210183712713A" && level==0} -index 0' command is executed.
16:33:09 INFO  : 'fpga -state' command is executed.
16:33:09 INFO  : Connected to target on host '127.0.0.1' and port '3121'.
16:33:09 INFO  : Jtag cable 'Digilent Basys3 210183712713A' is selected.
16:33:09 INFO  : 'jtag frequency' command is executed.
16:33:09 INFO  : 'configparams mdm-detect-bscan-mask 2' command is executed.
16:33:09 INFO  : Context for processor 'microblaze_0' is selected.
16:33:09 INFO  : Processor reset is completed for 'microblaze_0'.
16:33:09 INFO  : Context for processor 'microblaze_0' is selected.
16:33:09 INFO  : The application 'C:/MyFiles/PYNQ_Ball_and_Plate_Sysyem/vivado_proj/mb_2/ctrl.sdk/uart_test/Debug/uart_test.elf' is downloaded to processor 'microblaze_0'.
16:33:09 INFO  : ----------------XSDB Script----------------
connect -url tcp:127.0.0.1:3121
configparams mdm-detect-bscan-mask 2
targets -set -nocase -filter {name =~ "microblaze*#0" && bscan=="USER2"  && jtag_cable_name =~ "Digilent Basys3 210183712713A"} -index 0
rst -processor
targets -set -nocase -filter {name =~ "microblaze*#0" && bscan=="USER2"  && jtag_cable_name =~ "Digilent Basys3 210183712713A"} -index 0
dow C:/MyFiles/PYNQ_Ball_and_Plate_Sysyem/vivado_proj/mb_2/ctrl.sdk/uart_test/Debug/uart_test.elf
----------------End of Script----------------

16:33:10 INFO  : Memory regions updated for context PA
16:33:10 INFO  : Memory regions updated for context MicroBlaze Debug Module at USER2
16:33:10 INFO  : Context for processor 'microblaze_0' is selected.
16:33:10 INFO  : 'con' command is executed.
16:33:10 INFO  : ----------------XSDB Script (After Launch)----------------
targets -set -nocase -filter {name =~ "microblaze*#0" && bscan=="USER2"  && jtag_cable_name =~ "Digilent Basys3 210183712713A"} -index 0
con
----------------End of Script----------------

16:33:10 INFO  : Launch script is exported to file 'C:\MyFiles\PYNQ_Ball_and_Plate_Sysyem\vivado_proj\mb_2\ctrl.sdk\.sdk\launch_scripts\xilinx_c-c++_application_(system_debugger)\system_debugger_using_debug_uart_test.elf_on_local.tcl'
16:33:31 INFO  : Disconnected from the channel tcfchan#6.
16:33:32 INFO  : 'targets -set -filter {jtag_cable_name =~ "Digilent Basys3 210183712713A" && level==0} -index 0' command is executed.
16:33:32 INFO  : 'fpga -state' command is executed.
16:33:32 INFO  : Connected to target on host '127.0.0.1' and port '3121'.
16:33:32 INFO  : Jtag cable 'Digilent Basys3 210183712713A' is selected.
16:33:32 INFO  : 'jtag frequency' command is executed.
16:33:32 INFO  : 'configparams mdm-detect-bscan-mask 2' command is executed.
16:33:32 INFO  : Context for processor 'microblaze_0' is selected.
16:33:32 INFO  : Processor reset is completed for 'microblaze_0'.
16:33:32 INFO  : Context for processor 'microblaze_0' is selected.
16:33:32 INFO  : The application 'C:/MyFiles/PYNQ_Ball_and_Plate_Sysyem/vivado_proj/mb_2/ctrl.sdk/uart_test/Debug/uart_test.elf' is downloaded to processor 'microblaze_0'.
16:33:32 INFO  : ----------------XSDB Script----------------
connect -url tcp:127.0.0.1:3121
configparams mdm-detect-bscan-mask 2
targets -set -nocase -filter {name =~ "microblaze*#0" && bscan=="USER2"  && jtag_cable_name =~ "Digilent Basys3 210183712713A"} -index 0
rst -processor
targets -set -nocase -filter {name =~ "microblaze*#0" && bscan=="USER2"  && jtag_cable_name =~ "Digilent Basys3 210183712713A"} -index 0
dow C:/MyFiles/PYNQ_Ball_and_Plate_Sysyem/vivado_proj/mb_2/ctrl.sdk/uart_test/Debug/uart_test.elf
----------------End of Script----------------

16:33:32 INFO  : Memory regions updated for context PA
16:33:32 INFO  : Memory regions updated for context MicroBlaze Debug Module at USER2
16:33:33 INFO  : Context for processor 'microblaze_0' is selected.
16:33:33 INFO  : 'con' command is executed.
16:33:33 INFO  : ----------------XSDB Script (After Launch)----------------
targets -set -nocase -filter {name =~ "microblaze*#0" && bscan=="USER2"  && jtag_cable_name =~ "Digilent Basys3 210183712713A"} -index 0
con
----------------End of Script----------------

16:33:33 INFO  : Launch script is exported to file 'C:\MyFiles\PYNQ_Ball_and_Plate_Sysyem\vivado_proj\mb_2\ctrl.sdk\.sdk\launch_scripts\xilinx_c-c++_application_(system_debugger)\system_debugger_using_debug_uart_test.elf_on_local.tcl'
16:36:13 INFO  : Disconnected from the channel tcfchan#7.
16:36:15 INFO  : 'targets -set -filter {jtag_cable_name =~ "Digilent Basys3 210183712713A" && level==0} -index 0' command is executed.
16:36:15 INFO  : 'fpga -state' command is executed.
16:36:15 INFO  : Connected to target on host '127.0.0.1' and port '3121'.
16:36:15 INFO  : Jtag cable 'Digilent Basys3 210183712713A' is selected.
16:36:15 INFO  : 'jtag frequency' command is executed.
16:36:15 INFO  : 'configparams mdm-detect-bscan-mask 2' command is executed.
16:36:15 INFO  : Context for processor 'microblaze_0' is selected.
16:36:15 INFO  : Processor reset is completed for 'microblaze_0'.
16:36:15 INFO  : Context for processor 'microblaze_0' is selected.
16:36:15 INFO  : The application 'C:/MyFiles/PYNQ_Ball_and_Plate_Sysyem/vivado_proj/mb_2/ctrl.sdk/uart_test/Debug/uart_test.elf' is downloaded to processor 'microblaze_0'.
16:36:15 INFO  : ----------------XSDB Script----------------
connect -url tcp:127.0.0.1:3121
configparams mdm-detect-bscan-mask 2
targets -set -nocase -filter {name =~ "microblaze*#0" && bscan=="USER2"  && jtag_cable_name =~ "Digilent Basys3 210183712713A"} -index 0
rst -processor
targets -set -nocase -filter {name =~ "microblaze*#0" && bscan=="USER2"  && jtag_cable_name =~ "Digilent Basys3 210183712713A"} -index 0
dow C:/MyFiles/PYNQ_Ball_and_Plate_Sysyem/vivado_proj/mb_2/ctrl.sdk/uart_test/Debug/uart_test.elf
----------------End of Script----------------

16:36:15 INFO  : Memory regions updated for context PA
16:36:15 INFO  : Memory regions updated for context MicroBlaze Debug Module at USER2
16:36:15 INFO  : Context for processor 'microblaze_0' is selected.
16:36:15 INFO  : 'con' command is executed.
16:36:15 INFO  : ----------------XSDB Script (After Launch)----------------
targets -set -nocase -filter {name =~ "microblaze*#0" && bscan=="USER2"  && jtag_cable_name =~ "Digilent Basys3 210183712713A"} -index 0
con
----------------End of Script----------------

16:36:15 INFO  : Launch script is exported to file 'C:\MyFiles\PYNQ_Ball_and_Plate_Sysyem\vivado_proj\mb_2\ctrl.sdk\.sdk\launch_scripts\xilinx_c-c++_application_(system_debugger)\system_debugger_using_debug_uart_test.elf_on_local.tcl'
16:38:09 INFO  : Disconnected from the channel tcfchan#8.
16:38:10 INFO  : 'targets -set -filter {jtag_cable_name =~ "Digilent Basys3 210183712713A" && level==0} -index 0' command is executed.
16:38:10 INFO  : 'fpga -state' command is executed.
16:38:10 INFO  : Connected to target on host '127.0.0.1' and port '3121'.
16:38:10 INFO  : Jtag cable 'Digilent Basys3 210183712713A' is selected.
16:38:10 INFO  : 'jtag frequency' command is executed.
16:38:10 INFO  : 'configparams mdm-detect-bscan-mask 2' command is executed.
16:38:10 INFO  : Context for processor 'microblaze_0' is selected.
16:38:10 INFO  : Processor reset is completed for 'microblaze_0'.
16:38:10 INFO  : Context for processor 'microblaze_0' is selected.
16:38:10 INFO  : The application 'C:/MyFiles/PYNQ_Ball_and_Plate_Sysyem/vivado_proj/mb_2/ctrl.sdk/uart_test/Debug/uart_test.elf' is downloaded to processor 'microblaze_0'.
16:38:10 INFO  : ----------------XSDB Script----------------
connect -url tcp:127.0.0.1:3121
configparams mdm-detect-bscan-mask 2
targets -set -nocase -filter {name =~ "microblaze*#0" && bscan=="USER2"  && jtag_cable_name =~ "Digilent Basys3 210183712713A"} -index 0
rst -processor
targets -set -nocase -filter {name =~ "microblaze*#0" && bscan=="USER2"  && jtag_cable_name =~ "Digilent Basys3 210183712713A"} -index 0
dow C:/MyFiles/PYNQ_Ball_and_Plate_Sysyem/vivado_proj/mb_2/ctrl.sdk/uart_test/Debug/uart_test.elf
----------------End of Script----------------

16:38:11 INFO  : Memory regions updated for context PA
16:38:11 INFO  : Memory regions updated for context MicroBlaze Debug Module at USER2
16:38:11 INFO  : Context for processor 'microblaze_0' is selected.
16:38:11 INFO  : 'con' command is executed.
16:38:11 INFO  : ----------------XSDB Script (After Launch)----------------
targets -set -nocase -filter {name =~ "microblaze*#0" && bscan=="USER2"  && jtag_cable_name =~ "Digilent Basys3 210183712713A"} -index 0
con
----------------End of Script----------------

16:38:11 INFO  : Launch script is exported to file 'C:\MyFiles\PYNQ_Ball_and_Plate_Sysyem\vivado_proj\mb_2\ctrl.sdk\.sdk\launch_scripts\xilinx_c-c++_application_(system_debugger)\system_debugger_using_debug_uart_test.elf_on_local.tcl'
16:39:28 INFO  : Disconnected from the channel tcfchan#9.
16:39:29 INFO  : 'targets -set -filter {jtag_cable_name =~ "Digilent Basys3 210183712713A" && level==0} -index 0' command is executed.
16:39:29 INFO  : 'fpga -state' command is executed.
16:39:29 INFO  : Connected to target on host '127.0.0.1' and port '3121'.
16:39:29 INFO  : Jtag cable 'Digilent Basys3 210183712713A' is selected.
16:39:29 INFO  : 'jtag frequency' command is executed.
16:39:29 INFO  : 'configparams mdm-detect-bscan-mask 2' command is executed.
16:39:29 INFO  : Context for processor 'microblaze_0' is selected.
16:39:29 INFO  : Processor reset is completed for 'microblaze_0'.
16:39:29 INFO  : Context for processor 'microblaze_0' is selected.
16:39:29 INFO  : The application 'C:/MyFiles/PYNQ_Ball_and_Plate_Sysyem/vivado_proj/mb_2/ctrl.sdk/uart_test/Debug/uart_test.elf' is downloaded to processor 'microblaze_0'.
16:39:29 INFO  : ----------------XSDB Script----------------
connect -url tcp:127.0.0.1:3121
configparams mdm-detect-bscan-mask 2
targets -set -nocase -filter {name =~ "microblaze*#0" && bscan=="USER2"  && jtag_cable_name =~ "Digilent Basys3 210183712713A"} -index 0
rst -processor
targets -set -nocase -filter {name =~ "microblaze*#0" && bscan=="USER2"  && jtag_cable_name =~ "Digilent Basys3 210183712713A"} -index 0
dow C:/MyFiles/PYNQ_Ball_and_Plate_Sysyem/vivado_proj/mb_2/ctrl.sdk/uart_test/Debug/uart_test.elf
----------------End of Script----------------

16:39:29 INFO  : Memory regions updated for context PA
16:39:29 INFO  : Memory regions updated for context MicroBlaze Debug Module at USER2
16:39:29 INFO  : Context for processor 'microblaze_0' is selected.
16:39:29 INFO  : 'con' command is executed.
16:39:29 INFO  : ----------------XSDB Script (After Launch)----------------
targets -set -nocase -filter {name =~ "microblaze*#0" && bscan=="USER2"  && jtag_cable_name =~ "Digilent Basys3 210183712713A"} -index 0
con
----------------End of Script----------------

16:39:29 INFO  : Launch script is exported to file 'C:\MyFiles\PYNQ_Ball_and_Plate_Sysyem\vivado_proj\mb_2\ctrl.sdk\.sdk\launch_scripts\xilinx_c-c++_application_(system_debugger)\system_debugger_using_debug_uart_test.elf_on_local.tcl'
16:40:35 INFO  : Disconnected from the channel tcfchan#10.
