#-----------------------------------------------------------
# Webtalk v2018.2 (64-bit)
# SW Build 2258646 on Thu Jun 14 20:03:12 MDT 2018
# 
# Start of session at: Mon Sep  3 21:59:12 2018
# Process ID: 2288
# Current directory: C:/Users/admin/Documents/OneDriveLocal/FPGA_Learning/Code/ImageProcess/BALL_mb_new/BALL_mb_new.sdk/webtalk
# Command line: wbtcv.exe -mode batch -source sdk_webtalk.tcl
# Log file: C:/Users/admin/Documents/OneDriveLocal/FPGA_Learning/Code/ImageProcess/BALL_mb_new/BALL_mb_new.sdk/webtalk/webtalk.log
# Journal file: C:/Users/admin/Documents/OneDriveLocal/FPGA_Learning/Code/ImageProcess/BALL_mb_new/BALL_mb_new.sdk/webtalk\webtalk.jou
#-----------------------------------------------------------
source sdk_webtalk.tcl
# webtalk_init -webtalk_dir C:\\Users\\admin\\Documents\\OneDriveLocal\\FPGA_Learning\\Code\\ImageProcess\\BALL_mb_new\\BALL_mb_new.sdk\\webtalk
# webtalk_register_client -client project
# webtalk_add_data -client project -key date_generated -value "2018-09-03 21:59:11" -context "software_version_and_target_device"
# webtalk_add_data -client project -key product_version -value "SDK v2018.2" -context "software_version_and_target_device"
# webtalk_add_data -client project -key build_version -value "2018.2" -context "software_version_and_target_device"
# webtalk_add_data -client project -key os_platform -value "amd64" -context "software_version_and_target_device"
# webtalk_add_data -client project -key registration_id -value "" -context "software_version_and_target_device"
# webtalk_add_data -client project -key tool_flow -value "SDK" -context "software_version_and_target_device"
# webtalk_add_data -client project -key beta -value "false" -context "software_version_and_target_device"
# webtalk_add_data -client project -key route_design -value "NA" -context "software_version_and_target_device"
# webtalk_add_data -client project -key target_family -value "NA" -context "software_version_and_target_device"
# webtalk_add_data -client project -key target_device -value "NA" -context "software_version_and_target_device"
# webtalk_add_data -client project -key target_package -value "NA" -context "software_version_and_target_device"
# webtalk_add_data -client project -key target_speed -value "NA" -context "software_version_and_target_device"
# webtalk_add_data -client project -key random_id -value "lodg1l8h06is2gve3t426m04jk" -context "software_version_and_target_device"
# webtalk_add_data -client project -key project_id -value "2018.2_21" -context "software_version_and_target_device"
# webtalk_add_data -client project -key project_iteration -value "21" -context "software_version_and_target_device"
# webtalk_add_data -client project -key os_name -value "Microsoft Windows 8 or later , 64-bit" -context "user_environment"
# webtalk_add_data -client project -key os_release -value "major release  (build 9200)" -context "user_environment"
# webtalk_add_data -client project -key cpu_name -value "Intel(R) Core(TM) i5-7267U CPU @ 3.10GHz" -context "user_environment"
# webtalk_add_data -client project -key cpu_speed -value "3096 MHz" -context "user_environment"
# webtalk_add_data -client project -key total_processors -value "1" -context "user_environment"
# webtalk_add_data -client project -key system_ram -value "8.449 GB" -context "user_environment"
# webtalk_register_client -client sdk
# webtalk_add_data -client sdk -key uid -value "1535978854800" -context "sdk\\\\bsp/1535978854800"
# webtalk_add_data -client sdk -key hwid -value "1535033001986" -context "sdk\\\\bsp/1535978854800"
# webtalk_add_data -client sdk -key os -value "standalone" -context "sdk\\\\bsp/1535978854800"
# webtalk_add_data -client sdk -key apptemplate -value "null" -context "sdk\\\\bsp/1535978854800"
# webtalk_add_data -client sdk -key RecordType -value "BSPCreation" -context "sdk\\\\bsp/1535978854800"
# webtalk_add_data -client sdk -key uid -value "NA" -context "sdk\\\\bsp/1535983151478"
# webtalk_add_data -client sdk -key RecordType -value "ToolUsage" -context "sdk\\\\bsp/1535983151478"
# webtalk_add_data -client sdk -key BootgenCount -value "0" -context "sdk\\\\bsp/1535983151478"
# webtalk_add_data -client sdk -key DebugCount -value "2" -context "sdk\\\\bsp/1535983151478"
# webtalk_add_data -client sdk -key PerfCount -value "0" -context "sdk\\\\bsp/1535983151478"
# webtalk_add_data -client sdk -key FlashCount -value "0" -context "sdk\\\\bsp/1535983151478"
# webtalk_add_data -client sdk -key CrossTriggCount -value "0" -context "sdk\\\\bsp/1535983151478"
# webtalk_add_data -client sdk -key QemuDebugCount -value "0" -context "sdk\\\\bsp/1535983151478"
# webtalk_transmit -clientid 2556985481 -regid "" -xml C:\\Users\\admin\\Documents\\OneDriveLocal\\FPGA_Learning\\Code\\ImageProcess\\BALL_mb_new\\BALL_mb_new.sdk\\webtalk\\usage_statistics_ext_sdk.xml -html C:\\Users\\admin\\Documents\\OneDriveLocal\\FPGA_Learning\\Code\\ImageProcess\\BALL_mb_new\\BALL_mb_new.sdk\\webtalk\\usage_statistics_ext_sdk.html -wdm C:\\Users\\admin\\Documents\\OneDriveLocal\\FPGA_Learning\\Code\\ImageProcess\\BALL_mb_new\\BALL_mb_new.sdk\\webtalk\\sdk_webtalk.wdm -intro "<H3>SDK Usage Report</H3><BR>"
INFO: [Common 17-186] 'C:\Users\admin\Documents\OneDriveLocal\FPGA_Learning\Code\ImageProcess\BALL_mb_new\BALL_mb_new.sdk\webtalk\usage_statistics_ext_sdk.xml' has been successfully sent to Xilinx on Mon Sep  3 21:59:19 2018. For additional details about this file, please refer to the WebTalk help file at C:/Xilinx/SDK/2018.2/doc/webtalk_introduction.html.
# webtalk_terminate
INFO: [Common 17-206] Exiting Webtalk at Mon Sep  3 21:59:19 2018...
