#-----------------------------------------------------------
# Webtalk v2018.2 (64-bit)
# SW Build 2258646 on Thu Jun 14 20:03:12 MDT 2018
# 
# Start of session at: Tue Nov 20 10:52:09 2018
# Process ID: 12540
# Current directory: F:/dachuang/BALL_mb_new/BALL_mb_new.sdk/webtalk
# Command line: wbtcv.exe -mode batch -source sdk_webtalk.tcl
# Log file: F:/dachuang/BALL_mb_new/BALL_mb_new.sdk/webtalk/webtalk.log
# Journal file: F:/dachuang/BALL_mb_new/BALL_mb_new.sdk/webtalk\webtalk.jou
#-----------------------------------------------------------
source sdk_webtalk.tcl
# webtalk_init -webtalk_dir F:\\dachuang\\BALL_mb_new\\BALL_mb_new.sdk\\webtalk
# webtalk_register_client -client project
# webtalk_add_data -client project -key date_generated -value "2018-11-20 10:52:08" -context "software_version_and_target_device"
# webtalk_add_data -client project -key product_version -value "SDK v2018.2" -context "software_version_and_target_device"
# webtalk_add_data -client project -key build_version -value "2018.2" -context "software_version_and_target_device"
# webtalk_add_data -client project -key os_platform -value "amd64" -context "software_version_and_target_device"
# webtalk_add_data -client project -key registration_id -value "" -context "software_version_and_target_device"
# webtalk_add_data -client project -key tool_flow -value "SDK" -context "software_version_and_target_device"
# webtalk_add_data -client project -key beta -value "false" -context "software_version_and_target_device"
# webtalk_add_data -client project -key route_design -value "NA" -context "software_version_and_target_device"
# webtalk_add_data -client project -key target_family -value "NA" -context "software_version_and_target_device"
# webtalk_add_data -client project -key target_device -value "NA" -context "software_version_and_target_device"
# webtalk_add_data -client project -key target_package -value "NA" -context "software_version_and_target_device"
# webtalk_add_data -client project -key target_speed -value "NA" -context "software_version_and_target_device"
# webtalk_add_data -client project -key random_id -value "f64itikmq82pi5vaq0of4f5uk1" -context "software_version_and_target_device"
# webtalk_add_data -client project -key project_id -value "2018.2_11" -context "software_version_and_target_device"
# webtalk_add_data -client project -key project_iteration -value "11" -context "software_version_and_target_device"
# webtalk_add_data -client project -key os_name -value "Microsoft Windows 8 or later , 64-bit" -context "user_environment"
# webtalk_add_data -client project -key os_release -value "major release  (build 9200)" -context "user_environment"
# webtalk_add_data -client project -key cpu_name -value "Intel(R) Core(TM) i7-4720HQ CPU @ 2.60GHz" -context "user_environment"
# webtalk_add_data -client project -key cpu_speed -value "2594 MHz" -context "user_environment"
# webtalk_add_data -client project -key total_processors -value "1" -context "user_environment"
# webtalk_add_data -client project -key system_ram -value "8.473 GB" -context "user_environment"
# webtalk_register_client -client sdk
# webtalk_add_data -client sdk -key uid -value "1542681794189" -context "sdk\\\\hardware/1542681794189"
# webtalk_add_data -client sdk -key isZynq -value "false" -context "sdk\\\\hardware/1542681794189"
# webtalk_add_data -client sdk -key isZynqMP -value "false" -context "sdk\\\\hardware/1542681794189"
# webtalk_add_data -client sdk -key Processors -value "1" -context "sdk\\\\hardware/1542681794189"
# webtalk_add_data -client sdk -key VivadoVersion -value "2018.2" -context "sdk\\\\hardware/1542681794189"
# webtalk_add_data -client sdk -key Arch -value "artix7" -context "sdk\\\\hardware/1542681794189"
# webtalk_add_data -client sdk -key Device -value "7a35t" -context "sdk\\\\hardware/1542681794189"
# webtalk_add_data -client sdk -key IsHandoff -value "true" -context "sdk\\\\hardware/1542681794189"
# webtalk_add_data -client sdk -key os -value "NA" -context "sdk\\\\hardware/1542681794189"
# webtalk_add_data -client sdk -key apptemplate -value "NA" -context "sdk\\\\hardware/1542681794189"
# webtalk_add_data -client sdk -key RecordType -value "HWCreation" -context "sdk\\\\hardware/1542681794189"
# webtalk_add_data -client sdk -key uid -value "NA" -context "sdk\\\\bsp/1542682328533"
# webtalk_add_data -client sdk -key RecordType -value "ToolUsage" -context "sdk\\\\bsp/1542682328533"
# webtalk_add_data -client sdk -key BootgenCount -value "0" -context "sdk\\\\bsp/1542682328533"
# webtalk_add_data -client sdk -key DebugCount -value "0" -context "sdk\\\\bsp/1542682328533"
# webtalk_add_data -client sdk -key PerfCount -value "0" -context "sdk\\\\bsp/1542682328533"
# webtalk_add_data -client sdk -key FlashCount -value "0" -context "sdk\\\\bsp/1542682328533"
# webtalk_add_data -client sdk -key CrossTriggCount -value "0" -context "sdk\\\\bsp/1542682328533"
# webtalk_add_data -client sdk -key QemuDebugCount -value "0" -context "sdk\\\\bsp/1542682328533"
# webtalk_transmit -clientid 2822582 -regid "" -xml F:\\dachuang\\BALL_mb_new\\BALL_mb_new.sdk\\webtalk\\usage_statistics_ext_sdk.xml -html F:\\dachuang\\BALL_mb_new\\BALL_mb_new.sdk\\webtalk\\usage_statistics_ext_sdk.html -wdm F:\\dachuang\\BALL_mb_new\\BALL_mb_new.sdk\\webtalk\\sdk_webtalk.wdm -intro "<H3>SDK Usage Report</H3><BR>"
INFO: [Common 17-186] 'F:\dachuang\BALL_mb_new\BALL_mb_new.sdk\webtalk\usage_statistics_ext_sdk.xml' has been successfully sent to Xilinx on Tue Nov 20 10:52:17 2018. For additional details about this file, please refer to the WebTalk help file at C:/Xilinx/SDK/2018.2/doc/webtalk_introduction.html.
webtalk_transmit: Time (s): cpu = 00:00:00 ; elapsed = 00:00:07 . Memory (MB): peak = 54.641 ; gain = 0.141
# webtalk_terminate
INFO: [Common 17-206] Exiting Webtalk at Tue Nov 20 10:52:17 2018...
